<?xml version="1.0" encoding="UTF-8"?>
<coverage generated="1724187563158" clover="3.2.0">
  <project timestamp="1724187563167" name="All files">
    <metrics statements="713" coveredstatements="660" conditionals="268" coveredconditionals="237" methods="74" coveredmethods="66" elements="1055" coveredelements="963" complexity="0" loc="713" ncloc="713" packages="9" files="53" classes="53"/>
    <package name="server">
      <metrics statements="17" coveredstatements="17" conditionals="0" coveredconditionals="0" methods="0" coveredmethods="0"/>
      <file name="app.js" path="C:\Users\Amoo\Desktop\Portfolio\PrimeMarket\server\app.js">
        <metrics statements="17" coveredstatements="17" conditionals="0" coveredconditionals="0" methods="0" coveredmethods="0"/>
        <line num="15" count="4" type="stmt"/>
        <line num="18" count="4" type="stmt"/>
        <line num="19" count="4" type="stmt"/>
        <line num="38" count="4" type="stmt"/>
        <line num="39" count="4" type="stmt"/>
        <line num="42" count="4" type="stmt"/>
        <line num="48" count="4" type="stmt"/>
        <line num="49" count="4" type="stmt"/>
        <line num="50" count="4" type="stmt"/>
        <line num="52" count="4" type="stmt"/>
        <line num="53" count="4" type="stmt"/>
        <line num="55" count="4" type="stmt"/>
        <line num="59" count="4" type="stmt"/>
        <line num="60" count="4" type="stmt"/>
        <line num="61" count="4" type="stmt"/>
        <line num="63" count="4" type="stmt"/>
        <line num="64" count="4" type="stmt"/>
      </file>
    </package>
    <package name="server.config">
      <metrics statements="21" coveredstatements="16" conditionals="4" coveredconditionals="2" methods="5" coveredmethods="3"/>
      <file name="allowedOrigins.js" path="C:\Users\Amoo\Desktop\Portfolio\PrimeMarket\server\config\allowedOrigins.js">
        <metrics statements="1" coveredstatements="1" conditionals="0" coveredconditionals="0" methods="0" coveredmethods="0"/>
        <line num="1" count="5" type="stmt"/>
      </file>
      <file name="cloudinary.js" path="C:\Users\Amoo\Desktop\Portfolio\PrimeMarket\server\config\cloudinary.js">
        <metrics statements="1" coveredstatements="1" conditionals="0" coveredconditionals="0" methods="0" coveredmethods="0"/>
        <line num="4" count="16" type="stmt"/>
      </file>
      <file name="corsOptions.js" path="C:\Users\Amoo\Desktop\Portfolio\PrimeMarket\server\config\corsOptions.js">
        <metrics statements="4" coveredstatements="3" conditionals="4" coveredconditionals="2" methods="1" coveredmethods="1"/>
        <line num="3" count="4" type="stmt"/>
        <line num="5" count="110" type="cond" truecount="2" falsecount="2"/>
        <line num="6" count="110" type="stmt"/>
        <line num="8" count="0" type="stmt"/>
      </file>
      <file name="db.js" path="C:\Users\Amoo\Desktop\Portfolio\PrimeMarket\server\config\db.js">
        <metrics statements="13" coveredstatements="9" conditionals="0" coveredconditionals="0" methods="4" coveredmethods="2"/>
        <line num="4" count="4" type="stmt"/>
        <line num="6" count="4" type="stmt"/>
        <line num="11" count="4" type="stmt"/>
        <line num="13" count="4" type="stmt"/>
        <line num="14" count="8" type="stmt"/>
        <line num="17" count="4" type="stmt"/>
        <line num="18" count="8" type="stmt"/>
        <line num="21" count="4" type="stmt"/>
        <line num="22" count="0" type="stmt"/>
        <line num="26" count="4" type="stmt"/>
        <line num="27" count="0" type="stmt"/>
        <line num="28" count="0" type="stmt"/>
        <line num="29" count="0" type="stmt"/>
      </file>
      <file name="roles.js" path="C:\Users\Amoo\Desktop\Portfolio\PrimeMarket\server\config\roles.js">
        <metrics statements="1" coveredstatements="1" conditionals="0" coveredconditionals="0" methods="0" coveredmethods="0"/>
        <line num="1" count="6" type="stmt"/>
      </file>
      <file name="trustedDomains.js" path="C:\Users\Amoo\Desktop\Portfolio\PrimeMarket\server\config\trustedDomains.js">
        <metrics statements="1" coveredstatements="1" conditionals="0" coveredconditionals="0" methods="0" coveredmethods="0"/>
        <line num="1" count="5" type="stmt"/>
      </file>
    </package>
    <package name="server.controllers">
      <metrics statements="433" coveredstatements="404" conditionals="194" coveredconditionals="175" methods="39" coveredmethods="34"/>
      <file name="cloudinaryControllers.js" path="C:\Users\Amoo\Desktop\Portfolio\PrimeMarket\server\controllers\cloudinaryControllers.js">
        <metrics statements="101" coveredstatements="100" conditionals="46" coveredconditionals="44" methods="7" coveredmethods="7"/>
        <line num="14" count="10" type="stmt"/>
        <line num="15" count="7" type="stmt"/>
        <line num="16" count="7" type="stmt"/>
        <line num="19" count="7" type="stmt"/>
        <line num="23" count="7" type="cond" truecount="2" falsecount="0"/>
        <line num="24" count="1" type="stmt"/>
        <line num="28" count="6" type="cond" truecount="2" falsecount="0"/>
        <line num="29" count="2" type="stmt"/>
        <line num="31" count="2" type="cond" truecount="2" falsecount="0"/>
        <line num="32" count="1" type="stmt"/>
        <line num="37" count="5" type="stmt"/>
        <line num="38" count="5" type="stmt"/>
        <line num="42" count="5" type="stmt"/>
        <line num="44" count="5" type="stmt"/>
        <line num="50" count="2" type="stmt"/>
        <line num="53" count="2" type="stmt"/>
        <line num="61" count="2" type="stmt"/>
        <line num="64" count="2" type="stmt"/>
        <line num="66" count="2" type="stmt"/>
        <line num="71" count="3" type="stmt"/>
        <line num="74" count="3" type="cond" truecount="1" falsecount="1"/>
        <line num="75" count="0" type="stmt"/>
        <line num="78" count="3" type="stmt"/>
        <line num="80" count="5" type="stmt"/>
        <line num="85" count="10" type="stmt"/>
        <line num="86" count="17" type="stmt"/>
        <line num="87" count="17" type="stmt"/>
        <line num="90" count="17" type="stmt"/>
        <line num="94" count="17" type="cond" truecount="2" falsecount="0"/>
        <line num="95" count="3" type="stmt"/>
        <line num="99" count="14" type="cond" truecount="2" falsecount="0"/>
        <line num="100" count="3" type="stmt"/>
        <line num="102" count="3" type="cond" truecount="1" falsecount="1"/>
        <line num="103" count="3" type="stmt"/>
        <line num="107" count="11" type="cond" truecount="2" falsecount="0"/>
        <line num="108" count="10" type="cond" truecount="2" falsecount="0"/>
        <line num="109" count="2" type="stmt"/>
        <line num="113" count="8" type="stmt"/>
        <line num="117" count="8" type="cond" truecount="2" falsecount="0"/>
        <line num="118" count="4" type="stmt"/>
        <line num="121" count="4" type="stmt"/>
        <line num="127" count="4" type="stmt"/>
        <line num="128" count="4" type="stmt"/>
        <line num="131" count="5" type="stmt"/>
        <line num="135" count="5" type="stmt"/>
        <line num="137" count="5" type="stmt"/>
        <line num="143" count="5" type="cond" truecount="2" falsecount="0"/>
        <line num="144" count="2" type="stmt"/>
        <line num="147" count="3" type="stmt"/>
        <line num="154" count="10" type="stmt"/>
        <line num="155" count="10" type="stmt"/>
        <line num="156" count="10" type="stmt"/>
        <line num="158" count="10" type="stmt"/>
        <line num="163" count="10" type="cond" truecount="4" falsecount="0"/>
        <line num="164" count="3" type="stmt"/>
        <line num="167" count="7" type="stmt"/>
        <line num="174" count="4" type="stmt"/>
        <line num="180" count="4" type="cond" truecount="2" falsecount="0"/>
        <line num="181" count="2" type="stmt"/>
        <line num="184" count="2" type="stmt"/>
        <line num="195" count="10" type="stmt"/>
        <line num="196" count="7" type="stmt"/>
        <line num="197" count="7" type="stmt"/>
        <line num="199" count="7" type="stmt"/>
        <line num="204" count="7" type="cond" truecount="4" falsecount="0"/>
        <line num="205" count="3" type="stmt"/>
        <line num="208" count="4" type="stmt"/>
        <line num="215" count="4" type="stmt"/>
        <line num="221" count="4" type="cond" truecount="2" falsecount="0"/>
        <line num="222" count="2" type="stmt"/>
        <line num="225" count="2" type="stmt"/>
        <line num="236" count="10" type="stmt"/>
        <line num="237" count="10" type="stmt"/>
        <line num="238" count="10" type="stmt"/>
        <line num="241" count="10" type="stmt"/>
        <line num="243" count="10" type="cond" truecount="2" falsecount="0"/>
        <line num="244" count="5" type="stmt"/>
        <line num="250" count="5" type="stmt"/>
        <line num="255" count="5" type="cond" truecount="2" falsecount="0"/>
        <line num="258" count="2" type="stmt"/>
        <line num="261" count="3" type="stmt"/>
        <line num="265" count="10" type="stmt"/>
        <line num="266" count="9" type="stmt"/>
        <line num="267" count="9" type="stmt"/>
        <line num="270" count="9" type="stmt"/>
        <line num="272" count="9" type="cond" truecount="2" falsecount="0"/>
        <line num="273" count="5" type="stmt"/>
        <line num="279" count="4" type="stmt"/>
        <line num="285" count="4" type="cond" truecount="2" falsecount="0"/>
        <line num="287" count="2" type="stmt"/>
        <line num="290" count="2" type="stmt"/>
        <line num="296" count="10" type="stmt"/>
        <line num="297" count="9" type="stmt"/>
        <line num="298" count="9" type="stmt"/>
        <line num="301" count="9" type="stmt"/>
        <line num="303" count="9" type="cond" truecount="2" falsecount="0"/>
        <line num="304" count="5" type="stmt"/>
        <line num="310" count="4" type="stmt"/>
        <line num="316" count="4" type="cond" truecount="2" falsecount="0"/>
        <line num="318" count="2" type="stmt"/>
        <line num="321" count="2" type="stmt"/>
      </file>
      <file name="privateControllers.js" path="C:\Users\Amoo\Desktop\Portfolio\PrimeMarket\server\controllers\privateControllers.js">
        <metrics statements="217" coveredstatements="217" conditionals="88" coveredconditionals="87" methods="19" coveredmethods="19"/>
        <line num="24" count="19" type="stmt"/>
        <line num="25" count="6" type="stmt"/>
        <line num="26" count="6" type="stmt"/>
        <line num="28" count="6" type="cond" truecount="2" falsecount="0"/>
        <line num="29" count="2" type="stmt"/>
        <line num="32" count="4" type="stmt"/>
        <line num="34" count="4" type="stmt"/>
        <line num="36" count="4" type="stmt"/>
        <line num="42" count="19" type="stmt"/>
        <line num="43" count="17" type="stmt"/>
        <line num="44" count="17" type="stmt"/>
        <line num="46" count="17" type="cond" truecount="2" falsecount="0"/>
        <line num="47" count="2" type="stmt"/>
        <line num="51" count="15" type="stmt"/>
        <line num="53" count="15" type="cond" truecount="2" falsecount="0"/>
        <line num="54" count="2" type="stmt"/>
        <line num="58" count="13" type="stmt"/>
        <line num="62" count="13" type="cond" truecount="2" falsecount="0"/>
        <line num="63" count="2" type="stmt"/>
        <line num="67" count="11" type="cond" truecount="2" falsecount="0"/>
        <line num="68" count="7" type="stmt"/>
        <line num="70" count="7" type="cond" truecount="2" falsecount="0"/>
        <line num="71" count="4" type="stmt"/>
        <line num="75" count="7" type="stmt"/>
        <line num="77" count="4" type="stmt"/>
        <line num="84" count="4" type="stmt"/>
        <line num="86" count="4" type="stmt"/>
        <line num="92" count="19" type="stmt"/>
        <line num="93" count="3" type="stmt"/>
        <line num="94" count="3" type="stmt"/>
        <line num="96" count="3" type="stmt"/>
        <line num="97" count="3" type="stmt"/>
        <line num="99" count="3" type="stmt"/>
        <line num="100" count="3" type="stmt"/>
        <line num="104" count="3" type="cond" truecount="2" falsecount="0"/>
        <line num="105" count="1" type="stmt"/>
        <line num="108" count="2" type="stmt"/>
        <line num="109" count="2" type="stmt"/>
        <line num="110" count="2" type="stmt"/>
        <line num="111" count="2" type="stmt"/>
        <line num="115" count="2" type="stmt"/>
        <line num="120" count="2" type="cond" truecount="2" falsecount="0"/>
        <line num="121" count="1" type="stmt"/>
        <line num="126" count="1" type="stmt"/>
        <line num="128" count="1" type="stmt"/>
        <line num="135" count="1" type="stmt"/>
        <line num="137" count="1" type="stmt"/>
        <line num="138" count="1" type="stmt"/>
        <line num="145" count="1" type="stmt"/>
        <line num="153" count="2" type="stmt"/>
        <line num="159" count="2" type="stmt"/>
        <line num="163" count="2" type="stmt"/>
        <line num="165" count="2" type="stmt"/>
        <line num="172" count="1" type="stmt"/>
        <line num="173" count="1" type="stmt"/>
        <line num="174" count="1" type="stmt"/>
        <line num="176" count="3" type="stmt"/>
        <line num="181" count="19" type="stmt"/>
        <line num="182" count="9" type="stmt"/>
        <line num="183" count="9" type="stmt"/>
        <line num="186" count="9" type="stmt"/>
        <line num="188" count="9" type="cond" truecount="2" falsecount="0"/>
        <line num="189" count="2" type="stmt"/>
        <line num="193" count="7" type="stmt"/>
        <line num="197" count="7" type="cond" truecount="2" falsecount="0"/>
        <line num="198" count="3" type="stmt"/>
        <line num="202" count="4" type="stmt"/>
        <line num="207" count="4" type="cond" truecount="2" falsecount="0"/>
        <line num="208" count="2" type="stmt"/>
        <line num="211" count="2" type="stmt"/>
        <line num="213" count="2" type="stmt"/>
        <line num="215" count="2" type="stmt"/>
        <line num="221" count="19" type="stmt"/>
        <line num="222" count="4" type="stmt"/>
        <line num="225" count="4" type="stmt"/>
        <line num="227" count="4" type="cond" truecount="4" falsecount="0"/>
        <line num="228" count="1" type="stmt"/>
        <line num="239" count="4" type="stmt"/>
        <line num="242" count="3" type="stmt"/>
        <line num="247" count="3" type="stmt"/>
        <line num="248" count="4" type="stmt"/>
        <line num="249" count="4" type="stmt"/>
        <line num="252" count="4" type="stmt"/>
        <line num="255" count="3" type="stmt"/>
        <line num="261" count="19" type="stmt"/>
        <line num="262" count="12" type="stmt"/>
        <line num="263" count="12" type="stmt"/>
        <line num="266" count="12" type="cond" truecount="2" falsecount="0"/>
        <line num="267" count="4" type="stmt"/>
        <line num="271" count="8" type="stmt"/>
        <line num="275" count="8" type="cond" truecount="2" falsecount="0"/>
        <line num="276" count="2" type="stmt"/>
        <line num="279" count="6" type="stmt"/>
        <line num="283" count="19" type="stmt"/>
        <line num="284" count="4" type="stmt"/>
        <line num="285" count="4" type="stmt"/>
        <line num="288" count="4" type="stmt"/>
        <line num="293" count="4" type="cond" truecount="2" falsecount="0"/>
        <line num="294" count="2" type="stmt"/>
        <line num="296" count="2" type="stmt"/>
        <line num="302" count="19" type="stmt"/>
        <line num="304" count="8" type="stmt"/>
        <line num="318" count="8" type="stmt"/>
        <line num="321" count="8" type="cond" truecount="2" falsecount="0"/>
        <line num="322" count="2" type="stmt"/>
        <line num="325" count="6" type="stmt"/>
        <line num="327" count="6" type="stmt"/>
        <line num="329" count="6" type="stmt"/>
        <line num="331" count="6" type="cond" truecount="2" falsecount="0"/>
        <line num="332" count="2" type="stmt"/>
        <line num="335" count="4" type="stmt"/>
        <line num="341" count="4" type="cond" truecount="2" falsecount="0"/>
        <line num="342" count="2" type="stmt"/>
        <line num="345" count="2" type="stmt"/>
        <line num="351" count="19" type="stmt"/>
        <line num="352" count="7" type="stmt"/>
        <line num="353" count="7" type="stmt"/>
        <line num="355" count="7" type="stmt"/>
        <line num="360" count="7" type="cond" truecount="4" falsecount="0"/>
        <line num="361" count="3" type="stmt"/>
        <line num="364" count="4" type="stmt"/>
        <line num="366" count="4" type="stmt"/>
        <line num="372" count="4" type="cond" truecount="2" falsecount="0"/>
        <line num="373" count="2" type="stmt"/>
        <line num="376" count="2" type="stmt"/>
        <line num="382" count="19" type="stmt"/>
        <line num="383" count="7" type="stmt"/>
        <line num="384" count="7" type="stmt"/>
        <line num="386" count="7" type="stmt"/>
        <line num="391" count="7" type="cond" truecount="4" falsecount="0"/>
        <line num="392" count="3" type="stmt"/>
        <line num="395" count="4" type="stmt"/>
        <line num="397" count="4" type="stmt"/>
        <line num="403" count="4" type="cond" truecount="2" falsecount="0"/>
        <line num="404" count="2" type="stmt"/>
        <line num="407" count="2" type="stmt"/>
        <line num="413" count="19" type="stmt"/>
        <line num="414" count="17" type="stmt"/>
        <line num="415" count="17" type="stmt"/>
        <line num="418" count="17" type="stmt"/>
        <line num="422" count="17" type="cond" truecount="2" falsecount="0"/>
        <line num="423" count="3" type="stmt"/>
        <line num="427" count="14" type="cond" truecount="2" falsecount="0"/>
        <line num="428" count="3" type="stmt"/>
        <line num="430" count="3" type="cond" truecount="1" falsecount="1"/>
        <line num="431" count="3" type="stmt"/>
        <line num="435" count="11" type="cond" truecount="2" falsecount="0"/>
        <line num="436" count="10" type="cond" truecount="2" falsecount="0"/>
        <line num="437" count="2" type="stmt"/>
        <line num="441" count="8" type="stmt"/>
        <line num="445" count="8" type="cond" truecount="2" falsecount="0"/>
        <line num="446" count="4" type="stmt"/>
        <line num="449" count="4" type="stmt"/>
        <line num="451" count="4" type="stmt"/>
        <line num="452" count="4" type="stmt"/>
        <line num="454" count="4" type="stmt"/>
        <line num="457" count="5" type="stmt"/>
        <line num="458" count="5" type="stmt"/>
        <line num="460" count="5" type="stmt"/>
        <line num="466" count="5" type="cond" truecount="2" falsecount="0"/>
        <line num="467" count="2" type="stmt"/>
        <line num="470" count="3" type="stmt"/>
        <line num="477" count="19" type="stmt"/>
        <line num="478" count="7" type="stmt"/>
        <line num="479" count="7" type="stmt"/>
        <line num="481" count="7" type="cond" truecount="2" falsecount="0"/>
        <line num="482" count="2" type="stmt"/>
        <line num="485" count="5" type="stmt"/>
        <line num="491" count="5" type="cond" truecount="2" falsecount="0"/>
        <line num="492" count="3" type="stmt"/>
        <line num="495" count="2" type="stmt"/>
        <line num="501" count="19" type="stmt"/>
        <line num="502" count="11" type="stmt"/>
        <line num="503" count="11" type="stmt"/>
        <line num="505" count="11" type="stmt"/>
        <line num="510" count="11" type="cond" truecount="2" falsecount="0"/>
        <line num="511" count="3" type="stmt"/>
        <line num="514" count="8" type="stmt"/>
        <line num="516" count="8" type="cond" truecount="2" falsecount="0"/>
        <line num="517" count="2" type="stmt"/>
        <line num="520" count="6" type="stmt"/>
        <line num="525" count="6" type="cond" truecount="2" falsecount="0"/>
        <line num="526" count="2" type="stmt"/>
        <line num="529" count="4" type="stmt"/>
        <line num="533" count="19" type="stmt"/>
        <line num="534" count="3" type="stmt"/>
        <line num="535" count="3" type="stmt"/>
        <line num="538" count="3" type="stmt"/>
        <line num="540" count="3" type="cond" truecount="2" falsecount="0"/>
        <line num="541" count="2" type="stmt"/>
        <line num="543" count="1" type="stmt"/>
        <line num="547" count="19" type="stmt"/>
        <line num="548" count="9" type="stmt"/>
        <line num="549" count="9" type="stmt"/>
        <line num="551" count="9" type="stmt"/>
        <line num="556" count="9" type="cond" truecount="2" falsecount="0"/>
        <line num="557" count="3" type="stmt"/>
        <line num="560" count="6" type="stmt"/>
        <line num="562" count="6" type="cond" truecount="2" falsecount="0"/>
        <line num="563" count="2" type="stmt"/>
        <line num="567" count="4" type="stmt"/>
        <line num="573" count="4" type="cond" truecount="2" falsecount="0"/>
        <line num="574" count="2" type="stmt"/>
        <line num="576" count="2" type="stmt"/>
        <line num="582" count="19" type="stmt"/>
        <line num="583" count="9" type="stmt"/>
        <line num="584" count="9" type="stmt"/>
        <line num="587" count="9" type="stmt"/>
        <line num="592" count="9" type="cond" truecount="2" falsecount="0"/>
        <line num="593" count="3" type="stmt"/>
        <line num="596" count="6" type="stmt"/>
        <line num="598" count="6" type="cond" truecount="2" falsecount="0"/>
        <line num="599" count="2" type="stmt"/>
        <line num="603" count="4" type="stmt"/>
        <line num="609" count="4" type="cond" truecount="2" falsecount="0"/>
        <line num="610" count="2" type="stmt"/>
        <line num="614" count="2" type="stmt"/>
      </file>
      <file name="protectedControllers.js" path="C:\Users\Amoo\Desktop\Portfolio\PrimeMarket\server\controllers\protectedControllers.js">
        <metrics statements="22" coveredstatements="21" conditionals="14" coveredconditionals="12" methods="2" coveredmethods="2"/>
        <line num="8" count="6" type="stmt"/>
        <line num="9" count="6" type="stmt"/>
        <line num="10" count="6" type="stmt"/>
        <line num="12" count="6" type="stmt"/>
        <line num="18" count="6" type="cond" truecount="2" falsecount="0"/>
        <line num="19" count="2" type="stmt"/>
        <line num="22" count="4" type="cond" truecount="4" falsecount="0"/>
        <line num="23" count="2" type="stmt"/>
        <line num="26" count="4" type="stmt"/>
        <line num="32" count="4" type="cond" truecount="1" falsecount="1"/>
        <line num="33" count="0" type="stmt"/>
        <line num="36" count="4" type="stmt"/>
        <line num="45" count="6" type="stmt"/>
        <line num="46" count="3" type="stmt"/>
        <line num="48" count="3" type="stmt"/>
        <line num="50" count="3" type="stmt"/>
        <line num="54" count="3" type="cond" truecount="2" falsecount="0"/>
        <line num="55" count="2" type="stmt"/>
        <line num="58" count="1" type="cond" truecount="3" falsecount="1"/>
        <line num="59" count="1" type="stmt"/>
        <line num="62" count="1" type="stmt"/>
        <line num="66" count="1" type="stmt"/>
      </file>
      <file name="publicControllers.js" path="C:\Users\Amoo\Desktop\Portfolio\PrimeMarket\server\controllers\publicControllers.js">
        <metrics statements="93" coveredstatements="66" conditionals="46" coveredconditionals="32" methods="11" coveredmethods="6"/>
        <line num="8" count="10" type="stmt"/>
        <line num="27" count="10" type="stmt"/>
        <line num="28" count="3" type="cond" truecount="2" falsecount="0"/>
        <line num="29" count="2" type="stmt"/>
        <line num="31" count="1" type="stmt"/>
        <line num="35" count="10" type="stmt"/>
        <line num="49" count="11" type="stmt"/>
        <line num="50" count="11" type="stmt"/>
        <line num="52" count="11" type="cond" truecount="2" falsecount="0"/>
        <line num="53" count="3" type="stmt"/>
        <line num="57" count="8" type="stmt"/>
        <line num="59" count="8" type="cond" truecount="2" falsecount="0"/>
        <line num="60" count="3" type="stmt"/>
        <line num="64" count="5" type="stmt"/>
        <line num="74" count="5" type="stmt"/>
        <line num="76" count="5" type="stmt"/>
        <line num="82" count="10" type="stmt"/>
        <line num="83" count="11" type="stmt"/>
        <line num="85" count="11" type="stmt"/>
        <line num="87" count="11" type="cond" truecount="2" falsecount="0"/>
        <line num="88" count="3" type="stmt"/>
        <line num="91" count="8" type="stmt"/>
        <line num="93" count="8" type="cond" truecount="2" falsecount="0"/>
        <line num="94" count="3" type="stmt"/>
        <line num="97" count="5" type="stmt"/>
        <line num="99" count="5" type="stmt"/>
        <line num="102" count="5" type="stmt"/>
        <line num="104" count="5" type="stmt"/>
        <line num="110" count="5" type="stmt"/>
        <line num="117" count="5" type="stmt"/>
        <line num="129" count="10" type="stmt"/>
        <line num="130" count="9" type="stmt"/>
        <line num="132" count="9" type="cond" truecount="2" falsecount="0"/>
        <line num="133" count="3" type="stmt"/>
        <line num="137" count="6" type="stmt"/>
        <line num="139" count="6" type="cond" truecount="2" falsecount="0"/>
        <line num="140" count="4" type="stmt"/>
        <line num="142" count="2" type="stmt"/>
        <line num="143" count="2" type="stmt"/>
        <line num="148" count="2" type="cond" truecount="1" falsecount="1"/>
        <line num="149" count="0" type="stmt"/>
        <line num="152" count="2" type="stmt"/>
        <line num="153" count="2" type="stmt"/>
        <line num="155" count="2" type="stmt"/>
        <line num="159" count="2" type="stmt"/>
        <line num="167" count="0" type="stmt"/>
        <line num="173" count="10" type="stmt"/>
        <line num="174" count="0" type="stmt"/>
        <line num="176" count="0" type="cond" truecount="0" falsecount="2"/>
        <line num="177" count="0" type="stmt"/>
        <line num="180" count="0" type="stmt"/>
        <line num="184" count="0" type="cond" truecount="0" falsecount="2"/>
        <line num="185" count="0" type="stmt"/>
        <line num="191" count="0" type="cond" truecount="0" falsecount="2"/>
        <line num="192" count="0" type="stmt"/>
        <line num="197" count="0" type="stmt"/>
        <line num="200" count="0" type="stmt"/>
        <line num="205" count="0" type="stmt"/>
        <line num="210" count="10" type="stmt"/>
        <line num="211" count="7" type="stmt"/>
        <line num="213" count="7" type="stmt"/>
        <line num="217" count="10" type="stmt"/>
        <line num="226" count="16" type="stmt"/>
        <line num="228" count="16" type="stmt"/>
        <line num="230" count="16" type="stmt"/>
        <line num="232" count="16" type="cond" truecount="2" falsecount="0"/>
        <line num="233" count="7" type="stmt"/>
        <line num="236" count="16" type="cond" truecount="1" falsecount="1"/>
        <line num="237" count="0" type="stmt"/>
        <line num="241" count="16" type="cond" truecount="5" falsecount="0"/>
        <line num="242" count="5" type="stmt"/>
        <line num="249" count="16" type="cond" truecount="5" falsecount="0"/>
        <line num="250" count="6" type="stmt"/>
        <line num="254" count="16" type="cond" truecount="1" falsecount="1"/>
        <line num="255" count="0" type="stmt"/>
        <line num="262" count="16" type="stmt"/>
        <line num="270" count="16" type="cond" truecount="2" falsecount="0"/>
        <line num="272" count="16" type="stmt"/>
        <line num="273" count="16" type="stmt"/>
        <line num="279" count="16" type="stmt"/>
        <line num="283" count="0" type="stmt"/>
        <line num="290" count="10" type="stmt"/>
        <line num="291" count="0" type="stmt"/>
        <line num="294" count="0" type="stmt"/>
        <line num="296" count="0" type="cond" truecount="0" falsecount="4"/>
        <line num="297" count="0" type="stmt"/>
        <line num="306" count="0" type="stmt"/>
        <line num="309" count="0" type="stmt"/>
        <line num="314" count="0" type="stmt"/>
        <line num="315" count="0" type="stmt"/>
        <line num="316" count="0" type="stmt"/>
        <line num="320" count="0" type="stmt"/>
        <line num="326" count="0" type="stmt"/>
      </file>
    </package>
    <package name="server.errors">
      <metrics statements="15" coveredstatements="15" conditionals="0" coveredconditionals="0" methods="8" coveredmethods="8"/>
      <file name="bad-request.js" path="C:\Users\Amoo\Desktop\Portfolio\PrimeMarket\server\errors\bad-request.js">
        <metrics statements="2" coveredstatements="2" conditionals="0" coveredconditionals="0" methods="1" coveredmethods="1"/>
        <line num="6" count="120" type="stmt"/>
        <line num="7" count="120" type="stmt"/>
      </file>
      <file name="convention-error.js" path="C:\Users\Amoo\Desktop\Portfolio\PrimeMarket\server\errors\convention-error.js">
        <metrics statements="2" coveredstatements="2" conditionals="0" coveredconditionals="0" methods="1" coveredmethods="1"/>
        <line num="6" count="6" type="stmt"/>
        <line num="7" count="6" type="stmt"/>
      </file>
      <file name="csrf-error.js" path="C:\Users\Amoo\Desktop\Portfolio\PrimeMarket\server\errors\csrf-error.js">
        <metrics statements="2" coveredstatements="2" conditionals="0" coveredconditionals="0" methods="1" coveredmethods="1"/>
        <line num="6" count="2" type="stmt"/>
        <line num="7" count="2" type="stmt"/>
      </file>
      <file name="custom-error.js" path="C:\Users\Amoo\Desktop\Portfolio\PrimeMarket\server\errors\custom-error.js">
        <metrics statements="1" coveredstatements="1" conditionals="0" coveredconditionals="0" methods="1" coveredmethods="1"/>
        <line num="3" count="181" type="stmt"/>
      </file>
      <file name="forbidden.js" path="C:\Users\Amoo\Desktop\Portfolio\PrimeMarket\server\errors\forbidden.js">
        <metrics statements="2" coveredstatements="2" conditionals="0" coveredconditionals="0" methods="1" coveredmethods="1"/>
        <line num="6" count="21" type="stmt"/>
        <line num="7" count="21" type="stmt"/>
      </file>
      <file name="index.js" path="C:\Users\Amoo\Desktop\Portfolio\PrimeMarket\server\errors\index.js">
        <metrics statements="0" coveredstatements="0" conditionals="0" coveredconditionals="0" methods="0" coveredmethods="0"/>
      </file>
      <file name="no-content.js" path="C:\Users\Amoo\Desktop\Portfolio\PrimeMarket\server\errors\no-content.js">
        <metrics statements="2" coveredstatements="2" conditionals="0" coveredconditionals="0" methods="1" coveredmethods="1"/>
        <line num="6" count="1" type="stmt"/>
        <line num="7" count="1" type="stmt"/>
      </file>
      <file name="not-found.js" path="C:\Users\Amoo\Desktop\Portfolio\PrimeMarket\server\errors\not-found.js">
        <metrics statements="2" coveredstatements="2" conditionals="0" coveredconditionals="0" methods="1" coveredmethods="1"/>
        <line num="6" count="14" type="stmt"/>
        <line num="7" count="14" type="stmt"/>
      </file>
      <file name="unauthenticated.js" path="C:\Users\Amoo\Desktop\Portfolio\PrimeMarket\server\errors\unauthenticated.js">
        <metrics statements="2" coveredstatements="2" conditionals="0" coveredconditionals="0" methods="1" coveredmethods="1"/>
        <line num="6" count="17" type="stmt"/>
        <line num="7" count="17" type="stmt"/>
      </file>
    </package>
    <package name="server.middleware">
      <metrics statements="53" coveredstatements="46" conditionals="26" coveredconditionals="21" methods="8" coveredmethods="7"/>
      <file name="credentials.js" path="C:\Users\Amoo\Desktop\Portfolio\PrimeMarket\server\middleware\credentials.js">
        <metrics statements="8" coveredstatements="8" conditionals="2" coveredconditionals="2" methods="1" coveredmethods="1"/>
        <line num="3" count="5" type="stmt"/>
        <line num="4" count="112" type="stmt"/>
        <line num="5" count="112" type="cond" truecount="2" falsecount="0"/>
        <line num="6" count="1" type="stmt"/>
        <line num="7" count="1" type="stmt"/>
        <line num="8" count="1" type="stmt"/>
        <line num="9" count="1" type="stmt"/>
        <line num="11" count="112" type="stmt"/>
      </file>
      <file name="errorHandler.js" path="C:\Users\Amoo\Desktop\Portfolio\PrimeMarket\server\middleware\errorHandler.js">
        <metrics statements="15" coveredstatements="8" conditionals="14" coveredconditionals="9" methods="2" coveredmethods="1"/>
        <line num="4" count="5" type="stmt"/>
        <line num="5" count="52" type="cond" truecount="2" falsecount="0"/>
        <line num="6" count="51" type="stmt"/>
        <line num="11" count="1" type="stmt"/>
        <line num="17" count="1" type="cond" truecount="1" falsecount="1"/>
        <line num="18" count="0" type="stmt"/>
        <line num="19" count="0" type="stmt"/>
        <line num="21" count="0" type="stmt"/>
        <line num="23" count="1" type="cond" truecount="2" falsecount="2"/>
        <line num="24" count="0" type="stmt"/>
        <line num="27" count="0" type="stmt"/>
        <line num="29" count="1" type="cond" truecount="1" falsecount="1"/>
        <line num="30" count="0" type="stmt"/>
        <line num="31" count="0" type="stmt"/>
        <line num="34" count="1" type="stmt"/>
      </file>
      <file name="notFound.js" path="C:\Users\Amoo\Desktop\Portfolio\PrimeMarket\server\middleware\notFound.js">
        <metrics statements="2" coveredstatements="2" conditionals="0" coveredconditionals="0" methods="1" coveredmethods="1"/>
        <line num="4" count="5" type="stmt"/>
        <line num="5" count="1" type="stmt"/>
      </file>
      <file name="privateAuth.js" path="C:\Users\Amoo\Desktop\Portfolio\PrimeMarket\server\middleware\privateAuth.js">
        <metrics statements="10" coveredstatements="10" conditionals="4" coveredconditionals="4" methods="1" coveredmethods="1"/>
        <line num="4" count="4" type="stmt"/>
        <line num="5" count="78" type="stmt"/>
        <line num="6" count="78" type="cond" truecount="4" falsecount="0"/>
        <line num="7" count="2" type="stmt"/>
        <line num="10" count="76" type="stmt"/>
        <line num="12" count="76" type="stmt"/>
        <line num="13" count="76" type="stmt"/>
        <line num="15" count="73" type="stmt"/>
        <line num="17" count="73" type="stmt"/>
        <line num="19" count="3" type="stmt"/>
      </file>
      <file name="protectedAuth.js" path="C:\Users\Amoo\Desktop\Portfolio\PrimeMarket\server\middleware\protectedAuth.js">
        <metrics statements="11" coveredstatements="11" conditionals="4" coveredconditionals="4" methods="1" coveredmethods="1"/>
        <line num="3" count="4" type="stmt"/>
        <line num="4" count="81" type="stmt"/>
        <line num="6" count="81" type="cond" truecount="4" falsecount="0"/>
        <line num="7" count="2" type="stmt"/>
        <line num="8" count="2" type="stmt"/>
        <line num="11" count="79" type="stmt"/>
        <line num="13" count="79" type="stmt"/>
        <line num="14" count="79" type="stmt"/>
        <line num="16" count="75" type="stmt"/>
        <line num="18" count="4" type="stmt"/>
        <line num="20" count="79" type="stmt"/>
      </file>
      <file name="validate.js" path="C:\Users\Amoo\Desktop\Portfolio\PrimeMarket\server\middleware\validate.js">
        <metrics statements="7" coveredstatements="7" conditionals="2" coveredconditionals="2" methods="2" coveredmethods="2"/>
        <line num="6" count="5" type="stmt"/>
        <line num="7" count="89" type="stmt"/>
        <line num="9" count="89" type="cond" truecount="2" falsecount="0"/>
        <line num="10" count="4" type="stmt"/>
        <line num="11" count="4" type="stmt"/>
        <line num="15" count="85" type="stmt"/>
        <line num="17" count="85" type="stmt"/>
      </file>
    </package>
    <package name="server.model">
      <metrics statements="24" coveredstatements="24" conditionals="6" coveredconditionals="5" methods="3" coveredmethods="3"/>
      <file name="Cart.js" path="C:\Users\Amoo\Desktop\Portfolio\PrimeMarket\server\model\Cart.js">
        <metrics statements="4" coveredstatements="4" conditionals="0" coveredconditionals="0" methods="0" coveredmethods="0"/>
        <line num="3" count="19" type="stmt"/>
        <line num="33" count="19" type="stmt"/>
        <line num="34" count="19" type="stmt"/>
        <line num="36" count="19" type="stmt"/>
      </file>
      <file name="Category.js" path="C:\Users\Amoo\Desktop\Portfolio\PrimeMarket\server\model\Category.js">
        <metrics statements="1" coveredstatements="1" conditionals="0" coveredconditionals="0" methods="0" coveredmethods="0"/>
        <line num="3" count="31" type="stmt"/>
      </file>
      <file name="Product.js" path="C:\Users\Amoo\Desktop\Portfolio\PrimeMarket\server\model\Product.js">
        <metrics statements="6" coveredstatements="6" conditionals="4" coveredconditionals="4" methods="1" coveredmethods="1"/>
        <line num="4" count="33" type="stmt"/>
        <line num="94" count="33" type="stmt"/>
        <line num="95" count="5" type="cond" truecount="4" falsecount="0"/>
        <line num="96" count="2" type="stmt"/>
        <line num="98" count="5" type="stmt"/>
        <line num="101" count="33" type="stmt"/>
      </file>
      <file name="Rate.js" path="C:\Users\Amoo\Desktop\Portfolio\PrimeMarket\server\model\Rate.js">
        <metrics statements="3" coveredstatements="3" conditionals="0" coveredconditionals="0" methods="0" coveredmethods="0"/>
        <line num="3" count="25" type="stmt"/>
        <line num="39" count="25" type="stmt"/>
        <line num="41" count="25" type="stmt"/>
      </file>
      <file name="User.js" path="C:\Users\Amoo\Desktop\Portfolio\PrimeMarket\server\model\User.js">
        <metrics statements="10" coveredstatements="10" conditionals="2" coveredconditionals="1" methods="2" coveredmethods="2"/>
        <line num="4" count="33" type="stmt"/>
        <line num="98" count="33" type="stmt"/>
        <line num="99" count="4" type="cond" truecount="1" falsecount="1"/>
        <line num="100" count="4" type="stmt"/>
        <line num="101" count="4" type="stmt"/>
        <line num="102" count="4" type="stmt"/>
        <line num="105" count="33" type="stmt"/>
        <line num="106" count="5" type="stmt"/>
        <line num="108" count="5" type="stmt"/>
        <line num="111" count="33" type="stmt"/>
      </file>
    </package>
    <package name="server.routes">
      <metrics statements="43" coveredstatements="43" conditionals="0" coveredconditionals="0" methods="0" coveredmethods="0"/>
      <file name="privateRoutes.js" path="C:\Users\Amoo\Desktop\Portfolio\PrimeMarket\server\routes\privateRoutes.js">
        <metrics statements="28" coveredstatements="28" conditionals="0" coveredconditionals="0" methods="0" coveredmethods="0"/>
        <line num="46" count="4" type="stmt"/>
        <line num="48" count="4" type="stmt"/>
        <line num="56" count="4" type="stmt"/>
        <line num="65" count="4" type="stmt"/>
        <line num="67" count="4" type="stmt"/>
        <line num="69" count="4" type="stmt"/>
        <line num="74" count="4" type="stmt"/>
        <line num="78" count="4" type="stmt"/>
        <line num="82" count="4" type="stmt"/>
        <line num="86" count="4" type="stmt"/>
        <line num="89" count="4" type="stmt"/>
        <line num="93" count="4" type="stmt"/>
        <line num="97" count="4" type="stmt"/>
        <line num="101" count="4" type="stmt"/>
        <line num="111" count="4" type="stmt"/>
        <line num="116" count="4" type="stmt"/>
        <line num="120" count="4" type="stmt"/>
        <line num="128" count="4" type="stmt"/>
        <line num="130" count="4" type="stmt"/>
        <line num="132" count="4" type="stmt"/>
        <line num="134" count="4" type="stmt"/>
        <line num="141" count="4" type="stmt"/>
        <line num="146" count="4" type="stmt"/>
        <line num="156" count="4" type="stmt"/>
        <line num="160" count="4" type="stmt"/>
        <line num="166" count="4" type="stmt"/>
        <line num="170" count="4" type="stmt"/>
        <line num="174" count="4" type="stmt"/>
      </file>
      <file name="protectedRoutes.js" path="C:\Users\Amoo\Desktop\Portfolio\PrimeMarket\server\routes\protectedRoutes.js">
        <metrics statements="5" coveredstatements="5" conditionals="0" coveredconditionals="0" methods="0" coveredmethods="0"/>
        <line num="4" count="4" type="stmt"/>
        <line num="12" count="4" type="stmt"/>
        <line num="20" count="4" type="stmt"/>
        <line num="29" count="4" type="stmt"/>
        <line num="32" count="4" type="stmt"/>
      </file>
      <file name="publicRoutes.js" path="C:\Users\Amoo\Desktop\Portfolio\PrimeMarket\server\routes\publicRoutes.js">
        <metrics statements="10" coveredstatements="10" conditionals="0" coveredconditionals="0" methods="0" coveredmethods="0"/>
        <line num="3" count="4" type="stmt"/>
        <line num="26" count="4" type="stmt"/>
        <line num="27" count="4" type="stmt"/>
        <line num="28" count="4" type="stmt"/>
        <line num="29" count="4" type="stmt"/>
        <line num="30" count="4" type="stmt"/>
        <line num="32" count="4" type="stmt"/>
        <line num="40" count="4" type="stmt"/>
        <line num="43" count="4" type="stmt"/>
        <line num="44" count="4" type="stmt"/>
      </file>
    </package>
    <package name="server.utils">
      <metrics statements="93" coveredstatements="82" conditionals="34" coveredconditionals="31" methods="9" coveredmethods="9"/>
      <file name="calculateNewAverageRating.js" path="C:\Users\Amoo\Desktop\Portfolio\PrimeMarket\server\utils\calculateNewAverageRating.js">
        <metrics statements="3" coveredstatements="3" conditionals="0" coveredconditionals="0" methods="1" coveredmethods="1"/>
        <line num="1" count="19" type="stmt"/>
        <line num="7" count="1" type="stmt"/>
        <line num="8" count="1" type="stmt"/>
      </file>
      <file name="deleteCloudinaryImage.js" path="C:\Users\Amoo\Desktop\Portfolio\PrimeMarket\server\utils\deleteCloudinaryImage.js">
        <metrics statements="10" coveredstatements="7" conditionals="4" coveredconditionals="3" methods="1" coveredmethods="1"/>
        <line num="4" count="10" type="stmt"/>
        <line num="5" count="7" type="stmt"/>
        <line num="6" count="7" type="cond" truecount="1" falsecount="1"/>
        <line num="7" count="0" type="stmt"/>
        <line num="10" count="7" type="stmt"/>
        <line num="12" count="7" type="cond" truecount="2" falsecount="0"/>
        <line num="13" count="4" type="stmt"/>
        <line num="15" count="3" type="stmt"/>
        <line num="18" count="0" type="stmt"/>
        <line num="19" count="0" type="stmt"/>
      </file>
      <file name="deleteImageLocally.js" path="C:\Users\Amoo\Desktop\Portfolio\PrimeMarket\server\utils\deleteImageLocally.js">
        <metrics statements="9" coveredstatements="7" conditionals="2" coveredconditionals="1" methods="1" coveredmethods="1"/>
        <line num="4" count="19" type="stmt"/>
        <line num="6" count="19" type="stmt"/>
        <line num="7" count="6" type="cond" truecount="1" falsecount="1"/>
        <line num="8" count="6" type="stmt"/>
        <line num="14" count="6" type="stmt"/>
        <line num="15" count="6" type="stmt"/>
        <line num="16" count="6" type="stmt"/>
        <line num="18" count="0" type="stmt"/>
        <line num="21" count="0" type="stmt"/>
      </file>
      <file name="tokenService.js" path="C:\Users\Amoo\Desktop\Portfolio\PrimeMarket\server\utils\tokenService.js">
        <metrics statements="5" coveredstatements="5" conditionals="0" coveredconditionals="0" methods="1" coveredmethods="1"/>
        <line num="3" count="9" type="stmt"/>
        <line num="5" count="9" type="stmt"/>
        <line num="7" count="4" type="stmt"/>
        <line num="12" count="4" type="stmt"/>
        <line num="16" count="4" type="stmt"/>
      </file>
      <file name="updateAverageRating.js" path="C:\Users\Amoo\Desktop\Portfolio\PrimeMarket\server\utils\updateAverageRating.js">
        <metrics statements="5" coveredstatements="5" conditionals="0" coveredconditionals="0" methods="1" coveredmethods="1"/>
        <line num="1" count="19" type="stmt"/>
        <line num="7" count="1" type="stmt"/>
        <line num="9" count="1" type="stmt"/>
        <line num="10" count="1" type="stmt"/>
        <line num="11" count="1" type="stmt"/>
      </file>
      <file name="updateCloudinaryImage.js" path="C:\Users\Amoo\Desktop\Portfolio\PrimeMarket\server\utils\updateCloudinaryImage.js">
        <metrics statements="19" coveredstatements="17" conditionals="10" coveredconditionals="9" methods="1" coveredmethods="1"/>
        <line num="4" count="10" type="stmt"/>
        <line num="5" count="10" type="stmt"/>
        <line num="7" count="10" type="stmt"/>
        <line num="13" count="6" type="cond" truecount="4" falsecount="0"/>
        <line num="14" count="1" type="stmt"/>
        <line num="17" count="5" type="stmt"/>
        <line num="18" count="5" type="stmt"/>
        <line num="19" count="5" type="stmt"/>
        <line num="21" count="5" type="cond" truecount="2" falsecount="0"/>
        <line num="22" count="1" type="stmt"/>
        <line num="27" count="4" type="cond" truecount="2" falsecount="0"/>
        <line num="28" count="1" type="stmt"/>
        <line num="31" count="3" type="stmt"/>
        <line num="33" count="3" type="cond" truecount="1" falsecount="1"/>
        <line num="34" count="3" type="stmt"/>
        <line num="38" count="3" type="stmt"/>
        <line num="43" count="3" type="stmt"/>
        <line num="48" count="0" type="stmt"/>
        <line num="49" count="0" type="stmt"/>
      </file>
      <file name="uploadCloudinaryImage.js" path="C:\Users\Amoo\Desktop\Portfolio\PrimeMarket\server\utils\uploadCloudinaryImage.js">
        <metrics statements="17" coveredstatements="15" conditionals="8" coveredconditionals="8" methods="1" coveredmethods="1"/>
        <line num="4" count="10" type="stmt"/>
        <line num="5" count="10" type="stmt"/>
        <line num="7" count="10" type="stmt"/>
        <line num="8" count="5" type="cond" truecount="4" falsecount="0"/>
        <line num="9" count="1" type="stmt"/>
        <line num="12" count="4" type="stmt"/>
        <line num="13" count="4" type="stmt"/>
        <line num="14" count="4" type="stmt"/>
        <line num="16" count="4" type="cond" truecount="2" falsecount="0"/>
        <line num="17" count="1" type="stmt"/>
        <line num="22" count="3" type="cond" truecount="2" falsecount="0"/>
        <line num="23" count="1" type="stmt"/>
        <line num="26" count="2" type="stmt"/>
        <line num="28" count="2" type="stmt"/>
        <line num="33" count="2" type="stmt"/>
        <line num="38" count="0" type="stmt"/>
        <line num="39" count="0" type="stmt"/>
      </file>
      <file name="uploadImageLocally.js" path="C:\Users\Amoo\Desktop\Portfolio\PrimeMarket\server\utils\uploadImageLocally.js">
        <metrics statements="19" coveredstatements="18" conditionals="8" coveredconditionals="8" methods="1" coveredmethods="1"/>
        <line num="4" count="19" type="stmt"/>
        <line num="5" count="19" type="stmt"/>
        <line num="6" count="19" type="stmt"/>
        <line num="8" count="19" type="stmt"/>
        <line num="9" count="9" type="cond" truecount="4" falsecount="0"/>
        <line num="10" count="1" type="stmt"/>
        <line num="13" count="8" type="stmt"/>
        <line num="14" count="8" type="stmt"/>
        <line num="15" count="8" type="stmt"/>
        <line num="16" count="8" type="stmt"/>
        <line num="18" count="8" type="cond" truecount="2" falsecount="0"/>
        <line num="19" count="1" type="stmt"/>
        <line num="24" count="7" type="cond" truecount="2" falsecount="0"/>
        <line num="25" count="1" type="stmt"/>
        <line num="28" count="6" type="stmt"/>
        <line num="34" count="6" type="stmt"/>
        <line num="35" count="6" type="stmt"/>
        <line num="36" count="6" type="stmt"/>
        <line num="38" count="0" type="stmt"/>
      </file>
      <file name="validateURL.js" path="C:\Users\Amoo\Desktop\Portfolio\PrimeMarket\server\utils\validateURL.js">
        <metrics statements="6" coveredstatements="5" conditionals="2" coveredconditionals="2" methods="1" coveredmethods="1"/>
        <line num="3" count="5" type="stmt"/>
        <line num="4" count="5" type="stmt"/>
        <line num="5" count="5" type="stmt"/>
        <line num="6" count="5" type="cond" truecount="2" falsecount="0"/>
        <line num="7" count="4" type="stmt"/>
        <line num="10" count="0" type="stmt"/>
      </file>
    </package>
    <package name="server.validationInputs">
      <metrics statements="14" coveredstatements="13" conditionals="4" coveredconditionals="3" methods="2" coveredmethods="2"/>
      <file name="cartValidation.js" path="C:\Users\Amoo\Desktop\Portfolio\PrimeMarket\server\validationInputs\cartValidation.js">
        <metrics statements="1" coveredstatements="1" conditionals="0" coveredconditionals="0" methods="0" coveredmethods="0"/>
        <line num="4" count="4" type="stmt"/>
      </file>
      <file name="categoryValidation.js" path="C:\Users\Amoo\Desktop\Portfolio\PrimeMarket\server\validationInputs\categoryValidation.js">
        <metrics statements="2" coveredstatements="2" conditionals="0" coveredconditionals="0" methods="1" coveredmethods="1"/>
        <line num="4" count="4" type="stmt"/>
        <line num="12" count="3" type="stmt"/>
      </file>
      <file name="idValidation.js" path="C:\Users\Amoo\Desktop\Portfolio\PrimeMarket\server\validationInputs\idValidation.js">
        <metrics statements="1" coveredstatements="1" conditionals="0" coveredconditionals="0" methods="0" coveredmethods="0"/>
        <line num="3" count="4" type="stmt"/>
      </file>
      <file name="oldPublicIdValidation.js" path="C:\Users\Amoo\Desktop\Portfolio\PrimeMarket\server\validationInputs\oldPublicIdValidation.js">
        <metrics statements="4" coveredstatements="3" conditionals="4" coveredconditionals="3" methods="1" coveredmethods="1"/>
        <line num="3" count="4" type="stmt"/>
        <line num="6" count="23" type="cond" truecount="3" falsecount="1"/>
        <line num="7" count="23" type="stmt"/>
        <line num="9" count="0" type="stmt"/>
      </file>
      <file name="productValidation.js" path="C:\Users\Amoo\Desktop\Portfolio\PrimeMarket\server\validationInputs\productValidation.js">
        <metrics statements="1" coveredstatements="1" conditionals="0" coveredconditionals="0" methods="0" coveredmethods="0"/>
        <line num="3" count="4" type="stmt"/>
      </file>
      <file name="rateValidation.js" path="C:\Users\Amoo\Desktop\Portfolio\PrimeMarket\server\validationInputs\rateValidation.js">
        <metrics statements="1" coveredstatements="1" conditionals="0" coveredconditionals="0" methods="0" coveredmethods="0"/>
        <line num="3" count="4" type="stmt"/>
      </file>
      <file name="signinValidation.js" path="C:\Users\Amoo\Desktop\Portfolio\PrimeMarket\server\validationInputs\signinValidation.js">
        <metrics statements="1" coveredstatements="1" conditionals="0" coveredconditionals="0" methods="0" coveredmethods="0"/>
        <line num="3" count="4" type="stmt"/>
      </file>
      <file name="signupUpdateValidation.js" path="C:\Users\Amoo\Desktop\Portfolio\PrimeMarket\server\validationInputs\signupUpdateValidation.js">
        <metrics statements="1" coveredstatements="1" conditionals="0" coveredconditionals="0" methods="0" coveredmethods="0"/>
        <line num="3" count="4" type="stmt"/>
      </file>
      <file name="signupValidation.js" path="C:\Users\Amoo\Desktop\Portfolio\PrimeMarket\server\validationInputs\signupValidation.js">
        <metrics statements="1" coveredstatements="1" conditionals="0" coveredconditionals="0" methods="0" coveredmethods="0"/>
        <line num="3" count="4" type="stmt"/>
      </file>
      <file name="updateCartValidation.js" path="C:\Users\Amoo\Desktop\Portfolio\PrimeMarket\server\validationInputs\updateCartValidation.js">
        <metrics statements="1" coveredstatements="1" conditionals="0" coveredconditionals="0" methods="0" coveredmethods="0"/>
        <line num="3" count="4" type="stmt"/>
      </file>
    </package>
  </project>
</coverage>
