{"C:\\Users\\Amoo\\Desktop\\Portfolio\\Ecommerce\\server\\app.js": {"path":"C:\\Users\\Amoo\\Desktop\\Portfolio\\Ecommerce\\server\\app.js","statementMap":{"0":{"start":{"line":15,"column":18},"end":{"line":15,"column":31}},"1":{"start":{"line":18,"column":12},"end":{"line":18,"column":21}},"2":{"start":{"line":19,"column":0},"end":{"line":19,"column":16}},"3":{"start":{"line":38,"column":0},"end":{"line":38,"column":18}},"4":{"start":{"line":39,"column":0},"end":{"line":39,"column":15}},"5":{"start":{"line":42,"column":0},"end":{"line":42,"column":68}},"6":{"start":{"line":43,"column":0},"end":{"line":43,"column":24}},"7":{"start":{"line":44,"column":0},"end":{"line":44,"column":21}},"8":{"start":{"line":45,"column":0},"end":{"line":45,"column":27}},"9":{"start":{"line":46,"column":0},"end":{"line":46,"column":24}},"10":{"start":{"line":47,"column":0},"end":{"line":47,"column":48}},"11":{"start":{"line":49,"column":0},"end":{"line":52,"column":2}},"12":{"start":{"line":53,"column":0},"end":{"line":53,"column":54}},"13":{"start":{"line":54,"column":0},"end":{"line":54,"column":72}},"14":{"start":{"line":55,"column":0},"end":{"line":55,"column":68}},"15":{"start":{"line":57,"column":0},"end":{"line":57,"column":18}},"16":{"start":{"line":58,"column":0},"end":{"line":58,"column":22}}},"fnMap":{},"branchMap":{},"s":{"0":4,"1":4,"2":4,"3":4,"4":4,"5":4,"6":4,"7":4,"8":4,"9":4,"10":4,"11":4,"12":4,"13":4,"14":4,"15":4,"16":4},"f":{},"b":{},"_coverageSchema":"1a1c01bbd47fc00a2c39e90264f33305004495a9","hash":"0e0ce2a335d0fceeb631144dc1f6d6ea8cb16612"}
,"C:\\Users\\Amoo\\Desktop\\Portfolio\\Ecommerce\\server\\config\\allowedOrigins.js": {"path":"C:\\Users\\Amoo\\Desktop\\Portfolio\\Ecommerce\\server\\config\\allowedOrigins.js","statementMap":{"0":{"start":{"line":1,"column":23},"end":{"line":1,"column":48}}},"fnMap":{},"branchMap":{},"s":{"0":5},"f":{},"b":{},"_coverageSchema":"1a1c01bbd47fc00a2c39e90264f33305004495a9","hash":"195d931990655f87b00c7c512bbaff96f5f8f9b7"}
,"C:\\Users\\Amoo\\Desktop\\Portfolio\\Ecommerce\\server\\config\\cloudinary.js": {"path":"C:\\Users\\Amoo\\Desktop\\Portfolio\\Ecommerce\\server\\config\\cloudinary.js","statementMap":{"0":{"start":{"line":4,"column":0},"end":{"line":9,"column":3}}},"fnMap":{},"branchMap":{},"s":{"0":16},"f":{},"b":{},"_coverageSchema":"1a1c01bbd47fc00a2c39e90264f33305004495a9","hash":"db7f7e82a78153f07d2de87186238690aa78b900"}
,"C:\\Users\\Amoo\\Desktop\\Portfolio\\Ecommerce\\server\\config\\corsOptions.js": {"path":"C:\\Users\\Amoo\\Desktop\\Portfolio\\Ecommerce\\server\\config\\corsOptions.js","statementMap":{"0":{"start":{"line":3,"column":20},"end":{"line":14,"column":1}},"1":{"start":{"line":5,"column":4},"end":{"line":9,"column":5}},"2":{"start":{"line":6,"column":6},"end":{"line":6,"column":27}},"3":{"start":{"line":8,"column":6},"end":{"line":8,"column":49}}},"fnMap":{"0":{"name":"(anonymous_0)","decl":{"start":{"line":4,"column":10},"end":{"line":4,"column":11}},"loc":{"start":{"line":4,"column":32},"end":{"line":10,"column":3}},"line":4}},"branchMap":{"0":{"loc":{"start":{"line":5,"column":4},"end":{"line":9,"column":5}},"type":"if","locations":[{"start":{"line":5,"column":4},"end":{"line":9,"column":5}},{"start":{"line":7,"column":11},"end":{"line":9,"column":5}}],"line":5},"1":{"loc":{"start":{"line":5,"column":8},"end":{"line":5,"column":50}},"type":"binary-expr","locations":[{"start":{"line":5,"column":8},"end":{"line":5,"column":15}},{"start":{"line":5,"column":19},"end":{"line":5,"column":50}}],"line":5}},"s":{"0":4,"1":110,"2":110,"3":0},"f":{"0":110},"b":{"0":[110,0],"1":[110,0]},"_coverageSchema":"1a1c01bbd47fc00a2c39e90264f33305004495a9","hash":"dd9d74882a2e68b7ca79c8c50c76659d0c0449cf"}
,"C:\\Users\\Amoo\\Desktop\\Portfolio\\Ecommerce\\server\\config\\db.js": {"path":"C:\\Users\\Amoo\\Desktop\\Portfolio\\Ecommerce\\server\\config\\db.js","statementMap":{"0":{"start":{"line":4,"column":0},"end":{"line":4,"column":16}},"1":{"start":{"line":6,"column":0},"end":{"line":9,"column":3}},"2":{"start":{"line":11,"column":13},"end":{"line":11,"column":32}},"3":{"start":{"line":13,"column":0},"end":{"line":15,"column":3}},"4":{"start":{"line":14,"column":2},"end":{"line":14,"column":39}},"5":{"start":{"line":17,"column":0},"end":{"line":19,"column":3}},"6":{"start":{"line":18,"column":2},"end":{"line":18,"column":42}},"7":{"start":{"line":21,"column":0},"end":{"line":23,"column":3}},"8":{"start":{"line":22,"column":2},"end":{"line":22,"column":49}},"9":{"start":{"line":26,"column":0},"end":{"line":30,"column":3}},"10":{"start":{"line":27,"column":2},"end":{"line":27,"column":36}},"11":{"start":{"line":28,"column":2},"end":{"line":28,"column":67}},"12":{"start":{"line":29,"column":2},"end":{"line":29,"column":18}}},"fnMap":{"0":{"name":"(anonymous_0)","decl":{"start":{"line":13,"column":21},"end":{"line":13,"column":22}},"loc":{"start":{"line":13,"column":27},"end":{"line":15,"column":1}},"line":13},"1":{"name":"(anonymous_1)","decl":{"start":{"line":17,"column":24},"end":{"line":17,"column":25}},"loc":{"start":{"line":17,"column":30},"end":{"line":19,"column":1}},"line":17},"2":{"name":"(anonymous_2)","decl":{"start":{"line":21,"column":17},"end":{"line":21,"column":18}},"loc":{"start":{"line":21,"column":26},"end":{"line":23,"column":1}},"line":21},"3":{"name":"(anonymous_3)","decl":{"start":{"line":26,"column":21},"end":{"line":26,"column":22}},"loc":{"start":{"line":26,"column":33},"end":{"line":30,"column":1}},"line":26}},"branchMap":{},"s":{"0":4,"1":4,"2":4,"3":4,"4":8,"5":4,"6":8,"7":4,"8":0,"9":4,"10":0,"11":0,"12":0},"f":{"0":8,"1":8,"2":0,"3":0},"b":{},"_coverageSchema":"1a1c01bbd47fc00a2c39e90264f33305004495a9","hash":"42afc352eff892ff360b3c145598acc6a7a3574f"}
,"C:\\Users\\Amoo\\Desktop\\Portfolio\\Ecommerce\\server\\config\\roles.js": {"path":"C:\\Users\\Amoo\\Desktop\\Portfolio\\Ecommerce\\server\\config\\roles.js","statementMap":{"0":{"start":{"line":1,"column":21},"end":{"line":4,"column":1}}},"fnMap":{},"branchMap":{},"s":{"0":6},"f":{},"b":{},"_coverageSchema":"1a1c01bbd47fc00a2c39e90264f33305004495a9","hash":"f4b6796f91d91641718b2abec2c9741790894bf3"}
,"C:\\Users\\Amoo\\Desktop\\Portfolio\\Ecommerce\\server\\config\\trustedDomains.js": {"path":"C:\\Users\\Amoo\\Desktop\\Portfolio\\Ecommerce\\server\\config\\trustedDomains.js","statementMap":{"0":{"start":{"line":1,"column":30},"end":{"line":1,"column":65}}},"fnMap":{},"branchMap":{},"s":{"0":5},"f":{},"b":{},"_coverageSchema":"1a1c01bbd47fc00a2c39e90264f33305004495a9","hash":"3d0e65a2d05a5963b3ee9b7d683cc3776849a4d5"}
,"C:\\Users\\Amoo\\Desktop\\Portfolio\\Ecommerce\\server\\controllers\\cloudinaryControllers.js": {"path":"C:\\Users\\Amoo\\Desktop\\Portfolio\\Ecommerce\\server\\controllers\\cloudinaryControllers.js","statementMap":{"0":{"start":{"line":14,"column":40},"end":{"line":82,"column":1}},"1":{"start":{"line":15,"column":21},"end":{"line":15,"column":29}},"2":{"start":{"line":16,"column":28},"end":{"line":16,"column":43}},"3":{"start":{"line":19,"column":26},"end":{"line":21,"column":3}},"4":{"start":{"line":23,"column":2},"end":{"line":25,"column":3}},"5":{"start":{"line":24,"column":4},"end":{"line":24,"column":52}},"6":{"start":{"line":28,"column":2},"end":{"line":34,"column":3}},"7":{"start":{"line":29,"column":21},"end":{"line":29,"column":51}},"8":{"start":{"line":31,"column":4},"end":{"line":33,"column":5}},"9":{"start":{"line":32,"column":6},"end":{"line":32,"column":48}},"10":{"start":{"line":37,"column":18},"end":{"line":37,"column":38}},"11":{"start":{"line":38,"column":2},"end":{"line":38,"column":29}},"12":{"start":{"line":42,"column":2},"end":{"line":81,"column":3}},"13":{"start":{"line":44,"column":35},"end":{"line":48,"column":5}},"14":{"start":{"line":50,"column":4},"end":{"line":50,"column":39}},"15":{"start":{"line":53,"column":23},"end":{"line":59,"column":6}},"16":{"start":{"line":61,"column":4},"end":{"line":61,"column":39}},"17":{"start":{"line":64,"column":4},"end":{"line":64,"column":38}},"18":{"start":{"line":66,"column":4},"end":{"line":68,"column":59}},"19":{"start":{"line":71,"column":4},"end":{"line":71,"column":37}},"20":{"start":{"line":74,"column":4},"end":{"line":76,"column":5}},"21":{"start":{"line":75,"column":6},"end":{"line":75,"column":59}},"22":{"start":{"line":78,"column":4},"end":{"line":78,"column":16}},"23":{"start":{"line":80,"column":4},"end":{"line":80,"column":25}},"24":{"start":{"line":85,"column":43},"end":{"line":151,"column":1}},"25":{"start":{"line":86,"column":21},"end":{"line":86,"column":29}},"26":{"start":{"line":87,"column":46},"end":{"line":87,"column":61}},"27":{"start":{"line":90,"column":26},"end":{"line":92,"column":3}},"28":{"start":{"line":94,"column":2},"end":{"line":96,"column":3}},"29":{"start":{"line":95,"column":4},"end":{"line":95,"column":52}},"30":{"start":{"line":99,"column":2},"end":{"line":105,"column":3}},"31":{"start":{"line":100,"column":21},"end":{"line":100,"column":75}},"32":{"start":{"line":102,"column":4},"end":{"line":104,"column":5}},"33":{"start":{"line":103,"column":6},"end":{"line":103,"column":48}},"34":{"start":{"line":107,"column":2},"end":{"line":129,"column":3}},"35":{"start":{"line":108,"column":4},"end":{"line":110,"column":5}},"36":{"start":{"line":109,"column":6},"end":{"line":109,"column":53}},"37":{"start":{"line":113,"column":27},"end":{"line":115,"column":5}},"38":{"start":{"line":117,"column":4},"end":{"line":119,"column":5}},"39":{"start":{"line":118,"column":6},"end":{"line":118,"column":53}},"40":{"start":{"line":121,"column":35},"end":{"line":126,"column":5}},"41":{"start":{"line":127,"column":4},"end":{"line":127,"column":40}},"42":{"start":{"line":128,"column":4},"end":{"line":128,"column":40}},"43":{"start":{"line":131,"column":22},"end":{"line":134,"column":3}},"44":{"start":{"line":135,"column":2},"end":{"line":135,"column":25}},"45":{"start":{"line":137,"column":25},"end":{"line":141,"column":3}},"46":{"start":{"line":143,"column":2},"end":{"line":145,"column":3}},"47":{"start":{"line":144,"column":4},"end":{"line":144,"column":49}},"48":{"start":{"line":147,"column":2},"end":{"line":150,"column":5}},"49":{"start":{"line":154,"column":42},"end":{"line":192,"column":1}},"50":{"start":{"line":155,"column":21},"end":{"line":155,"column":29}},"51":{"start":{"line":156,"column":26},"end":{"line":156,"column":41}},"52":{"start":{"line":158,"column":22},"end":{"line":161,"column":29}},"53":{"start":{"line":163,"column":2},"end":{"line":165,"column":3}},"54":{"start":{"line":164,"column":4},"end":{"line":164,"column":48}},"55":{"start":{"line":167,"column":33},"end":{"line":172,"column":3}},"56":{"start":{"line":174,"column":24},"end":{"line":178,"column":3}},"57":{"start":{"line":180,"column":2},"end":{"line":182,"column":3}},"58":{"start":{"line":181,"column":4},"end":{"line":181,"column":46}},"59":{"start":{"line":184,"column":2},"end":{"line":191,"column":7}},"60":{"start":{"line":195,"column":46},"end":{"line":233,"column":1}},"61":{"start":{"line":196,"column":21},"end":{"line":196,"column":29}},"62":{"start":{"line":197,"column":26},"end":{"line":197,"column":41}},"63":{"start":{"line":199,"column":22},"end":{"line":202,"column":30}},"64":{"start":{"line":204,"column":2},"end":{"line":206,"column":3}},"65":{"start":{"line":205,"column":4},"end":{"line":205,"column":48}},"66":{"start":{"line":208,"column":33},"end":{"line":213,"column":3}},"67":{"start":{"line":215,"column":28},"end":{"line":219,"column":3}},"68":{"start":{"line":221,"column":2},"end":{"line":223,"column":3}},"69":{"start":{"line":222,"column":4},"end":{"line":222,"column":46}},"70":{"start":{"line":225,"column":2},"end":{"line":232,"column":7}},"71":{"start":{"line":236,"column":43},"end":{"line":262,"column":1}},"72":{"start":{"line":237,"column":23},"end":{"line":237,"column":38}},"73":{"start":{"line":238,"column":21},"end":{"line":238,"column":29}},"74":{"start":{"line":241,"column":34},"end":{"line":241,"column":71}},"75":{"start":{"line":243,"column":2},"end":{"line":247,"column":3}},"76":{"start":{"line":244,"column":4},"end":{"line":246,"column":6}},"77":{"start":{"line":250,"column":25},"end":{"line":253,"column":4}},"78":{"start":{"line":255,"column":2},"end":{"line":259,"column":3}},"79":{"start":{"line":258,"column":4},"end":{"line":258,"column":63}},"80":{"start":{"line":261,"column":2},"end":{"line":261,"column":80}},"81":{"start":{"line":265,"column":42},"end":{"line":293,"column":1}},"82":{"start":{"line":266,"column":23},"end":{"line":266,"column":38}},"83":{"start":{"line":267,"column":21},"end":{"line":267,"column":29}},"84":{"start":{"line":270,"column":34},"end":{"line":270,"column":71}},"85":{"start":{"line":272,"column":2},"end":{"line":276,"column":3}},"86":{"start":{"line":273,"column":4},"end":{"line":275,"column":6}},"87":{"start":{"line":279,"column":22},"end":{"line":283,"column":3}},"88":{"start":{"line":285,"column":2},"end":{"line":288,"column":3}},"89":{"start":{"line":287,"column":4},"end":{"line":287,"column":48}},"90":{"start":{"line":290,"column":2},"end":{"line":292,"column":61}},"91":{"start":{"line":296,"column":46},"end":{"line":324,"column":1}},"92":{"start":{"line":297,"column":23},"end":{"line":297,"column":38}},"93":{"start":{"line":298,"column":21},"end":{"line":298,"column":29}},"94":{"start":{"line":301,"column":34},"end":{"line":301,"column":71}},"95":{"start":{"line":303,"column":2},"end":{"line":307,"column":3}},"96":{"start":{"line":304,"column":4},"end":{"line":306,"column":6}},"97":{"start":{"line":310,"column":22},"end":{"line":314,"column":3}},"98":{"start":{"line":316,"column":2},"end":{"line":319,"column":3}},"99":{"start":{"line":318,"column":4},"end":{"line":318,"column":48}},"100":{"start":{"line":321,"column":2},"end":{"line":323,"column":64}}},"fnMap":{"0":{"name":"(anonymous_0)","decl":{"start":{"line":14,"column":40},"end":{"line":14,"column":41}},"loc":{"start":{"line":14,"column":60},"end":{"line":82,"column":1}},"line":14},"1":{"name":"(anonymous_1)","decl":{"start":{"line":85,"column":43},"end":{"line":85,"column":44}},"loc":{"start":{"line":85,"column":63},"end":{"line":151,"column":1}},"line":85},"2":{"name":"(anonymous_2)","decl":{"start":{"line":154,"column":42},"end":{"line":154,"column":43}},"loc":{"start":{"line":154,"column":62},"end":{"line":192,"column":1}},"line":154},"3":{"name":"(anonymous_3)","decl":{"start":{"line":195,"column":46},"end":{"line":195,"column":47}},"loc":{"start":{"line":195,"column":66},"end":{"line":233,"column":1}},"line":195},"4":{"name":"(anonymous_4)","decl":{"start":{"line":236,"column":43},"end":{"line":236,"column":44}},"loc":{"start":{"line":236,"column":69},"end":{"line":262,"column":1}},"line":236},"5":{"name":"(anonymous_5)","decl":{"start":{"line":265,"column":42},"end":{"line":265,"column":43}},"loc":{"start":{"line":265,"column":62},"end":{"line":293,"column":1}},"line":265},"6":{"name":"(anonymous_6)","decl":{"start":{"line":296,"column":46},"end":{"line":296,"column":47}},"loc":{"start":{"line":296,"column":66},"end":{"line":324,"column":1}},"line":296}},"branchMap":{"0":{"loc":{"start":{"line":23,"column":2},"end":{"line":25,"column":3}},"type":"if","locations":[{"start":{"line":23,"column":2},"end":{"line":25,"column":3}},{"start":{},"end":{}}],"line":23},"1":{"loc":{"start":{"line":28,"column":2},"end":{"line":34,"column":3}},"type":"if","locations":[{"start":{"line":28,"column":2},"end":{"line":34,"column":3}},{"start":{},"end":{}}],"line":28},"2":{"loc":{"start":{"line":31,"column":4},"end":{"line":33,"column":5}},"type":"if","locations":[{"start":{"line":31,"column":4},"end":{"line":33,"column":5}},{"start":{},"end":{}}],"line":31},"3":{"loc":{"start":{"line":74,"column":4},"end":{"line":76,"column":5}},"type":"if","locations":[{"start":{"line":74,"column":4},"end":{"line":76,"column":5}},{"start":{},"end":{}}],"line":74},"4":{"loc":{"start":{"line":94,"column":2},"end":{"line":96,"column":3}},"type":"if","locations":[{"start":{"line":94,"column":2},"end":{"line":96,"column":3}},{"start":{},"end":{}}],"line":94},"5":{"loc":{"start":{"line":99,"column":2},"end":{"line":105,"column":3}},"type":"if","locations":[{"start":{"line":99,"column":2},"end":{"line":105,"column":3}},{"start":{},"end":{}}],"line":99},"6":{"loc":{"start":{"line":102,"column":4},"end":{"line":104,"column":5}},"type":"if","locations":[{"start":{"line":102,"column":4},"end":{"line":104,"column":5}},{"start":{},"end":{}}],"line":102},"7":{"loc":{"start":{"line":107,"column":2},"end":{"line":129,"column":3}},"type":"if","locations":[{"start":{"line":107,"column":2},"end":{"line":129,"column":3}},{"start":{},"end":{}}],"line":107},"8":{"loc":{"start":{"line":108,"column":4},"end":{"line":110,"column":5}},"type":"if","locations":[{"start":{"line":108,"column":4},"end":{"line":110,"column":5}},{"start":{},"end":{}}],"line":108},"9":{"loc":{"start":{"line":117,"column":4},"end":{"line":119,"column":5}},"type":"if","locations":[{"start":{"line":117,"column":4},"end":{"line":119,"column":5}},{"start":{},"end":{}}],"line":117},"10":{"loc":{"start":{"line":143,"column":2},"end":{"line":145,"column":3}},"type":"if","locations":[{"start":{"line":143,"column":2},"end":{"line":145,"column":3}},{"start":{},"end":{}}],"line":143},"11":{"loc":{"start":{"line":163,"column":2},"end":{"line":165,"column":3}},"type":"if","locations":[{"start":{"line":163,"column":2},"end":{"line":165,"column":3}},{"start":{},"end":{}}],"line":163},"12":{"loc":{"start":{"line":163,"column":6},"end":{"line":163,"column":65}},"type":"binary-expr","locations":[{"start":{"line":163,"column":6},"end":{"line":163,"column":18}},{"start":{"line":163,"column":22},"end":{"line":163,"column":65}}],"line":163},"13":{"loc":{"start":{"line":180,"column":2},"end":{"line":182,"column":3}},"type":"if","locations":[{"start":{"line":180,"column":2},"end":{"line":182,"column":3}},{"start":{},"end":{}}],"line":180},"14":{"loc":{"start":{"line":204,"column":2},"end":{"line":206,"column":3}},"type":"if","locations":[{"start":{"line":204,"column":2},"end":{"line":206,"column":3}},{"start":{},"end":{}}],"line":204},"15":{"loc":{"start":{"line":204,"column":6},"end":{"line":204,"column":66}},"type":"binary-expr","locations":[{"start":{"line":204,"column":6},"end":{"line":204,"column":18}},{"start":{"line":204,"column":22},"end":{"line":204,"column":66}}],"line":204},"16":{"loc":{"start":{"line":221,"column":2},"end":{"line":223,"column":3}},"type":"if","locations":[{"start":{"line":221,"column":2},"end":{"line":223,"column":3}},{"start":{},"end":{}}],"line":221},"17":{"loc":{"start":{"line":243,"column":2},"end":{"line":247,"column":3}},"type":"if","locations":[{"start":{"line":243,"column":2},"end":{"line":247,"column":3}},{"start":{},"end":{}}],"line":243},"18":{"loc":{"start":{"line":255,"column":2},"end":{"line":259,"column":3}},"type":"if","locations":[{"start":{"line":255,"column":2},"end":{"line":259,"column":3}},{"start":{},"end":{}}],"line":255},"19":{"loc":{"start":{"line":272,"column":2},"end":{"line":276,"column":3}},"type":"if","locations":[{"start":{"line":272,"column":2},"end":{"line":276,"column":3}},{"start":{},"end":{}}],"line":272},"20":{"loc":{"start":{"line":285,"column":2},"end":{"line":288,"column":3}},"type":"if","locations":[{"start":{"line":285,"column":2},"end":{"line":288,"column":3}},{"start":{},"end":{}}],"line":285},"21":{"loc":{"start":{"line":303,"column":2},"end":{"line":307,"column":3}},"type":"if","locations":[{"start":{"line":303,"column":2},"end":{"line":307,"column":3}},{"start":{},"end":{}}],"line":303},"22":{"loc":{"start":{"line":316,"column":2},"end":{"line":319,"column":3}},"type":"if","locations":[{"start":{"line":316,"column":2},"end":{"line":319,"column":3}},{"start":{},"end":{}}],"line":316}},"s":{"0":10,"1":7,"2":7,"3":7,"4":7,"5":1,"6":6,"7":2,"8":2,"9":1,"10":5,"11":5,"12":5,"13":5,"14":2,"15":2,"16":2,"17":2,"18":2,"19":3,"20":3,"21":0,"22":3,"23":5,"24":10,"25":17,"26":17,"27":17,"28":17,"29":3,"30":14,"31":3,"32":3,"33":3,"34":11,"35":10,"36":2,"37":8,"38":8,"39":4,"40":4,"41":4,"42":4,"43":5,"44":5,"45":5,"46":5,"47":2,"48":3,"49":10,"50":10,"51":10,"52":10,"53":10,"54":3,"55":7,"56":4,"57":4,"58":2,"59":2,"60":10,"61":7,"62":7,"63":7,"64":7,"65":3,"66":4,"67":4,"68":4,"69":2,"70":2,"71":10,"72":10,"73":10,"74":10,"75":10,"76":5,"77":5,"78":5,"79":2,"80":3,"81":10,"82":9,"83":9,"84":9,"85":9,"86":5,"87":4,"88":4,"89":2,"90":2,"91":10,"92":9,"93":9,"94":9,"95":9,"96":5,"97":4,"98":4,"99":2,"100":2},"f":{"0":7,"1":17,"2":10,"3":7,"4":10,"5":9,"6":9},"b":{"0":[1,6],"1":[2,4],"2":[1,1],"3":[0,3],"4":[3,14],"5":[3,11],"6":[3,0],"7":[10,1],"8":[2,8],"9":[4,4],"10":[2,3],"11":[3,7],"12":[10,9],"13":[2,2],"14":[3,4],"15":[7,6],"16":[2,2],"17":[5,5],"18":[2,3],"19":[5,4],"20":[2,2],"21":[5,4],"22":[2,2]},"_coverageSchema":"1a1c01bbd47fc00a2c39e90264f33305004495a9","hash":"770d79078337351318ea0fa8ecb847cfc272e5ad"}
,"C:\\Users\\Amoo\\Desktop\\Portfolio\\Ecommerce\\server\\controllers\\privateControllers.js": {"path":"C:\\Users\\Amoo\\Desktop\\Portfolio\\Ecommerce\\server\\controllers\\privateControllers.js","statementMap":{"0":{"start":{"line":24,"column":27},"end":{"line":39,"column":1}},"1":{"start":{"line":25,"column":19},"end":{"line":25,"column":34}},"2":{"start":{"line":26,"column":29},"end":{"line":26,"column":61}},"3":{"start":{"line":28,"column":2},"end":{"line":30,"column":3}},"4":{"start":{"line":29,"column":4},"end":{"line":29,"column":66}},"5":{"start":{"line":32,"column":22},"end":{"line":32,"column":51}},"6":{"start":{"line":34,"column":2},"end":{"line":34,"column":21}},"7":{"start":{"line":36,"column":2},"end":{"line":38,"column":68}},"8":{"start":{"line":42,"column":27},"end":{"line":89,"column":1}},"9":{"start":{"line":43,"column":21},"end":{"line":43,"column":29}},"10":{"start":{"line":44,"column":28},"end":{"line":44,"column":43}},"11":{"start":{"line":46,"column":2},"end":{"line":48,"column":3}},"12":{"start":{"line":47,"column":4},"end":{"line":47,"column":50}},"13":{"start":{"line":51,"column":22},"end":{"line":51,"column":71}},"14":{"start":{"line":53,"column":2},"end":{"line":55,"column":3}},"15":{"start":{"line":54,"column":4},"end":{"line":54,"column":54}},"16":{"start":{"line":58,"column":26},"end":{"line":60,"column":3}},"17":{"start":{"line":62,"column":2},"end":{"line":64,"column":3}},"18":{"start":{"line":63,"column":4},"end":{"line":63,"column":52}},"19":{"start":{"line":67,"column":2},"end":{"line":73,"column":3}},"20":{"start":{"line":68,"column":21},"end":{"line":68,"column":51}},"21":{"start":{"line":70,"column":4},"end":{"line":72,"column":5}},"22":{"start":{"line":71,"column":6},"end":{"line":71,"column":48}},"23":{"start":{"line":75,"column":20},"end":{"line":75,"column":66}},"24":{"start":{"line":77,"column":21},"end":{"line":82,"column":4}},"25":{"start":{"line":84,"column":2},"end":{"line":84,"column":20}},"26":{"start":{"line":86,"column":2},"end":{"line":88,"column":57}},"27":{"start":{"line":92,"column":27},"end":{"line":178,"column":1}},"28":{"start":{"line":93,"column":21},"end":{"line":93,"column":29}},"29":{"start":{"line":94,"column":41},"end":{"line":94,"column":56}},"30":{"start":{"line":96,"column":18},"end":{"line":96,"column":38}},"31":{"start":{"line":97,"column":2},"end":{"line":97,"column":29}},"32":{"start":{"line":99,"column":2},"end":{"line":177,"column":3}},"33":{"start":{"line":100,"column":27},"end":{"line":102,"column":23}},"34":{"start":{"line":104,"column":4},"end":{"line":106,"column":5}},"35":{"start":{"line":105,"column":6},"end":{"line":105,"column":53}},"36":{"start":{"line":108,"column":43},"end":{"line":108,"column":57}},"37":{"start":{"line":109,"column":27},"end":{"line":109,"column":40}},"38":{"start":{"line":110,"column":26},"end":{"line":110,"column":37}},"39":{"start":{"line":111,"column":24},"end":{"line":111,"column":30}},"40":{"start":{"line":115,"column":27},"end":{"line":118,"column":23}},"41":{"start":{"line":120,"column":4},"end":{"line":150,"column":5}},"42":{"start":{"line":121,"column":6},"end":{"line":125,"column":8}},"43":{"start":{"line":126,"column":6},"end":{"line":126,"column":27}},"44":{"start":{"line":128,"column":22},"end":{"line":133,"column":8}},"45":{"start":{"line":135,"column":6},"end":{"line":135,"column":38}},"46":{"start":{"line":137,"column":28},"end":{"line":137,"column":49}},"47":{"start":{"line":138,"column":6},"end":{"line":143,"column":8}},"48":{"start":{"line":145,"column":6},"end":{"line":149,"column":8}},"49":{"start":{"line":153,"column":4},"end":{"line":157,"column":6}},"50":{"start":{"line":159,"column":22},"end":{"line":161,"column":13}},"51":{"start":{"line":163,"column":4},"end":{"line":163,"column":38}},"52":{"start":{"line":165,"column":4},"end":{"line":170,"column":7}},"53":{"start":{"line":172,"column":4},"end":{"line":172,"column":37}},"54":{"start":{"line":173,"column":4},"end":{"line":173,"column":25}},"55":{"start":{"line":174,"column":4},"end":{"line":174,"column":16}},"56":{"start":{"line":176,"column":4},"end":{"line":176,"column":31}},"57":{"start":{"line":181,"column":25},"end":{"line":218,"column":1}},"58":{"start":{"line":182,"column":21},"end":{"line":182,"column":29}},"59":{"start":{"line":183,"column":24},"end":{"line":183,"column":39}},"60":{"start":{"line":186,"column":22},"end":{"line":186,"column":71}},"61":{"start":{"line":188,"column":2},"end":{"line":190,"column":3}},"62":{"start":{"line":189,"column":4},"end":{"line":189,"column":54}},"63":{"start":{"line":193,"column":25},"end":{"line":195,"column":3}},"64":{"start":{"line":197,"column":2},"end":{"line":199,"column":3}},"65":{"start":{"line":198,"column":4},"end":{"line":198,"column":54}},"66":{"start":{"line":202,"column":20},"end":{"line":205,"column":18}},"67":{"start":{"line":207,"column":2},"end":{"line":209,"column":3}},"68":{"start":{"line":208,"column":4},"end":{"line":208,"column":46}},"69":{"start":{"line":211,"column":18},"end":{"line":211,"column":68}},"70":{"start":{"line":213,"column":2},"end":{"line":213,"column":23}},"71":{"start":{"line":215,"column":2},"end":{"line":217,"column":54}},"72":{"start":{"line":221,"column":23},"end":{"line":258,"column":1}},"73":{"start":{"line":222,"column":21},"end":{"line":222,"column":29}},"74":{"start":{"line":225,"column":23},"end":{"line":225,"column":65}},"75":{"start":{"line":227,"column":2},"end":{"line":236,"column":3}},"76":{"start":{"line":228,"column":4},"end":{"line":235,"column":9}},"77":{"start":{"line":239,"column":18},"end":{"line":239,"column":71}},"78":{"start":{"line":239,"column":45},"end":{"line":239,"column":70}},"79":{"start":{"line":242,"column":26},"end":{"line":244,"column":11}},"80":{"start":{"line":247,"column":17},"end":{"line":253,"column":4}},"81":{"start":{"line":248,"column":20},"end":{"line":250,"column":5}},"82":{"start":{"line":249,"column":19},"end":{"line":249,"column":75}},"83":{"start":{"line":252,"column":4},"end":{"line":252,"column":36}},"84":{"start":{"line":255,"column":2},"end":{"line":257,"column":59}},"85":{"start":{"line":261,"column":26},"end":{"line":280,"column":1}},"86":{"start":{"line":262,"column":21},"end":{"line":262,"column":29}},"87":{"start":{"line":263,"column":25},"end":{"line":263,"column":40}},"88":{"start":{"line":266,"column":2},"end":{"line":268,"column":3}},"89":{"start":{"line":267,"column":4},"end":{"line":267,"column":50}},"90":{"start":{"line":271,"column":22},"end":{"line":273,"column":11}},"91":{"start":{"line":275,"column":2},"end":{"line":277,"column":3}},"92":{"start":{"line":276,"column":4},"end":{"line":276,"column":52}},"93":{"start":{"line":279,"column":2},"end":{"line":279,"column":73}},"94":{"start":{"line":283,"column":26},"end":{"line":297,"column":1}},"95":{"start":{"line":284,"column":21},"end":{"line":284,"column":29}},"96":{"start":{"line":285,"column":24},"end":{"line":285,"column":39}},"97":{"start":{"line":288,"column":25},"end":{"line":291,"column":11}},"98":{"start":{"line":293,"column":2},"end":{"line":295,"column":3}},"99":{"start":{"line":294,"column":4},"end":{"line":294,"column":50}},"100":{"start":{"line":296,"column":2},"end":{"line":296,"column":76}},"101":{"start":{"line":302,"column":29},"end":{"line":348,"column":1}},"102":{"start":{"line":304,"column":21},"end":{"line":304,"column":29}},"103":{"start":{"line":318,"column":6},"end":{"line":318,"column":21}},"104":{"start":{"line":321,"column":2},"end":{"line":323,"column":3}},"105":{"start":{"line":322,"column":4},"end":{"line":322,"column":50}},"106":{"start":{"line":325,"column":18},"end":{"line":325,"column":62}},"107":{"start":{"line":327,"column":22},"end":{"line":327,"column":68}},"108":{"start":{"line":329,"column":21},"end":{"line":329,"column":79}},"109":{"start":{"line":331,"column":2},"end":{"line":333,"column":3}},"110":{"start":{"line":332,"column":4},"end":{"line":332,"column":53}},"111":{"start":{"line":335,"column":25},"end":{"line":339,"column":3}},"112":{"start":{"line":341,"column":2},"end":{"line":343,"column":3}},"113":{"start":{"line":342,"column":4},"end":{"line":342,"column":46}},"114":{"start":{"line":345,"column":2},"end":{"line":347,"column":61}},"115":{"start":{"line":351,"column":28},"end":{"line":379,"column":1}},"116":{"start":{"line":352,"column":21},"end":{"line":352,"column":29}},"117":{"start":{"line":353,"column":26},"end":{"line":353,"column":41}},"118":{"start":{"line":355,"column":22},"end":{"line":358,"column":29}},"119":{"start":{"line":360,"column":2},"end":{"line":362,"column":3}},"120":{"start":{"line":361,"column":4},"end":{"line":361,"column":48}},"121":{"start":{"line":364,"column":20},"end":{"line":364,"column":66}},"122":{"start":{"line":366,"column":24},"end":{"line":370,"column":3}},"123":{"start":{"line":372,"column":2},"end":{"line":374,"column":3}},"124":{"start":{"line":373,"column":4},"end":{"line":373,"column":46}},"125":{"start":{"line":376,"column":2},"end":{"line":378,"column":63}},"126":{"start":{"line":382,"column":32},"end":{"line":410,"column":1}},"127":{"start":{"line":383,"column":21},"end":{"line":383,"column":29}},"128":{"start":{"line":384,"column":26},"end":{"line":384,"column":41}},"129":{"start":{"line":386,"column":22},"end":{"line":389,"column":30}},"130":{"start":{"line":391,"column":2},"end":{"line":393,"column":3}},"131":{"start":{"line":392,"column":4},"end":{"line":392,"column":48}},"132":{"start":{"line":395,"column":20},"end":{"line":395,"column":68}},"133":{"start":{"line":397,"column":28},"end":{"line":401,"column":3}},"134":{"start":{"line":403,"column":2},"end":{"line":405,"column":3}},"135":{"start":{"line":404,"column":4},"end":{"line":404,"column":46}},"136":{"start":{"line":407,"column":2},"end":{"line":409,"column":64}},"137":{"start":{"line":413,"column":29},"end":{"line":474,"column":1}},"138":{"start":{"line":414,"column":21},"end":{"line":414,"column":29}},"139":{"start":{"line":415,"column":46},"end":{"line":415,"column":61}},"140":{"start":{"line":418,"column":26},"end":{"line":420,"column":3}},"141":{"start":{"line":422,"column":2},"end":{"line":424,"column":3}},"142":{"start":{"line":423,"column":4},"end":{"line":423,"column":52}},"143":{"start":{"line":427,"column":2},"end":{"line":433,"column":3}},"144":{"start":{"line":428,"column":21},"end":{"line":428,"column":65}},"145":{"start":{"line":430,"column":4},"end":{"line":432,"column":5}},"146":{"start":{"line":431,"column":6},"end":{"line":431,"column":48}},"147":{"start":{"line":435,"column":2},"end":{"line":455,"column":3}},"148":{"start":{"line":436,"column":4},"end":{"line":438,"column":5}},"149":{"start":{"line":437,"column":6},"end":{"line":437,"column":53}},"150":{"start":{"line":441,"column":27},"end":{"line":443,"column":5}},"151":{"start":{"line":445,"column":4},"end":{"line":447,"column":5}},"152":{"start":{"line":446,"column":6},"end":{"line":446,"column":53}},"153":{"start":{"line":449,"column":22},"end":{"line":449,"column":68}},"154":{"start":{"line":451,"column":4},"end":{"line":451,"column":41}},"155":{"start":{"line":452,"column":4},"end":{"line":452,"column":41}},"156":{"start":{"line":454,"column":4},"end":{"line":454,"column":47}},"157":{"start":{"line":457,"column":22},"end":{"line":457,"column":44}},"158":{"start":{"line":458,"column":2},"end":{"line":458,"column":25}},"159":{"start":{"line":460,"column":25},"end":{"line":464,"column":3}},"160":{"start":{"line":466,"column":2},"end":{"line":468,"column":3}},"161":{"start":{"line":467,"column":4},"end":{"line":467,"column":49}},"162":{"start":{"line":470,"column":2},"end":{"line":473,"column":5}},"163":{"start":{"line":477,"column":26},"end":{"line":496,"column":1}},"164":{"start":{"line":478,"column":21},"end":{"line":478,"column":29}},"165":{"start":{"line":479,"column":28},"end":{"line":479,"column":43}},"166":{"start":{"line":481,"column":2},"end":{"line":483,"column":3}},"167":{"start":{"line":482,"column":4},"end":{"line":482,"column":50}},"168":{"start":{"line":485,"column":22},"end":{"line":489,"column":3}},"169":{"start":{"line":491,"column":2},"end":{"line":493,"column":3}},"170":{"start":{"line":492,"column":4},"end":{"line":492,"column":48}},"171":{"start":{"line":495,"column":2},"end":{"line":495,"column":77}},"172":{"start":{"line":501,"column":29},"end":{"line":530,"column":1}},"173":{"start":{"line":502,"column":23},"end":{"line":502,"column":38}},"174":{"start":{"line":503,"column":21},"end":{"line":503,"column":29}},"175":{"start":{"line":505,"column":26},"end":{"line":508,"column":23}},"176":{"start":{"line":510,"column":2},"end":{"line":512,"column":3}},"177":{"start":{"line":511,"column":4},"end":{"line":511,"column":51}},"178":{"start":{"line":514,"column":20},"end":{"line":514,"column":59}},"179":{"start":{"line":516,"column":2},"end":{"line":518,"column":3}},"180":{"start":{"line":517,"column":4},"end":{"line":517,"column":71}},"181":{"start":{"line":520,"column":25},"end":{"line":523,"column":4}},"182":{"start":{"line":525,"column":2},"end":{"line":527,"column":3}},"183":{"start":{"line":526,"column":4},"end":{"line":526,"column":51}},"184":{"start":{"line":529,"column":2},"end":{"line":529,"column":80}},"185":{"start":{"line":533,"column":26},"end":{"line":544,"column":1}},"186":{"start":{"line":534,"column":17},"end":{"line":534,"column":32}},"187":{"start":{"line":535,"column":21},"end":{"line":535,"column":29}},"188":{"start":{"line":538,"column":22},"end":{"line":538,"column":78}},"189":{"start":{"line":540,"column":2},"end":{"line":542,"column":3}},"190":{"start":{"line":541,"column":4},"end":{"line":541,"column":53}},"191":{"start":{"line":543,"column":2},"end":{"line":543,"column":77}},"192":{"start":{"line":547,"column":28},"end":{"line":579,"column":1}},"193":{"start":{"line":548,"column":23},"end":{"line":548,"column":38}},"194":{"start":{"line":549,"column":21},"end":{"line":549,"column":29}},"195":{"start":{"line":551,"column":26},"end":{"line":554,"column":29}},"196":{"start":{"line":556,"column":2},"end":{"line":558,"column":3}},"197":{"start":{"line":557,"column":4},"end":{"line":557,"column":48}},"198":{"start":{"line":560,"column":20},"end":{"line":560,"column":58}},"199":{"start":{"line":562,"column":2},"end":{"line":564,"column":3}},"200":{"start":{"line":563,"column":4},"end":{"line":563,"column":48}},"201":{"start":{"line":567,"column":22},"end":{"line":571,"column":3}},"202":{"start":{"line":573,"column":2},"end":{"line":575,"column":3}},"203":{"start":{"line":574,"column":4},"end":{"line":574,"column":48}},"204":{"start":{"line":576,"column":2},"end":{"line":578,"column":61}},"205":{"start":{"line":582,"column":32},"end":{"line":617,"column":1}},"206":{"start":{"line":583,"column":23},"end":{"line":583,"column":38}},"207":{"start":{"line":584,"column":21},"end":{"line":584,"column":29}},"208":{"start":{"line":587,"column":26},"end":{"line":590,"column":30}},"209":{"start":{"line":592,"column":2},"end":{"line":594,"column":3}},"210":{"start":{"line":593,"column":4},"end":{"line":593,"column":48}},"211":{"start":{"line":596,"column":20},"end":{"line":596,"column":59}},"212":{"start":{"line":598,"column":2},"end":{"line":600,"column":3}},"213":{"start":{"line":599,"column":4},"end":{"line":599,"column":48}},"214":{"start":{"line":603,"column":22},"end":{"line":607,"column":3}},"215":{"start":{"line":609,"column":2},"end":{"line":611,"column":3}},"216":{"start":{"line":610,"column":4},"end":{"line":610,"column":48}},"217":{"start":{"line":614,"column":2},"end":{"line":616,"column":64}}},"fnMap":{"0":{"name":"(anonymous_0)","decl":{"start":{"line":24,"column":27},"end":{"line":24,"column":28}},"loc":{"start":{"line":24,"column":47},"end":{"line":39,"column":1}},"line":24},"1":{"name":"(anonymous_1)","decl":{"start":{"line":42,"column":27},"end":{"line":42,"column":28}},"loc":{"start":{"line":42,"column":47},"end":{"line":89,"column":1}},"line":42},"2":{"name":"(anonymous_2)","decl":{"start":{"line":92,"column":27},"end":{"line":92,"column":28}},"loc":{"start":{"line":92,"column":53},"end":{"line":178,"column":1}},"line":92},"3":{"name":"(anonymous_3)","decl":{"start":{"line":181,"column":25},"end":{"line":181,"column":26}},"loc":{"start":{"line":181,"column":45},"end":{"line":218,"column":1}},"line":181},"4":{"name":"(anonymous_4)","decl":{"start":{"line":221,"column":23},"end":{"line":221,"column":24}},"loc":{"start":{"line":221,"column":43},"end":{"line":258,"column":1}},"line":221},"5":{"name":"(anonymous_5)","decl":{"start":{"line":239,"column":35},"end":{"line":239,"column":36}},"loc":{"start":{"line":239,"column":45},"end":{"line":239,"column":70}},"line":239},"6":{"name":"(anonymous_6)","decl":{"start":{"line":247,"column":34},"end":{"line":247,"column":35}},"loc":{"start":{"line":247,"column":48},"end":{"line":253,"column":3}},"line":247},"7":{"name":"(anonymous_7)","decl":{"start":{"line":249,"column":6},"end":{"line":249,"column":7}},"loc":{"start":{"line":249,"column":19},"end":{"line":249,"column":75}},"line":249},"8":{"name":"(anonymous_8)","decl":{"start":{"line":261,"column":26},"end":{"line":261,"column":27}},"loc":{"start":{"line":261,"column":46},"end":{"line":280,"column":1}},"line":261},"9":{"name":"(anonymous_9)","decl":{"start":{"line":283,"column":26},"end":{"line":283,"column":27}},"loc":{"start":{"line":283,"column":46},"end":{"line":297,"column":1}},"line":283},"10":{"name":"(anonymous_10)","decl":{"start":{"line":302,"column":29},"end":{"line":302,"column":30}},"loc":{"start":{"line":302,"column":49},"end":{"line":348,"column":1}},"line":302},"11":{"name":"(anonymous_11)","decl":{"start":{"line":351,"column":28},"end":{"line":351,"column":29}},"loc":{"start":{"line":351,"column":48},"end":{"line":379,"column":1}},"line":351},"12":{"name":"(anonymous_12)","decl":{"start":{"line":382,"column":32},"end":{"line":382,"column":33}},"loc":{"start":{"line":382,"column":52},"end":{"line":410,"column":1}},"line":382},"13":{"name":"(anonymous_13)","decl":{"start":{"line":413,"column":29},"end":{"line":413,"column":30}},"loc":{"start":{"line":413,"column":49},"end":{"line":474,"column":1}},"line":413},"14":{"name":"(anonymous_14)","decl":{"start":{"line":477,"column":26},"end":{"line":477,"column":27}},"loc":{"start":{"line":477,"column":46},"end":{"line":496,"column":1}},"line":477},"15":{"name":"(anonymous_15)","decl":{"start":{"line":501,"column":29},"end":{"line":501,"column":30}},"loc":{"start":{"line":501,"column":55},"end":{"line":530,"column":1}},"line":501},"16":{"name":"(anonymous_16)","decl":{"start":{"line":533,"column":26},"end":{"line":533,"column":27}},"loc":{"start":{"line":533,"column":46},"end":{"line":544,"column":1}},"line":533},"17":{"name":"(anonymous_17)","decl":{"start":{"line":547,"column":28},"end":{"line":547,"column":29}},"loc":{"start":{"line":547,"column":48},"end":{"line":579,"column":1}},"line":547},"18":{"name":"(anonymous_18)","decl":{"start":{"line":582,"column":32},"end":{"line":582,"column":33}},"loc":{"start":{"line":582,"column":52},"end":{"line":617,"column":1}},"line":582}},"branchMap":{"0":{"loc":{"start":{"line":28,"column":2},"end":{"line":30,"column":3}},"type":"if","locations":[{"start":{"line":28,"column":2},"end":{"line":30,"column":3}},{"start":{},"end":{}}],"line":28},"1":{"loc":{"start":{"line":46,"column":2},"end":{"line":48,"column":3}},"type":"if","locations":[{"start":{"line":46,"column":2},"end":{"line":48,"column":3}},{"start":{},"end":{}}],"line":46},"2":{"loc":{"start":{"line":53,"column":2},"end":{"line":55,"column":3}},"type":"if","locations":[{"start":{"line":53,"column":2},"end":{"line":55,"column":3}},{"start":{},"end":{}}],"line":53},"3":{"loc":{"start":{"line":62,"column":2},"end":{"line":64,"column":3}},"type":"if","locations":[{"start":{"line":62,"column":2},"end":{"line":64,"column":3}},{"start":{},"end":{}}],"line":62},"4":{"loc":{"start":{"line":67,"column":2},"end":{"line":73,"column":3}},"type":"if","locations":[{"start":{"line":67,"column":2},"end":{"line":73,"column":3}},{"start":{},"end":{}}],"line":67},"5":{"loc":{"start":{"line":70,"column":4},"end":{"line":72,"column":5}},"type":"if","locations":[{"start":{"line":70,"column":4},"end":{"line":72,"column":5}},{"start":{},"end":{}}],"line":70},"6":{"loc":{"start":{"line":104,"column":4},"end":{"line":106,"column":5}},"type":"if","locations":[{"start":{"line":104,"column":4},"end":{"line":106,"column":5}},{"start":{},"end":{}}],"line":104},"7":{"loc":{"start":{"line":120,"column":4},"end":{"line":150,"column":5}},"type":"if","locations":[{"start":{"line":120,"column":4},"end":{"line":150,"column":5}},{"start":{"line":136,"column":11},"end":{"line":150,"column":5}}],"line":120},"8":{"loc":{"start":{"line":188,"column":2},"end":{"line":190,"column":3}},"type":"if","locations":[{"start":{"line":188,"column":2},"end":{"line":190,"column":3}},{"start":{},"end":{}}],"line":188},"9":{"loc":{"start":{"line":197,"column":2},"end":{"line":199,"column":3}},"type":"if","locations":[{"start":{"line":197,"column":2},"end":{"line":199,"column":3}},{"start":{},"end":{}}],"line":197},"10":{"loc":{"start":{"line":207,"column":2},"end":{"line":209,"column":3}},"type":"if","locations":[{"start":{"line":207,"column":2},"end":{"line":209,"column":3}},{"start":{},"end":{}}],"line":207},"11":{"loc":{"start":{"line":227,"column":2},"end":{"line":236,"column":3}},"type":"if","locations":[{"start":{"line":227,"column":2},"end":{"line":236,"column":3}},{"start":{},"end":{}}],"line":227},"12":{"loc":{"start":{"line":227,"column":6},"end":{"line":227,"column":48}},"type":"binary-expr","locations":[{"start":{"line":227,"column":6},"end":{"line":227,"column":19}},{"start":{"line":227,"column":23},"end":{"line":227,"column":48}}],"line":227},"13":{"loc":{"start":{"line":266,"column":2},"end":{"line":268,"column":3}},"type":"if","locations":[{"start":{"line":266,"column":2},"end":{"line":268,"column":3}},{"start":{},"end":{}}],"line":266},"14":{"loc":{"start":{"line":275,"column":2},"end":{"line":277,"column":3}},"type":"if","locations":[{"start":{"line":275,"column":2},"end":{"line":277,"column":3}},{"start":{},"end":{}}],"line":275},"15":{"loc":{"start":{"line":293,"column":2},"end":{"line":295,"column":3}},"type":"if","locations":[{"start":{"line":293,"column":2},"end":{"line":295,"column":3}},{"start":{},"end":{}}],"line":293},"16":{"loc":{"start":{"line":321,"column":2},"end":{"line":323,"column":3}},"type":"if","locations":[{"start":{"line":321,"column":2},"end":{"line":323,"column":3}},{"start":{},"end":{}}],"line":321},"17":{"loc":{"start":{"line":331,"column":2},"end":{"line":333,"column":3}},"type":"if","locations":[{"start":{"line":331,"column":2},"end":{"line":333,"column":3}},{"start":{},"end":{}}],"line":331},"18":{"loc":{"start":{"line":341,"column":2},"end":{"line":343,"column":3}},"type":"if","locations":[{"start":{"line":341,"column":2},"end":{"line":343,"column":3}},{"start":{},"end":{}}],"line":341},"19":{"loc":{"start":{"line":360,"column":2},"end":{"line":362,"column":3}},"type":"if","locations":[{"start":{"line":360,"column":2},"end":{"line":362,"column":3}},{"start":{},"end":{}}],"line":360},"20":{"loc":{"start":{"line":360,"column":6},"end":{"line":360,"column":65}},"type":"binary-expr","locations":[{"start":{"line":360,"column":6},"end":{"line":360,"column":18}},{"start":{"line":360,"column":22},"end":{"line":360,"column":65}}],"line":360},"21":{"loc":{"start":{"line":372,"column":2},"end":{"line":374,"column":3}},"type":"if","locations":[{"start":{"line":372,"column":2},"end":{"line":374,"column":3}},{"start":{},"end":{}}],"line":372},"22":{"loc":{"start":{"line":391,"column":2},"end":{"line":393,"column":3}},"type":"if","locations":[{"start":{"line":391,"column":2},"end":{"line":393,"column":3}},{"start":{},"end":{}}],"line":391},"23":{"loc":{"start":{"line":391,"column":6},"end":{"line":391,"column":66}},"type":"binary-expr","locations":[{"start":{"line":391,"column":6},"end":{"line":391,"column":18}},{"start":{"line":391,"column":22},"end":{"line":391,"column":66}}],"line":391},"24":{"loc":{"start":{"line":403,"column":2},"end":{"line":405,"column":3}},"type":"if","locations":[{"start":{"line":403,"column":2},"end":{"line":405,"column":3}},{"start":{},"end":{}}],"line":403},"25":{"loc":{"start":{"line":422,"column":2},"end":{"line":424,"column":3}},"type":"if","locations":[{"start":{"line":422,"column":2},"end":{"line":424,"column":3}},{"start":{},"end":{}}],"line":422},"26":{"loc":{"start":{"line":427,"column":2},"end":{"line":433,"column":3}},"type":"if","locations":[{"start":{"line":427,"column":2},"end":{"line":433,"column":3}},{"start":{},"end":{}}],"line":427},"27":{"loc":{"start":{"line":430,"column":4},"end":{"line":432,"column":5}},"type":"if","locations":[{"start":{"line":430,"column":4},"end":{"line":432,"column":5}},{"start":{},"end":{}}],"line":430},"28":{"loc":{"start":{"line":435,"column":2},"end":{"line":455,"column":3}},"type":"if","locations":[{"start":{"line":435,"column":2},"end":{"line":455,"column":3}},{"start":{},"end":{}}],"line":435},"29":{"loc":{"start":{"line":436,"column":4},"end":{"line":438,"column":5}},"type":"if","locations":[{"start":{"line":436,"column":4},"end":{"line":438,"column":5}},{"start":{},"end":{}}],"line":436},"30":{"loc":{"start":{"line":445,"column":4},"end":{"line":447,"column":5}},"type":"if","locations":[{"start":{"line":445,"column":4},"end":{"line":447,"column":5}},{"start":{},"end":{}}],"line":445},"31":{"loc":{"start":{"line":466,"column":2},"end":{"line":468,"column":3}},"type":"if","locations":[{"start":{"line":466,"column":2},"end":{"line":468,"column":3}},{"start":{},"end":{}}],"line":466},"32":{"loc":{"start":{"line":481,"column":2},"end":{"line":483,"column":3}},"type":"if","locations":[{"start":{"line":481,"column":2},"end":{"line":483,"column":3}},{"start":{},"end":{}}],"line":481},"33":{"loc":{"start":{"line":491,"column":2},"end":{"line":493,"column":3}},"type":"if","locations":[{"start":{"line":491,"column":2},"end":{"line":493,"column":3}},{"start":{},"end":{}}],"line":491},"34":{"loc":{"start":{"line":510,"column":2},"end":{"line":512,"column":3}},"type":"if","locations":[{"start":{"line":510,"column":2},"end":{"line":512,"column":3}},{"start":{},"end":{}}],"line":510},"35":{"loc":{"start":{"line":516,"column":2},"end":{"line":518,"column":3}},"type":"if","locations":[{"start":{"line":516,"column":2},"end":{"line":518,"column":3}},{"start":{},"end":{}}],"line":516},"36":{"loc":{"start":{"line":525,"column":2},"end":{"line":527,"column":3}},"type":"if","locations":[{"start":{"line":525,"column":2},"end":{"line":527,"column":3}},{"start":{},"end":{}}],"line":525},"37":{"loc":{"start":{"line":540,"column":2},"end":{"line":542,"column":3}},"type":"if","locations":[{"start":{"line":540,"column":2},"end":{"line":542,"column":3}},{"start":{},"end":{}}],"line":540},"38":{"loc":{"start":{"line":556,"column":2},"end":{"line":558,"column":3}},"type":"if","locations":[{"start":{"line":556,"column":2},"end":{"line":558,"column":3}},{"start":{},"end":{}}],"line":556},"39":{"loc":{"start":{"line":562,"column":2},"end":{"line":564,"column":3}},"type":"if","locations":[{"start":{"line":562,"column":2},"end":{"line":564,"column":3}},{"start":{},"end":{}}],"line":562},"40":{"loc":{"start":{"line":573,"column":2},"end":{"line":575,"column":3}},"type":"if","locations":[{"start":{"line":573,"column":2},"end":{"line":575,"column":3}},{"start":{},"end":{}}],"line":573},"41":{"loc":{"start":{"line":592,"column":2},"end":{"line":594,"column":3}},"type":"if","locations":[{"start":{"line":592,"column":2},"end":{"line":594,"column":3}},{"start":{},"end":{}}],"line":592},"42":{"loc":{"start":{"line":598,"column":2},"end":{"line":600,"column":3}},"type":"if","locations":[{"start":{"line":598,"column":2},"end":{"line":600,"column":3}},{"start":{},"end":{}}],"line":598},"43":{"loc":{"start":{"line":609,"column":2},"end":{"line":611,"column":3}},"type":"if","locations":[{"start":{"line":609,"column":2},"end":{"line":611,"column":3}},{"start":{},"end":{}}],"line":609}},"s":{"0":19,"1":6,"2":6,"3":6,"4":2,"5":4,"6":4,"7":4,"8":19,"9":17,"10":17,"11":17,"12":2,"13":15,"14":15,"15":2,"16":13,"17":13,"18":2,"19":11,"20":7,"21":7,"22":4,"23":7,"24":4,"25":4,"26":4,"27":19,"28":3,"29":3,"30":3,"31":3,"32":3,"33":3,"34":3,"35":1,"36":2,"37":2,"38":2,"39":2,"40":2,"41":2,"42":1,"43":1,"44":1,"45":1,"46":1,"47":1,"48":1,"49":2,"50":2,"51":2,"52":2,"53":1,"54":1,"55":1,"56":3,"57":19,"58":9,"59":9,"60":9,"61":9,"62":2,"63":7,"64":7,"65":3,"66":4,"67":4,"68":2,"69":2,"70":2,"71":2,"72":19,"73":4,"74":4,"75":4,"76":1,"77":3,"78":4,"79":3,"80":3,"81":4,"82":4,"83":4,"84":3,"85":19,"86":12,"87":12,"88":12,"89":4,"90":8,"91":8,"92":2,"93":6,"94":19,"95":4,"96":4,"97":4,"98":4,"99":2,"100":2,"101":19,"102":8,"103":8,"104":8,"105":2,"106":6,"107":6,"108":6,"109":6,"110":2,"111":4,"112":4,"113":2,"114":2,"115":19,"116":7,"117":7,"118":7,"119":7,"120":3,"121":4,"122":4,"123":4,"124":2,"125":2,"126":19,"127":7,"128":7,"129":7,"130":7,"131":3,"132":4,"133":4,"134":4,"135":2,"136":2,"137":19,"138":17,"139":17,"140":17,"141":17,"142":3,"143":14,"144":3,"145":3,"146":3,"147":11,"148":10,"149":2,"150":8,"151":8,"152":4,"153":4,"154":4,"155":4,"156":4,"157":5,"158":5,"159":5,"160":5,"161":2,"162":3,"163":19,"164":7,"165":7,"166":7,"167":2,"168":5,"169":5,"170":3,"171":2,"172":19,"173":11,"174":11,"175":11,"176":11,"177":3,"178":8,"179":8,"180":2,"181":6,"182":6,"183":2,"184":4,"185":19,"186":3,"187":3,"188":3,"189":3,"190":2,"191":1,"192":19,"193":9,"194":9,"195":9,"196":9,"197":3,"198":6,"199":6,"200":2,"201":4,"202":4,"203":2,"204":2,"205":19,"206":9,"207":9,"208":9,"209":9,"210":3,"211":6,"212":6,"213":2,"214":4,"215":4,"216":2,"217":2},"f":{"0":6,"1":17,"2":3,"3":9,"4":4,"5":4,"6":4,"7":4,"8":12,"9":4,"10":8,"11":7,"12":7,"13":17,"14":7,"15":11,"16":3,"17":9,"18":9},"b":{"0":[2,4],"1":[2,15],"2":[2,13],"3":[2,11],"4":[7,4],"5":[4,3],"6":[1,2],"7":[1,1],"8":[2,7],"9":[3,4],"10":[2,2],"11":[1,3],"12":[4,4],"13":[4,8],"14":[2,6],"15":[2,2],"16":[2,6],"17":[2,4],"18":[2,2],"19":[3,4],"20":[7,6],"21":[2,2],"22":[3,4],"23":[7,6],"24":[2,2],"25":[3,14],"26":[3,11],"27":[3,0],"28":[10,1],"29":[2,8],"30":[4,4],"31":[2,3],"32":[2,5],"33":[3,2],"34":[3,8],"35":[2,6],"36":[2,4],"37":[2,1],"38":[3,6],"39":[2,4],"40":[2,2],"41":[3,6],"42":[2,4],"43":[2,2]},"_coverageSchema":"1a1c01bbd47fc00a2c39e90264f33305004495a9","hash":"e404c64ed27011ad973ab7a6759156bb2aac223b"}
,"C:\\Users\\Amoo\\Desktop\\Portfolio\\Ecommerce\\server\\controllers\\protectedControllers.js": {"path":"C:\\Users\\Amoo\\Desktop\\Portfolio\\Ecommerce\\server\\controllers\\protectedControllers.js","statementMap":{"0":{"start":{"line":8,"column":29},"end":{"line":43,"column":1}},"1":{"start":{"line":9,"column":24},"end":{"line":9,"column":39}},"2":{"start":{"line":10,"column":17},"end":{"line":10,"column":23}},"3":{"start":{"line":12,"column":25},"end":{"line":16,"column":11}},"4":{"start":{"line":18,"column":2},"end":{"line":20,"column":3}},"5":{"start":{"line":19,"column":4},"end":{"line":19,"column":51}},"6":{"start":{"line":22,"column":2},"end":{"line":24,"column":3}},"7":{"start":{"line":23,"column":4},"end":{"line":23,"column":23}},"8":{"start":{"line":26,"column":22},"end":{"line":30,"column":11}},"9":{"start":{"line":32,"column":2},"end":{"line":34,"column":3}},"10":{"start":{"line":33,"column":4},"end":{"line":33,"column":48}},"11":{"start":{"line":36,"column":2},"end":{"line":42,"column":7}},"12":{"start":{"line":45,"column":27},"end":{"line":73,"column":1}},"13":{"start":{"line":46,"column":21},"end":{"line":46,"column":36}},"14":{"start":{"line":48,"column":17},"end":{"line":48,"column":23}},"15":{"start":{"line":50,"column":22},"end":{"line":52,"column":3}},"16":{"start":{"line":54,"column":2},"end":{"line":56,"column":3}},"17":{"start":{"line":55,"column":4},"end":{"line":55,"column":48}},"18":{"start":{"line":58,"column":2},"end":{"line":60,"column":3}},"19":{"start":{"line":59,"column":4},"end":{"line":59,"column":23}},"20":{"start":{"line":62,"column":25},"end":{"line":64,"column":3}},"21":{"start":{"line":66,"column":2},"end":{"line":72,"column":5}}},"fnMap":{"0":{"name":"(anonymous_0)","decl":{"start":{"line":8,"column":29},"end":{"line":8,"column":30}},"loc":{"start":{"line":8,"column":49},"end":{"line":43,"column":1}},"line":8},"1":{"name":"(anonymous_1)","decl":{"start":{"line":45,"column":27},"end":{"line":45,"column":28}},"loc":{"start":{"line":45,"column":47},"end":{"line":73,"column":1}},"line":45}},"branchMap":{"0":{"loc":{"start":{"line":18,"column":2},"end":{"line":20,"column":3}},"type":"if","locations":[{"start":{"line":18,"column":2},"end":{"line":20,"column":3}},{"start":{},"end":{}}],"line":18},"1":{"loc":{"start":{"line":22,"column":2},"end":{"line":24,"column":3}},"type":"if","locations":[{"start":{"line":22,"column":2},"end":{"line":24,"column":3}},{"start":{},"end":{}}],"line":22},"2":{"loc":{"start":{"line":22,"column":6},"end":{"line":22,"column":70}},"type":"binary-expr","locations":[{"start":{"line":22,"column":6},"end":{"line":22,"column":14}},{"start":{"line":22,"column":18},"end":{"line":22,"column":70}}],"line":22},"3":{"loc":{"start":{"line":32,"column":2},"end":{"line":34,"column":3}},"type":"if","locations":[{"start":{"line":32,"column":2},"end":{"line":34,"column":3}},{"start":{},"end":{}}],"line":32},"4":{"loc":{"start":{"line":54,"column":2},"end":{"line":56,"column":3}},"type":"if","locations":[{"start":{"line":54,"column":2},"end":{"line":56,"column":3}},{"start":{},"end":{}}],"line":54},"5":{"loc":{"start":{"line":58,"column":2},"end":{"line":60,"column":3}},"type":"if","locations":[{"start":{"line":58,"column":2},"end":{"line":60,"column":3}},{"start":{},"end":{}}],"line":58},"6":{"loc":{"start":{"line":58,"column":6},"end":{"line":58,"column":64}},"type":"binary-expr","locations":[{"start":{"line":58,"column":6},"end":{"line":58,"column":14}},{"start":{"line":58,"column":18},"end":{"line":58,"column":64}}],"line":58}},"s":{"0":6,"1":6,"2":6,"3":6,"4":6,"5":2,"6":4,"7":2,"8":4,"9":4,"10":0,"11":4,"12":6,"13":3,"14":3,"15":3,"16":3,"17":2,"18":1,"19":1,"20":1,"21":1},"f":{"0":6,"1":3},"b":{"0":[2,4],"1":[2,2],"2":[4,3],"3":[0,4],"4":[2,1],"5":[1,0],"6":[1,1]},"_coverageSchema":"1a1c01bbd47fc00a2c39e90264f33305004495a9","hash":"649aa85c9b80cdc65ffc0928e371141cd1eeb312"}
,"C:\\Users\\Amoo\\Desktop\\Portfolio\\Ecommerce\\server\\controllers\\publicControllers.js": {"path":"C:\\Users\\Amoo\\Desktop\\Portfolio\\Ecommerce\\server\\controllers\\publicControllers.js","statementMap":{"0":{"start":{"line":8,"column":0},"end":{"line":8,"column":16}},"1":{"start":{"line":27,"column":25},"end":{"line":32,"column":1}},"2":{"start":{"line":28,"column":2},"end":{"line":30,"column":3}},"3":{"start":{"line":29,"column":4},"end":{"line":29,"column":50}},"4":{"start":{"line":31,"column":2},"end":{"line":31,"column":66}},"5":{"start":{"line":35,"column":26},"end":{"line":79,"column":1}},"6":{"start":{"line":49,"column":6},"end":{"line":49,"column":21}},"7":{"start":{"line":50,"column":18},"end":{"line":50,"column":62}},"8":{"start":{"line":52,"column":2},"end":{"line":54,"column":3}},"9":{"start":{"line":53,"column":4},"end":{"line":53,"column":56}},"10":{"start":{"line":57,"column":20},"end":{"line":57,"column":49}},"11":{"start":{"line":59,"column":2},"end":{"line":61,"column":3}},"12":{"start":{"line":60,"column":4},"end":{"line":60,"column":69}},"13":{"start":{"line":64,"column":18},"end":{"line":71,"column":4}},"14":{"start":{"line":74,"column":2},"end":{"line":74,"column":23}},"15":{"start":{"line":76,"column":2},"end":{"line":78,"column":69}},"16":{"start":{"line":82,"column":21},"end":{"line":125,"column":1}},"17":{"start":{"line":83,"column":30},"end":{"line":83,"column":45}},"18":{"start":{"line":85,"column":20},"end":{"line":85,"column":49}},"19":{"start":{"line":87,"column":2},"end":{"line":89,"column":3}},"20":{"start":{"line":88,"column":4},"end":{"line":88,"column":70}},"21":{"start":{"line":91,"column":18},"end":{"line":91,"column":59}},"22":{"start":{"line":93,"column":2},"end":{"line":95,"column":3}},"23":{"start":{"line":94,"column":4},"end":{"line":94,"column":57}},"24":{"start":{"line":97,"column":39},"end":{"line":97,"column":48}},"25":{"start":{"line":99,"column":18},"end":{"line":99,"column":54}},"26":{"start":{"line":102,"column":40},"end":{"line":102,"column":61}},"27":{"start":{"line":104,"column":2},"end":{"line":108,"column":4}},"28":{"start":{"line":110,"column":2},"end":{"line":115,"column":5}},"29":{"start":{"line":117,"column":2},"end":{"line":124,"column":5}},"30":{"start":{"line":129,"column":28},"end":{"line":170,"column":1}},"31":{"start":{"line":130,"column":47},"end":{"line":130,"column":58}},"32":{"start":{"line":132,"column":2},"end":{"line":134,"column":3}},"33":{"start":{"line":133,"column":4},"end":{"line":133,"column":50}},"34":{"start":{"line":137,"column":15},"end":{"line":137,"column":71}},"35":{"start":{"line":139,"column":2},"end":{"line":169,"column":3}},"36":{"start":{"line":140,"column":4},"end":{"line":140,"column":50}},"37":{"start":{"line":142,"column":4},"end":{"line":168,"column":5}},"38":{"start":{"line":143,"column":21},"end":{"line":146,"column":7}},"39":{"start":{"line":148,"column":6},"end":{"line":150,"column":7}},"40":{"start":{"line":149,"column":8},"end":{"line":149,"column":54}},"41":{"start":{"line":152,"column":43},"end":{"line":152,"column":47}},"42":{"start":{"line":153,"column":22},"end":{"line":153,"column":58}},"43":{"start":{"line":155,"column":26},"end":{"line":157,"column":8}},"44":{"start":{"line":159,"column":6},"end":{"line":165,"column":9}},"45":{"start":{"line":167,"column":6},"end":{"line":167,"column":52}},"46":{"start":{"line":173,"column":22},"end":{"line":207,"column":1}},"47":{"start":{"line":174,"column":47},"end":{"line":174,"column":58}},"48":{"start":{"line":176,"column":2},"end":{"line":178,"column":3}},"49":{"start":{"line":177,"column":4},"end":{"line":177,"column":51}},"50":{"start":{"line":180,"column":28},"end":{"line":182,"column":4}},"51":{"start":{"line":184,"column":2},"end":{"line":206,"column":3}},"52":{"start":{"line":185,"column":31},"end":{"line":189,"column":5}},"53":{"start":{"line":191,"column":4},"end":{"line":198,"column":5}},"54":{"start":{"line":192,"column":6},"end":{"line":196,"column":9}},"55":{"start":{"line":197,"column":6},"end":{"line":197,"column":53}},"56":{"start":{"line":200,"column":4},"end":{"line":204,"column":7}},"57":{"start":{"line":205,"column":4},"end":{"line":205,"column":51}},"58":{"start":{"line":210,"column":27},"end":{"line":214,"column":1}},"59":{"start":{"line":211,"column":18},"end":{"line":211,"column":54}},"60":{"start":{"line":213,"column":2},"end":{"line":213,"column":61}},"61":{"start":{"line":217,"column":30},"end":{"line":287,"column":1}},"62":{"start":{"line":226,"column":6},"end":{"line":226,"column":15}},"63":{"start":{"line":228,"column":23},"end":{"line":228,"column":41}},"64":{"start":{"line":230,"column":2},"end":{"line":230,"column":30}},"65":{"start":{"line":232,"column":2},"end":{"line":234,"column":3}},"66":{"start":{"line":233,"column":4},"end":{"line":233,"column":39}},"67":{"start":{"line":236,"column":2},"end":{"line":238,"column":3}},"68":{"start":{"line":237,"column":4},"end":{"line":237,"column":50}},"69":{"start":{"line":241,"column":2},"end":{"line":246,"column":3}},"70":{"start":{"line":242,"column":4},"end":{"line":245,"column":6}},"71":{"start":{"line":249,"column":2},"end":{"line":251,"column":3}},"72":{"start":{"line":250,"column":4},"end":{"line":250,"column":77}},"73":{"start":{"line":254,"column":2},"end":{"line":259,"column":3}},"74":{"start":{"line":255,"column":4},"end":{"line":258,"column":6}},"75":{"start":{"line":262,"column":22},"end":{"line":267,"column":3}},"76":{"start":{"line":270,"column":21},"end":{"line":270,"column":60}},"77":{"start":{"line":272,"column":2},"end":{"line":286,"column":3}},"78":{"start":{"line":273,"column":21},"end":{"line":277,"column":7}},"79":{"start":{"line":279,"column":4},"end":{"line":281,"column":74}},"80":{"start":{"line":283,"column":4},"end":{"line":285,"column":74}},"81":{"start":{"line":290,"column":23},"end":{"line":331,"column":1}},"82":{"start":{"line":291,"column":17},"end":{"line":291,"column":27}},"83":{"start":{"line":294,"column":22},"end":{"line":294,"column":58}},"84":{"start":{"line":296,"column":2},"end":{"line":303,"column":3}},"85":{"start":{"line":297,"column":4},"end":{"line":302,"column":7}},"86":{"start":{"line":306,"column":18},"end":{"line":306,"column":56}},"87":{"start":{"line":306,"column":44},"end":{"line":306,"column":55}},"88":{"start":{"line":309,"column":26},"end":{"line":311,"column":3}},"89":{"start":{"line":314,"column":18},"end":{"line":317,"column":8}},"90":{"start":{"line":315,"column":4},"end":{"line":315,"column":25}},"91":{"start":{"line":316,"column":4},"end":{"line":316,"column":15}},"92":{"start":{"line":320,"column":23},"end":{"line":323,"column":5}},"93":{"start":{"line":320,"column":50},"end":{"line":323,"column":3}},"94":{"start":{"line":326,"column":2},"end":{"line":330,"column":5}}},"fnMap":{"0":{"name":"(anonymous_0)","decl":{"start":{"line":27,"column":25},"end":{"line":27,"column":26}},"loc":{"start":{"line":27,"column":45},"end":{"line":32,"column":1}},"line":27},"1":{"name":"(anonymous_1)","decl":{"start":{"line":35,"column":26},"end":{"line":35,"column":27}},"loc":{"start":{"line":35,"column":46},"end":{"line":79,"column":1}},"line":35},"2":{"name":"(anonymous_2)","decl":{"start":{"line":82,"column":21},"end":{"line":82,"column":22}},"loc":{"start":{"line":82,"column":41},"end":{"line":125,"column":1}},"line":82},"3":{"name":"(anonymous_3)","decl":{"start":{"line":129,"column":28},"end":{"line":129,"column":29}},"loc":{"start":{"line":129,"column":48},"end":{"line":170,"column":1}},"line":129},"4":{"name":"(anonymous_4)","decl":{"start":{"line":173,"column":22},"end":{"line":173,"column":23}},"loc":{"start":{"line":173,"column":42},"end":{"line":207,"column":1}},"line":173},"5":{"name":"(anonymous_5)","decl":{"start":{"line":210,"column":27},"end":{"line":210,"column":28}},"loc":{"start":{"line":210,"column":47},"end":{"line":214,"column":1}},"line":210},"6":{"name":"(anonymous_6)","decl":{"start":{"line":217,"column":30},"end":{"line":217,"column":31}},"loc":{"start":{"line":217,"column":50},"end":{"line":287,"column":1}},"line":217},"7":{"name":"(anonymous_7)","decl":{"start":{"line":290,"column":23},"end":{"line":290,"column":24}},"loc":{"start":{"line":290,"column":43},"end":{"line":331,"column":1}},"line":290},"8":{"name":"(anonymous_8)","decl":{"start":{"line":306,"column":34},"end":{"line":306,"column":35}},"loc":{"start":{"line":306,"column":44},"end":{"line":306,"column":55}},"line":306},"9":{"name":"(anonymous_9)","decl":{"start":{"line":314,"column":41},"end":{"line":314,"column":42}},"loc":{"start":{"line":314,"column":56},"end":{"line":317,"column":3}},"line":314},"10":{"name":"(anonymous_10)","decl":{"start":{"line":320,"column":39},"end":{"line":320,"column":40}},"loc":{"start":{"line":320,"column":50},"end":{"line":323,"column":3}},"line":320}},"branchMap":{"0":{"loc":{"start":{"line":28,"column":2},"end":{"line":30,"column":3}},"type":"if","locations":[{"start":{"line":28,"column":2},"end":{"line":30,"column":3}},{"start":{},"end":{}}],"line":28},"1":{"loc":{"start":{"line":52,"column":2},"end":{"line":54,"column":3}},"type":"if","locations":[{"start":{"line":52,"column":2},"end":{"line":54,"column":3}},{"start":{},"end":{}}],"line":52},"2":{"loc":{"start":{"line":59,"column":2},"end":{"line":61,"column":3}},"type":"if","locations":[{"start":{"line":59,"column":2},"end":{"line":61,"column":3}},{"start":{},"end":{}}],"line":59},"3":{"loc":{"start":{"line":87,"column":2},"end":{"line":89,"column":3}},"type":"if","locations":[{"start":{"line":87,"column":2},"end":{"line":89,"column":3}},{"start":{},"end":{}}],"line":87},"4":{"loc":{"start":{"line":93,"column":2},"end":{"line":95,"column":3}},"type":"if","locations":[{"start":{"line":93,"column":2},"end":{"line":95,"column":3}},{"start":{},"end":{}}],"line":93},"5":{"loc":{"start":{"line":132,"column":2},"end":{"line":134,"column":3}},"type":"if","locations":[{"start":{"line":132,"column":2},"end":{"line":134,"column":3}},{"start":{},"end":{}}],"line":132},"6":{"loc":{"start":{"line":139,"column":2},"end":{"line":169,"column":3}},"type":"if","locations":[{"start":{"line":139,"column":2},"end":{"line":169,"column":3}},{"start":{"line":141,"column":9},"end":{"line":169,"column":3}}],"line":139},"7":{"loc":{"start":{"line":148,"column":6},"end":{"line":150,"column":7}},"type":"if","locations":[{"start":{"line":148,"column":6},"end":{"line":150,"column":7}},{"start":{},"end":{}}],"line":148},"8":{"loc":{"start":{"line":176,"column":2},"end":{"line":178,"column":3}},"type":"if","locations":[{"start":{"line":176,"column":2},"end":{"line":178,"column":3}},{"start":{},"end":{}}],"line":176},"9":{"loc":{"start":{"line":184,"column":2},"end":{"line":206,"column":3}},"type":"if","locations":[{"start":{"line":184,"column":2},"end":{"line":206,"column":3}},{"start":{"line":199,"column":9},"end":{"line":206,"column":3}}],"line":184},"10":{"loc":{"start":{"line":191,"column":4},"end":{"line":198,"column":5}},"type":"if","locations":[{"start":{"line":191,"column":4},"end":{"line":198,"column":5}},{"start":{},"end":{}}],"line":191},"11":{"loc":{"start":{"line":232,"column":2},"end":{"line":234,"column":3}},"type":"if","locations":[{"start":{"line":232,"column":2},"end":{"line":234,"column":3}},{"start":{},"end":{}}],"line":232},"12":{"loc":{"start":{"line":236,"column":2},"end":{"line":238,"column":3}},"type":"if","locations":[{"start":{"line":236,"column":2},"end":{"line":238,"column":3}},{"start":{},"end":{}}],"line":236},"13":{"loc":{"start":{"line":241,"column":2},"end":{"line":246,"column":3}},"type":"if","locations":[{"start":{"line":241,"column":2},"end":{"line":246,"column":3}},{"start":{},"end":{}}],"line":241},"14":{"loc":{"start":{"line":241,"column":6},"end":{"line":241,"column":41}},"type":"binary-expr","locations":[{"start":{"line":241,"column":6},"end":{"line":241,"column":12}},{"start":{"line":241,"column":16},"end":{"line":241,"column":26}},{"start":{"line":241,"column":30},"end":{"line":241,"column":41}}],"line":241},"15":{"loc":{"start":{"line":244,"column":12},"end":{"line":244,"column":64}},"type":"cond-expr","locations":[{"start":{"line":244,"column":27},"end":{"line":244,"column":41}},{"start":{"line":244,"column":44},"end":{"line":244,"column":64}}],"line":244},"16":{"loc":{"start":{"line":249,"column":2},"end":{"line":251,"column":3}},"type":"if","locations":[{"start":{"line":249,"column":2},"end":{"line":251,"column":3}},{"start":{},"end":{}}],"line":249},"17":{"loc":{"start":{"line":249,"column":6},"end":{"line":249,"column":68}},"type":"binary-expr","locations":[{"start":{"line":249,"column":6},"end":{"line":249,"column":14}},{"start":{"line":249,"column":18},"end":{"line":249,"column":27}},{"start":{"line":249,"column":31},"end":{"line":249,"column":68}}],"line":249},"18":{"loc":{"start":{"line":254,"column":2},"end":{"line":259,"column":3}},"type":"if","locations":[{"start":{"line":254,"column":2},"end":{"line":259,"column":3}},{"start":{},"end":{}}],"line":254},"19":{"loc":{"start":{"line":270,"column":21},"end":{"line":270,"column":60}},"type":"binary-expr","locations":[{"start":{"line":270,"column":21},"end":{"line":270,"column":38}},{"start":{"line":270,"column":42},"end":{"line":270,"column":60}}],"line":270},"20":{"loc":{"start":{"line":296,"column":2},"end":{"line":303,"column":3}},"type":"if","locations":[{"start":{"line":296,"column":2},"end":{"line":303,"column":3}},{"start":{},"end":{}}],"line":296},"21":{"loc":{"start":{"line":296,"column":6},"end":{"line":296,"column":46}},"type":"binary-expr","locations":[{"start":{"line":296,"column":6},"end":{"line":296,"column":18}},{"start":{"line":296,"column":22},"end":{"line":296,"column":46}}],"line":296}},"s":{"0":10,"1":10,"2":3,"3":2,"4":1,"5":10,"6":11,"7":11,"8":11,"9":3,"10":8,"11":8,"12":3,"13":5,"14":5,"15":5,"16":10,"17":11,"18":11,"19":11,"20":3,"21":8,"22":8,"23":3,"24":5,"25":5,"26":5,"27":5,"28":5,"29":5,"30":10,"31":9,"32":9,"33":3,"34":6,"35":6,"36":4,"37":2,"38":2,"39":2,"40":0,"41":2,"42":2,"43":2,"44":2,"45":0,"46":10,"47":0,"48":0,"49":0,"50":0,"51":0,"52":0,"53":0,"54":0,"55":0,"56":0,"57":0,"58":10,"59":7,"60":7,"61":10,"62":16,"63":16,"64":16,"65":16,"66":7,"67":16,"68":0,"69":16,"70":5,"71":16,"72":6,"73":16,"74":0,"75":16,"76":16,"77":16,"78":16,"79":16,"80":0,"81":10,"82":0,"83":0,"84":0,"85":0,"86":0,"87":0,"88":0,"89":0,"90":0,"91":0,"92":0,"93":0,"94":0},"f":{"0":3,"1":11,"2":11,"3":9,"4":0,"5":7,"6":16,"7":0,"8":0,"9":0,"10":0},"b":{"0":[2,1],"1":[3,8],"2":[3,5],"3":[3,8],"4":[3,5],"5":[3,6],"6":[4,2],"7":[0,2],"8":[0,0],"9":[0,0],"10":[0,0],"11":[7,9],"12":[0,16],"13":[5,11],"14":[16,6,6],"15":[0,5],"16":[6,10],"17":[16,7,6],"18":[0,16],"19":[16,8],"20":[0,0],"21":[0,0]},"_coverageSchema":"1a1c01bbd47fc00a2c39e90264f33305004495a9","hash":"286225d808ba43ffd8f39038f0e1402969138392"}
,"C:\\Users\\Amoo\\Desktop\\Portfolio\\Ecommerce\\server\\errors\\bad-request.js": {"path":"C:\\Users\\Amoo\\Desktop\\Portfolio\\Ecommerce\\server\\errors\\bad-request.js","statementMap":{"0":{"start":{"line":6,"column":4},"end":{"line":6,"column":19}},"1":{"start":{"line":7,"column":4},"end":{"line":7,"column":46}}},"fnMap":{"0":{"name":"(anonymous_0)","decl":{"start":{"line":5,"column":2},"end":{"line":5,"column":3}},"loc":{"start":{"line":5,"column":23},"end":{"line":8,"column":3}},"line":5}},"branchMap":{},"s":{"0":120,"1":120},"f":{"0":120},"b":{},"_coverageSchema":"1a1c01bbd47fc00a2c39e90264f33305004495a9","hash":"d145d534531f2df045c2af7e66654d8251b55cf9"}
,"C:\\Users\\Amoo\\Desktop\\Portfolio\\Ecommerce\\server\\errors\\convention-error.js": {"path":"C:\\Users\\Amoo\\Desktop\\Portfolio\\Ecommerce\\server\\errors\\convention-error.js","statementMap":{"0":{"start":{"line":6,"column":4},"end":{"line":6,"column":19}},"1":{"start":{"line":7,"column":4},"end":{"line":7,"column":43}}},"fnMap":{"0":{"name":"(anonymous_0)","decl":{"start":{"line":5,"column":2},"end":{"line":5,"column":3}},"loc":{"start":{"line":5,"column":23},"end":{"line":8,"column":3}},"line":5}},"branchMap":{},"s":{"0":6,"1":6},"f":{"0":6},"b":{},"_coverageSchema":"1a1c01bbd47fc00a2c39e90264f33305004495a9","hash":"500e70e5ada9fc575a69ea55d375c2bbf3b0973b"}
,"C:\\Users\\Amoo\\Desktop\\Portfolio\\Ecommerce\\server\\errors\\csrf-error.js": {"path":"C:\\Users\\Amoo\\Desktop\\Portfolio\\Ecommerce\\server\\errors\\csrf-error.js","statementMap":{"0":{"start":{"line":6,"column":4},"end":{"line":6,"column":19}},"1":{"start":{"line":7,"column":4},"end":{"line":7,"column":44}}},"fnMap":{"0":{"name":"(anonymous_0)","decl":{"start":{"line":5,"column":2},"end":{"line":5,"column":3}},"loc":{"start":{"line":5,"column":23},"end":{"line":8,"column":3}},"line":5}},"branchMap":{},"s":{"0":2,"1":2},"f":{"0":2},"b":{},"_coverageSchema":"1a1c01bbd47fc00a2c39e90264f33305004495a9","hash":"0b9c6f61bd69e41d82c42fe33c88daeeeca91e5e"}
,"C:\\Users\\Amoo\\Desktop\\Portfolio\\Ecommerce\\server\\errors\\custom-error.js": {"path":"C:\\Users\\Amoo\\Desktop\\Portfolio\\Ecommerce\\server\\errors\\custom-error.js","statementMap":{"0":{"start":{"line":3,"column":4},"end":{"line":3,"column":19}}},"fnMap":{"0":{"name":"(anonymous_0)","decl":{"start":{"line":2,"column":2},"end":{"line":2,"column":3}},"loc":{"start":{"line":2,"column":23},"end":{"line":4,"column":3}},"line":2}},"branchMap":{},"s":{"0":181},"f":{"0":181},"b":{},"_coverageSchema":"1a1c01bbd47fc00a2c39e90264f33305004495a9","hash":"57b0666d1cb0a4d839a6df939f9868040f44ac29"}
,"C:\\Users\\Amoo\\Desktop\\Portfolio\\Ecommerce\\server\\errors\\forbidden.js": {"path":"C:\\Users\\Amoo\\Desktop\\Portfolio\\Ecommerce\\server\\errors\\forbidden.js","statementMap":{"0":{"start":{"line":6,"column":4},"end":{"line":6,"column":19}},"1":{"start":{"line":7,"column":4},"end":{"line":7,"column":44}}},"fnMap":{"0":{"name":"(anonymous_0)","decl":{"start":{"line":5,"column":2},"end":{"line":5,"column":3}},"loc":{"start":{"line":5,"column":23},"end":{"line":8,"column":3}},"line":5}},"branchMap":{},"s":{"0":21,"1":21},"f":{"0":21},"b":{},"_coverageSchema":"1a1c01bbd47fc00a2c39e90264f33305004495a9","hash":"abc2960a9d21d79a1bd2a547ed339f3a2accff8a"}
,"C:\\Users\\Amoo\\Desktop\\Portfolio\\Ecommerce\\server\\errors\\index.js": {"path":"C:\\Users\\Amoo\\Desktop\\Portfolio\\Ecommerce\\server\\errors\\index.js","statementMap":{},"fnMap":{},"branchMap":{},"s":{},"f":{},"b":{},"_coverageSchema":"1a1c01bbd47fc00a2c39e90264f33305004495a9","hash":"749e51d3c9df26e8cc22d9a61403fca4d08d7659"}
,"C:\\Users\\Amoo\\Desktop\\Portfolio\\Ecommerce\\server\\errors\\no-content.js": {"path":"C:\\Users\\Amoo\\Desktop\\Portfolio\\Ecommerce\\server\\errors\\no-content.js","statementMap":{"0":{"start":{"line":6,"column":4},"end":{"line":6,"column":19}},"1":{"start":{"line":7,"column":4},"end":{"line":7,"column":45}}},"fnMap":{"0":{"name":"(anonymous_0)","decl":{"start":{"line":5,"column":2},"end":{"line":5,"column":3}},"loc":{"start":{"line":5,"column":23},"end":{"line":8,"column":3}},"line":5}},"branchMap":{},"s":{"0":1,"1":1},"f":{"0":1},"b":{},"_coverageSchema":"1a1c01bbd47fc00a2c39e90264f33305004495a9","hash":"a694b8113767ab448b517aa81ef59767c5245c99"}
,"C:\\Users\\Amoo\\Desktop\\Portfolio\\Ecommerce\\server\\errors\\not-found.js": {"path":"C:\\Users\\Amoo\\Desktop\\Portfolio\\Ecommerce\\server\\errors\\not-found.js","statementMap":{"0":{"start":{"line":6,"column":4},"end":{"line":6,"column":19}},"1":{"start":{"line":7,"column":4},"end":{"line":7,"column":44}}},"fnMap":{"0":{"name":"(anonymous_0)","decl":{"start":{"line":5,"column":2},"end":{"line":5,"column":3}},"loc":{"start":{"line":5,"column":23},"end":{"line":8,"column":3}},"line":5}},"branchMap":{},"s":{"0":14,"1":14},"f":{"0":14},"b":{},"_coverageSchema":"1a1c01bbd47fc00a2c39e90264f33305004495a9","hash":"151087868b7f1d105d7f6846e9dd142d0d6f25ee"}
,"C:\\Users\\Amoo\\Desktop\\Portfolio\\Ecommerce\\server\\errors\\unauthenticated.js": {"path":"C:\\Users\\Amoo\\Desktop\\Portfolio\\Ecommerce\\server\\errors\\unauthenticated.js","statementMap":{"0":{"start":{"line":6,"column":4},"end":{"line":6,"column":19}},"1":{"start":{"line":7,"column":4},"end":{"line":7,"column":47}}},"fnMap":{"0":{"name":"(anonymous_0)","decl":{"start":{"line":5,"column":2},"end":{"line":5,"column":3}},"loc":{"start":{"line":5,"column":23},"end":{"line":8,"column":3}},"line":5}},"branchMap":{},"s":{"0":17,"1":17},"f":{"0":17},"b":{},"_coverageSchema":"1a1c01bbd47fc00a2c39e90264f33305004495a9","hash":"1f7ce5a009923d2d6a394c79f16376584d59202d"}
,"C:\\Users\\Amoo\\Desktop\\Portfolio\\Ecommerce\\server\\middleware\\credentials.js": {"path":"C:\\Users\\Amoo\\Desktop\\Portfolio\\Ecommerce\\server\\middleware\\credentials.js","statementMap":{"0":{"start":{"line":3,"column":20},"end":{"line":15,"column":1}},"1":{"start":{"line":4,"column":17},"end":{"line":4,"column":35}},"2":{"start":{"line":6,"column":2},"end":{"line":12,"column":3}},"3":{"start":{"line":7,"column":4},"end":{"line":7,"column":62}},"4":{"start":{"line":8,"column":4},"end":{"line":11,"column":6}},"5":{"start":{"line":14,"column":2},"end":{"line":14,"column":9}}},"fnMap":{"0":{"name":"(anonymous_0)","decl":{"start":{"line":3,"column":20},"end":{"line":3,"column":21}},"loc":{"start":{"line":3,"column":40},"end":{"line":15,"column":1}},"line":3}},"branchMap":{"0":{"loc":{"start":{"line":6,"column":2},"end":{"line":12,"column":3}},"type":"if","locations":[{"start":{"line":6,"column":2},"end":{"line":12,"column":3}},{"start":{},"end":{}}],"line":6}},"s":{"0":5,"1":112,"2":112,"3":1,"4":1,"5":112},"f":{"0":112},"b":{"0":[1,111]},"_coverageSchema":"1a1c01bbd47fc00a2c39e90264f33305004495a9","hash":"31bcc09d88657f15341908571b57d278b0d5d365"}
,"C:\\Users\\Amoo\\Desktop\\Portfolio\\Ecommerce\\server\\middleware\\errorHandler.js": {"path":"C:\\Users\\Amoo\\Desktop\\Portfolio\\Ecommerce\\server\\middleware\\errorHandler.js","statementMap":{"0":{"start":{"line":4,"column":21},"end":{"line":37,"column":1}},"1":{"start":{"line":5,"column":2},"end":{"line":9,"column":3}},"2":{"start":{"line":6,"column":4},"end":{"line":8,"column":53}},"3":{"start":{"line":11,"column":20},"end":{"line":15,"column":3}},"4":{"start":{"line":17,"column":2},"end":{"line":22,"column":3}},"5":{"start":{"line":18,"column":4},"end":{"line":20,"column":17}},"6":{"start":{"line":19,"column":21},"end":{"line":19,"column":33}},"7":{"start":{"line":21,"column":4},"end":{"line":21,"column":33}},"8":{"start":{"line":23,"column":2},"end":{"line":28,"column":3}},"9":{"start":{"line":24,"column":4},"end":{"line":26,"column":43}},"10":{"start":{"line":27,"column":4},"end":{"line":27,"column":33}},"11":{"start":{"line":29,"column":2},"end":{"line":32,"column":3}},"12":{"start":{"line":30,"column":4},"end":{"line":30,"column":61}},"13":{"start":{"line":31,"column":4},"end":{"line":31,"column":33}},"14":{"start":{"line":34,"column":2},"end":{"line":36,"column":55}}},"fnMap":{"0":{"name":"(anonymous_0)","decl":{"start":{"line":4,"column":21},"end":{"line":4,"column":22}},"loc":{"start":{"line":4,"column":46},"end":{"line":37,"column":1}},"line":4},"1":{"name":"(anonymous_1)","decl":{"start":{"line":19,"column":11},"end":{"line":19,"column":12}},"loc":{"start":{"line":19,"column":21},"end":{"line":19,"column":33}},"line":19}},"branchMap":{"0":{"loc":{"start":{"line":5,"column":2},"end":{"line":9,"column":3}},"type":"if","locations":[{"start":{"line":5,"column":2},"end":{"line":9,"column":3}},{"start":{},"end":{}}],"line":5},"1":{"loc":{"start":{"line":13,"column":16},"end":{"line":13,"column":67}},"type":"binary-expr","locations":[{"start":{"line":13,"column":16},"end":{"line":13,"column":30}},{"start":{"line":13,"column":34},"end":{"line":13,"column":67}}],"line":13},"2":{"loc":{"start":{"line":14,"column":9},"end":{"line":14,"column":62}},"type":"binary-expr","locations":[{"start":{"line":14,"column":9},"end":{"line":14,"column":20}},{"start":{"line":14,"column":24},"end":{"line":14,"column":62}}],"line":14},"3":{"loc":{"start":{"line":17,"column":2},"end":{"line":22,"column":3}},"type":"if","locations":[{"start":{"line":17,"column":2},"end":{"line":22,"column":3}},{"start":{},"end":{}}],"line":17},"4":{"loc":{"start":{"line":23,"column":2},"end":{"line":28,"column":3}},"type":"if","locations":[{"start":{"line":23,"column":2},"end":{"line":28,"column":3}},{"start":{},"end":{}}],"line":23},"5":{"loc":{"start":{"line":23,"column":6},"end":{"line":23,"column":36}},"type":"binary-expr","locations":[{"start":{"line":23,"column":6},"end":{"line":23,"column":14}},{"start":{"line":23,"column":18},"end":{"line":23,"column":36}}],"line":23},"6":{"loc":{"start":{"line":29,"column":2},"end":{"line":32,"column":3}},"type":"if","locations":[{"start":{"line":29,"column":2},"end":{"line":32,"column":3}},{"start":{},"end":{}}],"line":29}},"s":{"0":5,"1":52,"2":51,"3":1,"4":1,"5":0,"6":0,"7":0,"8":1,"9":0,"10":0,"11":1,
[...]
,"C:\\Users\\Amoo\\Desktop\\Portfolio\\Ecommerce\\server\\utils\\deleteImageLocally.js": {"path":"C:\\Users\\Amoo\\Desktop\\Portfolio\\Ecommerce\\server\\utils\\deleteImageLocally.js","statementMap":{"0":{"start":{"line":4,"column":18},"end":{"line":4,"column":31}},"1":{"start":{"line":6,"column":27},"end":{"line":22,"column":1}},"2":{"start":{"line":7,"column":2},"end":{"line":20,"column":3}},"3":{"start":{"line":8,"column":27},"end":{"line":12,"column":5}},"4":{"start":{"line":14,"column":4},"end":{"line":19,"column":5}},"5":{"start":{"line":15,"column":6},"end":{"line":15,"column":38}},"6":{"start":{"line":16,"column":6},"end":{"line":16,"column":18}},"7":{"start":{"line":18,"column":6},"end":{"line":18,"column":19}},"8":{"start":{"line":21,"column":2},"end":{"line":21,"column":15}}},"fnMap":{"0":{"name":"(anonymous_0)","decl":{"start":{"line":6,"column":27},"end":{"line":6,"column":28}},"loc":{"start":{"line":6,"column":67},"end":{"line":22,"column":1}},"line":6}},"branchMap":{"0":{"loc":{"start":{"line":7,"column":2},"end":{"line":20,"column":3}},"type":"if","locations":[{"start":{"line":7,"column":2},"end":{"line":20,"column":3}},{"start":{},"end":{}}],"line":7}},"s":{"0":19,"1":19,"2":6,"3":6,"4":6,"5":6,"6":6,"7":0,"8":0},"f":{"0":6},"b":{"0":[6,0]},"_coverageSchema":"1a1c01bbd47fc00a2c39e90264f33305004495a9","hash":"ac10cdfd7b71cfa837089a529fba287a3b8f9042"}
,"C:\\Users\\Amoo\\Desktop\\Portfolio\\Ecommerce\\server\\utils\\tokenService.js": {"path":"C:\\Users\\Amoo\\Desktop\\Portfolio\\Ecommerce\\server\\utils\\tokenService.js","statementMap":{"0":{"start":{"line":3,"column":0},"end":{"line":3,"column":16}},"1":{"start":{"line":5,"column":28},"end":{"line":17,"column":1}},"2":{"start":{"line":7,"column":22},"end":{"line":9,"column":4}},"3":{"start":{"line":12,"column":23},"end":{"line":14,"column":4}},"4":{"start":{"line":16,"column":2},"end":{"line":16,"column":39}}},"fnMap":{"0":{"name":"(anonymous_0)","decl":{"start":{"line":5,"column":28},"end":{"line":5,"column":29}},"loc":{"start":{"line":5,"column":41},"end":{"line":17,"column":1}},"line":5}},"branchMap":{},"s":{"0":9,"1":9,"2":4,"3":4,"4":4},"f":{"0":4},"b":{},"_coverageSchema":"1a1c01bbd47fc00a2c39e90264f33305004495a9","hash":"f2fc2f9dec3462ace27c961ea6c420c7a1cc40ff"}
,"C:\\Users\\Amoo\\Desktop\\Portfolio\\Ecommerce\\server\\utils\\updateAverageRating.js": {"path":"C:\\Users\\Amoo\\Desktop\\Portfolio\\Ecommerce\\server\\utils\\updateAverageRating.js","statementMap":{"0":{"start":{"line":1,"column":35},"end":{"line":12,"column":1}},"1":{"start":{"line":7,"column":31},"end":{"line":7,"column":65}},"2":{"start":{"line":9,"column":4},"end":{"line":9,"column":56}},"3":{"start":{"line":10,"column":27},"end":{"line":10,"column":65}},"4":{"start":{"line":11,"column":2},"end":{"line":11,"column":48}}},"fnMap":{"0":{"name":"(anonymous_0)","decl":{"start":{"line":1,"column":35},"end":{"line":1,"column":36}},"loc":{"start":{"line":6,"column":5},"end":{"line":12,"column":1}},"line":6}},"branchMap":{},"s":{"0":19,"1":1,"2":1,"3":1,"4":1},"f":{"0":1},"b":{},"_coverageSchema":"1a1c01bbd47fc00a2c39e90264f33305004495a9","hash":"b2014f1685f08fdefdd948c3152d4697688f58cd"}
,"C:\\Users\\Amoo\\Desktop\\Portfolio\\Ecommerce\\server\\utils\\updateCloudinaryImage.js": {"path":"C:\\Users\\Amoo\\Desktop\\Portfolio\\Ecommerce\\server\\utils\\updateCloudinaryImage.js","statementMap":{"0":{"start":{"line":4,"column":21},"end":{"line":4,"column":50}},"1":{"start":{"line":5,"column":20},"end":{"line":5,"column":35}},"2":{"start":{"line":7,"column":37},"end":{"line":51,"column":1}},"3":{"start":{"line":13,"column":2},"end":{"line":15,"column":3}},"4":{"start":{"line":14,"column":4},"end":{"line":14,"column":57}},"5":{"start":{"line":17,"column":23},"end":{"line":17,"column":43}},"6":{"start":{"line":18,"column":20},"end":{"line":18,"column":37}},"7":{"start":{"line":19,"column":14},"end":{"line":19,"column":62}},"8":{"start":{"line":21,"column":2},"end":{"line":25,"column":3}},"9":{"start":{"line":22,"column":4},"end":{"line":24,"column":6}},"10":{"start":{"line":27,"column":2},"end":{"line":29,"column":3}},"11":{"start":{"line":28,"column":4},"end":{"line":28,"column":56}},"12":{"start":{"line":31,"column":2},"end":{"line":50,"column":3}},"13":{"start":{"line":33,"column":4},"end":{"line":35,"column":5}},"14":{"start":{"line":34,"column":6},"end":{"line":34,"column":53}},"15":{"start":{"line":38,"column":19},"end":{"line":41,"column":6}},"16":{"start":{"line":43,"column":4},"end":{"line":46,"column":6}},"17":{"start":{"line":48,"column":4},"end":{"line":48,"column":46}},"18":{"start":{"line":49,"column":4},"end":{"line":49,"column":53}}},"fnMap":{"0":{"name":"(anonymous_0)","decl":{"start":{"line":7,"column":37},"end":{"line":7,"column":38}},"loc":{"start":{"line":12,"column":5},"end":{"line":51,"column":1}},"line":12}},"branchMap":{"0":{"loc":{"start":{"line":13,"column":2},"end":{"line":15,"column":3}},"type":"if","locations":[{"start":{"line":13,"column":2},"end":{"line":15,"column":3}},{"start":{},"end":{}}],"line":13},"1":{"loc":{"start":{"line":13,"column":6},"end":{"line":13,"column":55}},"type":"binary-expr","locations":[{"start":{"line":13,"column":6},"end":{"line":13,"column":16}},{"start":{"line":13,"column":20},"end":{"line":13,"column":55}}],"line":13},"2":{"loc":{"start":{"line":21,"column":2},"end":{"line":25,"column":3}},"type":"if","locations":[{"start":{"line":21,"column":2},"end":{"line":25,"column":3}},{"start":{},"end":{}}],"line":21},"3":{"loc":{"start":{"line":27,"column":2},"end":{"line":29,"column":3}},"type":"if","locations":[{"start":{"line":27,"column":2},"end":{"line":29,"column":3}},{"start":{},"end":{}}],"line":27},"4":{"loc":{"start":{"line":33,"column":4},"end":{"line":35,"column":5}},"type":"if","locations":[{"start":{"line":33,"column":4},"end":{"line":35,"column":5}},{"start":{},"end":{}}],"line":33}},"s":{"0":10,"1":10,"2":10,"3":6,"4":1,"5":5,"6":5,"7":5,"8":5,"9":1,"10":4,"11":1,"12":3,"13":3,"14":3,"15":3,"16":3,"17":0,"18":0},"f":{"0":6},"b":{"0":[1,5],"1":[6,5],"2":[1,4],"3":[1,3],"4":[3,0]},"_coverageSchema":"1a1c01bbd47fc00a2c39e90264f33305004495a9","hash":"fde4c549df0dc41e81c714f05705f0879a5ddc68"}
,"C:\\Users\\Amoo\\Desktop\\Portfolio\\Ecommerce\\server\\utils\\uploadCloudinaryImage.js": {"path":"C:\\Users\\Amoo\\Desktop\\Portfolio\\Ecommerce\\server\\utils\\uploadCloudinaryImage.js","statementMap":{"0":{"start":{"line":4,"column":21},"end":{"line":4,"column":50}},"1":{"start":{"line":5,"column":20},"end":{"line":5,"column":35}},"2":{"start":{"line":7,"column":37},"end":{"line":41,"column":1}},"3":{"start":{"line":8,"column":2},"end":{"line":10,"column":3}},"4":{"start":{"line":9,"column":4},"end":{"line":9,"column":57}},"5":{"start":{"line":12,"column":23},"end":{"line":12,"column":43}},"6":{"start":{"line":13,"column":20},"end":{"line":13,"column":37}},"7":{"start":{"line":14,"column":14},"end":{"line":14,"column":62}},"8":{"start":{"line":16,"column":2},"end":{"line":20,"column":3}},"9":{"start":{"line":17,"column":4},"end":{"line":19,"column":6}},"10":{"start":{"line":22,"column":2},"end":{"line":24,"column":3}},"11":{"start":{"line":23,"column":4},"end":{"line":23,"column":56}},"12":{"start":{"line":26,"column":2},"end":{"line":40,"column":3}},"13":{"start":{"line":28,"column":19},"end":{"line":30,"column":6}},"14":{"start":{"line":33,"column":4},"end":{"line":36,"column":6}},"15":{"start":{"line":38,"column":4},"end":{"line":38,"column":46}},"16":{"start":{"line":39,"column":4},"end":{"line":39,"column":53}}},"fnMap":{"0":{"name":"(anonymous_0)","decl":{"start":{"line":7,"column":37},"end":{"line":7,"column":38}},"loc":{"start":{"line":7,"column":77},"end":{"line":41,"column":1}},"line":7}},"branchMap":{"0":{"loc":{"start":{"line":8,"column":2},"end":{"line":10,"column":3}},"type":"if","locations":[{"start":{"line":8,"column":2},"end":{"line":10,"column":3}},{"start":{},"end":{}}],"line":8},"1":{"loc":{"start":{"line":8,"column":6},"end":{"line":8,"column":55}},"type":"binary-expr","locations":[{"start":{"line":8,"column":6},"end":{"line":8,"column":16}},{"start":{"line":8,"column":20},"end":{"line":8,"column":55}}],"line":8},"2":{"loc":{"start":{"line":16,"column":2},"end":{"line":20,"column":3}},"type":"if","locations":[{"start":{"line":16,"column":2},"end":{"line":20,"column":3}},{"start":{},"end":{}}],"line":16},"3":{"loc":{"start":{"line":22,"column":2},"end":{"line":24,"column":3}},"type":"if","locations":[{"start":{"line":22,"column":2},"end":{"line":24,"column":3}},{"start":{},"end":{}}],"line":22}},"s":{"0":10,"1":10,"2":10,"3":5,"4":1,"5":4,"6":4,"7":4,"8":4,"9":1,"10":3,"11":1,"12":2,"13":2,"14":2,"15":0,"16":0},"f":{"0":5},"b":{"0":[1,4],"1":[5,4],"2":[1,3],"3":[1,2]},"_coverageSchema":"1a1c01bbd47fc00a2c39e90264f33305004495a9","hash":"ec57276cbf11ba30464fc83c25d8d35b2d36148d"}
,"C:\\Users\\Amoo\\Desktop\\Portfolio\\Ecommerce\\server\\utils\\uploadImageLocally.js": {"path":"C:\\Users\\Amoo\\Desktop\\Portfolio\\Ecommerce\\server\\utils\\uploadImageLocally.js","statementMap":{"0":{"start":{"line":4,"column":18},"end":{"line":4,"column":31}},"1":{"start":{"line":5,"column":21},"end":{"line":5,"column":50}},"2":{"start":{"line":6,"column":20},"end":{"line":6,"column":35}},"3":{"start":{"line":8,"column":27},"end":{"line":40,"column":1}},"4":{"start":{"line":9,"column":2},"end":{"line":11,"column":3}},"5":{"start":{"line":10,"column":4},"end":{"line":10,"column":57}},"6":{"start":{"line":13,"column":23},"end":{"line":13,"column":43}},"7":{"start":{"line":14,"column":20},"end":{"line":14,"column":37}},"8":{"start":{"line":15,"column":20},"end":{"line":15,"column":50}},"9":{"start":{"line":16,"column":14},"end":{"line":16,"column":72}},"10":{"start":{"line":18,"column":2},"end":{"line":22,"column":3}},"11":{"start":{"line":19,"column":4},"end":{"line":21,"column":6}},"12":{"start":{"line":24,"column":2},"end":{"line":26,"column":3}},"13":{"start":{"line":25,"column":4},"end":{"line":25,"column":56}},"14":{"start":{"line":28,"column":21},"end":{"line":32,"column":3}},"15":{"start":{"line":34,"column":2},"end":{"line":39,"column":3}},"16":{"start":{"line":35,"column":4},"end":{"line":35,"column":38}},"17":{"start":{"line":36,"column":4},"end":{"line":36,"column":21}},"18":{"start":{"line":38,"column":4},"end":{"line":38,"column":53}}},"fnMap":{"0":{"name":"(anonymous_0)","decl":{"start":{"line":8,"column":27},"end":{"line":8,"column":28}},"loc":{"start":{"line":8,"column":67},"end":{"line":40,"column":1}},"line":8}},"branchMap":{"0":{"loc":{"start":{"line":9,"column":2},"end":{"line":11,"column":3}},"type":"if","locations":[{"start":{"line":9,"column":2},"end":{"line":11,"column":3}},{"start":{},"end":{}}],"line":9},"1":{"loc":{"start":{"line":9,"column":6},"end":{"line":9,"column":55}},"type":"binary-expr","locations":[{"start":{"line":9,"column":6},"end":{"line":9,"column":16}},{"start":{"line":9,"column":20},"end":{"line":9,"column":55}}],"line":9},"2":{"loc":{"start":{"line":18,"column":2},"end":{"line":22,"column":3}},"type":"if","locations":[{"start":{"line":18,"column":2},"end":{"line":22,"column":3}},{"start":{},"end":{}}],"line":18},"3":{"loc":{"start":{"line":24,"column":2},"end":{"line":26,"column":3}},"type":"if","locations":[{"start":{"line":24,"column":2},"end":{"line":26,"column":3}},{"start":{},"end":{}}],"line":24}},"s":{"0":19,"1":19,"2":19,"3":19,"4":9,"5":1,"6":8,"7":8,"8":8,"9":8,"10":8,"11":1,"12":7,"13":1,"14":6,"15":6,"16":6,"17":6,"18":0},"f":{"0":9},"b":{"0":[1,8],"1":[9,8],"2":[1,7],"3":[1,6]},"_coverageSchema":"1a1c01bbd47fc00a2c39e90264f33305004495a9","hash":"703f8f29bc97f55f1b5e78611bd0728c4b5efc11"}
,"C:\\Users\\Amoo\\Desktop\\Portfolio\\Ecommerce\\server\\utils\\validateURL.js": {"path":"C:\\Users\\Amoo\\Desktop\\Portfolio\\Ecommerce\\server\\utils\\validateURL.js","statementMap":{"0":{"start":{"line":3,"column":27},"end":{"line":12,"column":1}},"1":{"start":{"line":4,"column":2},"end":{"line":11,"column":3}},"2":{"start":{"line":5,"column":25},"end":{"line":5,"column":37}},"3":{"start":{"line":6,"column":4},"end":{"line":8,"column":5}},"4":{"start":{"line":7,"column":6},"end":{"line":7,"column":18}},"5":{"start":{"line":10,"column":4},"end":{"line":10,"column":45}}},"fnMap":{"0":{"name":"(anonymous_0)","decl":{"start":{"line":3,"column":27},"end":{"line":3,"column":28}},"loc":{"start":{"line":3,"column":36},"end":{"line":12,"column":1}},"line":3}},"branchMap":{"0":{"loc":{"start":{"line":6,"column":4},"end":{"line":8,"column":5}},"type":"if","locations":[{"start":{"line":6,"column":4},"end":{"line":8,"column":5}},{"start":{},"end":{}}],"line":6}},"s":{"0":5,"1":5,"2":5,"3":5,"4":4,"5":0},"f":{"0":5},"b":{"0":[4,1]},"_coverageSchema":"1a1c01bbd47fc00a2c39e90264f33305004495a9","hash":"e93efab2bae16ef61c34407c6134a847c3dd0b89"}
,"C:\\Users\\Amoo\\Desktop\\Portfolio\\Ecommerce\\server\\validationInputs\\cartValidation.js": {"path":"C:\\Users\\Amoo\\Desktop\\Portfolio\\Ecommerce\\server\\validationInputs\\cartValidation.js","statementMap":{"0":{"start":{"line":4,"column":30},"end":{"line":27,"column":1}}},"fnMap":{},"branchMap":{},"s":{"0":4},"f":{},"b":{},"_coverageSchema":"1a1c01bbd47fc00a2c39e90264f33305004495a9","hash":"df986da5ced4599108f71b9fc776ee968f483148"}
,"C:\\Users\\Amoo\\Desktop\\Portfolio\\Ecommerce\\server\\validationInputs\\categoryValidation.js": {"path":"C:\\Users\\Amoo\\Desktop\\Portfolio\\Ecommerce\\server\\validationInputs\\categoryValidation.js","statementMap":{"0":{"start":{"line":4,"column":34},"end":{"line":21,"column":1}},"1":{"start":{"line":12,"column":21},"end":{"line":12,"column":37}}},"fnMap":{"0":{"name":"(anonymous_0)","decl":{"start":{"line":12,"column":12},"end":{"line":12,"column":13}},"loc":{"start":{"line":12,"column":21},"end":{"line":12,"column":37}},"line":12}},"branchMap":{},"s":{"0":4,"1":3},"f":{"0":3},"b":{},"_coverageSchema":"1a1c01bbd47fc00a2c39e90264f33305004495a9","hash":"1a1d0b9842408ca51e8b0f5cd874d67165d4f713"}
,"C:\\Users\\Amoo\\Desktop\\Portfolio\\Ecommerce\\server\\validationInputs\\idValidation.js": {"path":"C:\\Users\\Amoo\\Desktop\\Portfolio\\Ecommerce\\server\\validationInputs\\idValidation.js","statementMap":{"0":{"start":{"line":3,"column":28},"end":{"line":10,"column":1}}},"fnMap":{},"branchMap":{},"s":{"0":4},"f":{},"b":{},"_coverageSchema":"1a1c01bbd47fc00a2c39e90264f33305004495a9","hash":"e0b149b7402d7c6f05a99e1f0829de39647a56a9"}
,"C:\\Users\\Amoo\\Desktop\\Portfolio\\Ecommerce\\server\\validationInputs\\oldPublicIdValidation.js": {"path":"C:\\Users\\Amoo\\Desktop\\Portfolio\\Ecommerce\\server\\validationInputs\\oldPublicIdValidation.js","statementMap":{"0":{"start":{"line":3,"column":37},"end":{"line":12,"column":1}},"1":{"start":{"line":6,"column":6},"end":{"line":8,"column":7}},"2":{"start":{"line":7,"column":8},"end":{"line":7,"column":20}},"3":{"start":{"line":9,"column":6},"end":{"line":9,"column":43}}},"fnMap":{"0":{"name":"(anonymous_0)","decl":{"start":{"line":5,"column":12},"end":{"line":5,"column":13}},"loc":{"start":{"line":5,"column":23},"end":{"line":10,"column":5}},"line":5}},"branchMap":{"0":{"loc":{"start":{"line":6,"column":6},"end":{"line":8,"column":7}},"type":"if","locations":[{"start":{"line":6,"column":6},"end":{"line":8,"column":7}},{"start":{},"end":{}}],"line":6},"1":{"loc":{"start":{"line":6,"column":10},"end":{"line":6,"column":53}},"type":"binary-expr","locations":[{"start":{"line":6,"column":10},"end":{"line":6,"column":24}},{"start":{"line":6,"column":28},"end":{"line":6,"column":53}}],"line":6}},"s":{"0":4,"1":23,"2":23,"3":0},"f":{"0":23},"b":{"0":[23,0],"1":[23,23]},"_coverageSchema":"1a1c01bbd47fc00a2c39e90264f33305004495a9","hash":"9dff1f49e86e07c130ae9ff3df19cbee5c8b783c"}
,"C:\\Users\\Amoo\\Desktop\\Portfolio\\Ecommerce\\server\\validationInputs\\productValidation.js": {"path":"C:\\Users\\Amoo\\Desktop\\Portfolio\\Ecommerce\\server\\validationInputs\\productValidation.js","statementMap":{"0":{"start":{"line":3,"column":32},"end":{"line":69,"column":1}}},"fnMap":{},"branchMap":{},"s":{"0":4},"f":{},"b":{},"_coverageSchema":"1a1c01bbd47fc00a2c39e90264f33305004495a9","hash":"57f2d9bc7b9d0b861b2eabb0097bf7701638ca8a"}
,"C:\\Users\\Amoo\\Desktop\\Portfolio\\Ecommerce\\server\\validationInputs\\rateValidation.js": {"path":"C:\\Users\\Amoo\\Desktop\\Portfolio\\Ecommerce\\server\\validationInputs\\rateValidation.js","statementMap":{"0":{"start":{"line":3,"column":32},"end":{"line":20,"column":1}}},"fnMap":{},"branchMap":{},"s":{"0":4},"f":{},"b":{},"_coverageSchema":"1a1c01bbd47fc00a2c39e90264f33305004495a9","hash":"fc7bba9403b4873a44460dd1239a3c60f956d32f"}
,"C:\\Users\\Amoo\\Desktop\\Portfolio\\Ecommerce\\server\\validationInputs\\signinValidation.js": {"path":"C:\\Users\\Amoo\\Desktop\\Portfolio\\Ecommerce\\server\\validationInputs\\signinValidation.js","statementMap":{"0":{"start":{"line":3,"column":32},"end":{"line":25,"column":1}}},"fnMap":{},"branchMap":{},"s":{"0":4},"f":{},"b":{},"_coverageSchema":"1a1c01bbd47fc00a2c39e90264f33305004495a9","hash":"6c336f1a3c4a22283aaee12db8df87579102f0ad"}
,"C:\\Users\\Amoo\\Desktop\\Portfolio\\Ecommerce\\server\\validationInputs\\signupUpdateValidation.js": {"path":"C:\\Users\\Amoo\\Desktop\\Portfolio\\Ecommerce\\server\\validationInputs\\signupUpdateValidation.js","statementMap":{"0":{"start":{"line":3,"column":38},"end":{"line":71,"column":1}}},"fnMap":{},"branchMap":{},"s":{"0":4},"f":{},"b":{},"_coverageSchema":"1a1c01bbd47fc00a2c39e90264f33305004495a9","hash":"702c507c0e0aee0333ab43257e8cb3730af695ff"}
,"C:\\Users\\Amoo\\Desktop\\Portfolio\\Ecommerce\\server\\validationInputs\\signupValidation.js": {"path":"C:\\Users\\Amoo\\Desktop\\Portfolio\\Ecommerce\\server\\validationInputs\\signupValidation.js","statementMap":{"0":{"start":{"line":3,"column":32},"end":{"line":83,"column":1}}},"fnMap":{},"branchMap":{},"s":{"0":4},"f":{},"b":{},"_coverageSchema":"1a1c01bbd47fc00a2c39e90264f33305004495a9","hash":"02d6301404cd5808632e8213c4ee62d2f05b27bb"}
,"C:\\Users\\Amoo\\Desktop\\Portfolio\\Ecommerce\\server\\validationInputs\\updateCartValidation.js": {"path":"C:\\Users\\Amoo\\Desktop\\Portfolio\\Ecommerce\\server\\validationInputs\\updateCartValidation.js","statementMap":{"0":{"start":{"line":3,"column":36},"end":{"line":17,"column":1}}},"fnMap":{},"branchMap":{},"s":{"0":4},"f":{},"b":{},"_coverageSchema":"1a1c01bbd47fc00a2c39e90264f33305004495a9","hash":"c33199d904aa4443ae8f1aa9a10d9c261d231969"}
}
