TN:
SF:app.js
FNF:0
FNH:0
DA:15,4
DA:18,4
DA:19,4
DA:38,4
DA:39,4
DA:42,4
DA:43,4
DA:44,4
DA:45,4
DA:46,4
DA:47,4
DA:49,4
DA:53,4
DA:54,4
DA:55,4
DA:57,4
DA:58,4
LF:17
LH:17
BRF:0
BRH:0
end_of_record
TN:
SF:config\allowedOrigins.js
FNF:0
FNH:0
DA:1,5
LF:1
LH:1
BRF:0
BRH:0
end_of_record
TN:
SF:config\cloudinary.js
FNF:0
FNH:0
DA:4,16
LF:1
LH:1
BRF:0
BRH:0
end_of_record
TN:
SF:config\corsOptions.js
FN:4,(anonymous_0)
FNF:1
FNH:1
FNDA:110,(anonymous_0)
DA:3,4
DA:5,110
DA:6,110
DA:8,0
LF:4
LH:3
BRDA:5,0,0,110
BRDA:5,0,1,0
BRDA:5,1,0,110
BRDA:5,1,1,0
BRF:4
BRH:2
end_of_record
TN:
SF:config\db.js
FN:13,(anonymous_0)
FN:17,(anonymous_1)
FN:21,(anonymous_2)
FN:26,(anonymous_3)
FNF:4
FNH:2
FNDA:8,(anonymous_0)
FNDA:8,(anonymous_1)
FNDA:0,(anonymous_2)
FNDA:0,(anonymous_3)
DA:4,4
DA:6,4
DA:11,4
DA:13,4
DA:14,8
DA:17,4
DA:18,8
DA:21,4
DA:22,0
DA:26,4
DA:27,0
DA:28,0
DA:29,0
LF:13
LH:9
BRF:0
BRH:0
end_of_record
TN:
SF:config\roles.js
FNF:0
FNH:0
DA:1,6
LF:1
LH:1
BRF:0
BRH:0
end_of_record
TN:
SF:config\trustedDomains.js
FNF:0
FNH:0
DA:1,5
LF:1
LH:1
BRF:0
BRH:0
end_of_record
TN:
SF:controllers\cloudinaryControllers.js
FN:14,(anonymous_0)
FN:85,(anonymous_1)
FN:154,(anonymous_2)
FN:195,(anonymous_3)
FN:236,(anonymous_4)
FN:265,(anonymous_5)
FN:296,(anonymous_6)
FNF:7
FNH:7
FNDA:7,(anonymous_0)
FNDA:17,(anonymous_1)
FNDA:10,(anonymous_2)
FNDA:7,(anonymous_3)
FNDA:10,(anonymous_4)
FNDA:9,(anonymous_5)
FNDA:9,(anonymous_6)
DA:14,10
DA:15,7
DA:16,7
DA:19,7
DA:23,7
DA:24,1
DA:28,6
DA:29,2
DA:31,2
DA:32,1
DA:37,5
DA:38,5
DA:42,5
DA:44,5
DA:50,2
DA:53,2
DA:61,2
DA:64,2
DA:66,2
DA:71,3
DA:74,3
DA:75,0
DA:78,3
DA:80,5
DA:85,10
DA:86,17
DA:87,17
DA:90,17
DA:94,17
DA:95,3
DA:99,14
DA:100,3
DA:102,3
DA:103,3
DA:107,11
DA:108,10
DA:109,2
DA:113,8
DA:117,8
DA:118,4
DA:121,4
DA:127,4
DA:128,4
DA:131,5
DA:135,5
DA:137,5
DA:143,5
DA:144,2
DA:147,3
DA:154,10
DA:155,10
DA:156,10
DA:158,10
DA:163,10
DA:164,3
DA:167,7
DA:174,4
DA:180,4
DA:181,2
DA:184,2
DA:195,10
DA:196,7
DA:197,7
DA:199,7
DA:204,7
DA:205,3
DA:208,4
DA:215,4
DA:221,4
DA:222,2
DA:225,2
DA:236,10
DA:237,10
DA:238,10
DA:241,10
DA:243,10
DA:244,5
DA:250,5
DA:255,5
DA:258,2
DA:261,3
DA:265,10
DA:266,9
DA:267,9
DA:270,9
DA:272,9
DA:273,5
DA:279,4
DA:285,4
DA:287,2
DA:290,2
DA:296,10
DA:297,9
DA:298,9
DA:301,9
DA:303,9
DA:304,5
DA:310,4
DA:316,4
DA:318,2
DA:321,2
LF:101
LH:100
BRDA:23,0,0,1
BRDA:23,0,1,6
BRDA:28,1,0,2
BRDA:28,1,1,4
BRDA:31,2,0,1
BRDA:31,2,1,1
BRDA:74,3,0,0
BRDA:74,3,1,3
BRDA:94,4,0,3
BRDA:94,4,1,14
BRDA:99,5,0,3
BRDA:99,5,1,11
BRDA:102,6,0,3
BRDA:102,6,1,0
BRDA:107,7,0,10
BRDA:107,7,1,1
BRDA:108,8,0,2
BRDA:108,8,1,8
BRDA:117,9,0,4
BRDA:117,9,1,4
BRDA:143,10,0,2
BRDA:143,10,1,3
BRDA:163,11,0,3
BRDA:163,11,1,7
BRDA:163,12,0,10
BRDA:163,12,1,9
BRDA:180,13,0,2
BRDA:180,13,1,2
BRDA:204,14,0,3
BRDA:204,14,1,4
BRDA:204,15,0,7
BRDA:204,15,1,6
BRDA:221,16,0,2
BRDA:221,16,1,2
BRDA:243,17,0,5
BRDA:243,17,1,5
BRDA:255,18,0,2
BRDA:255,18,1,3
BRDA:272,19,0,5
BRDA:272,19,1,4
BRDA:285,20,0,2
BRDA:285,20,1,2
BRDA:303,21,0,5
BRDA:303,21,1,4
BRDA:316,22,0,2
BRDA:316,22,1,2
BRF:46
BRH:44
end_of_record
TN:
SF:controllers\privateControllers.js
FN:24,(anonymous_0)
FN:42,(anonymous_1)
FN:92,(anonymous_2)
FN:181,(anonymous_3)
FN:221,(anonymous_4)
FN:239,(anonymous_5)
FN:247,(anonymous_6)
FN:249,(anonymous_7)
FN:261,(anonymous_8)
FN:283,(anonymous_9)
FN:302,(anonymous_10)
FN:351,(anonymous_11)
FN:382,(anonymous_12)
FN:413,(anonymous_13)
FN:477,(anonymous_14)
FN:501,(anonymous_15)
FN:533,(anonymous_16)
FN:547,(anonymous_17)
FN:582,(anonymous_18)
FNF:19
FNH:19
FNDA:6,(anonymous_0)
FNDA:17,(anonymous_1)
FNDA:3,(anonymous_2)
FNDA:9,(anonymous_3)
FNDA:4,(anonymous_4)
FNDA:4,(anonymous_5)
FNDA:4,(anonymous_6)
FNDA:4,(anonymous_7)
FNDA:12,(anonymous_8)
FNDA:4,(anonymous_9)
FNDA:8,(anonymous_10)
FNDA:7,(anonymous_11)
FNDA:7,(anonymous_12)
FNDA:17,(anonymous_13)
FNDA:7,(anonymous_14)
FNDA:11,(anonymous_15)
FNDA:3,(anonymous_16)
FNDA:9,(anonymous_17)
FNDA:9,(anonymous_18)
DA:24,19
DA:25,6
DA:26,6
DA:28,6
DA:29,2
DA:32,4
DA:34,4
DA:36,4
DA:42,19
DA:43,17
DA:44,17
DA:46,17
DA:47,2
DA:51,15
DA:53,15
DA:54,2
DA:58,13
DA:62,13
DA:63,2
DA:67,11
DA:68,7
DA:70,7
DA:71,4
DA:75,7
DA:77,4
DA:84,4
DA:86,4
DA:92,19
DA:93,3
DA:94,3
DA:96,3
DA:97,3
DA:99,3
DA:100,3
DA:104,3
DA:105,1
DA:108,2
DA:109,2
DA:110,2
DA:111,2
DA:115,2
DA:120,2
DA:121,1
DA:126,1
DA:128,1
DA:135,1
DA:137,1
DA:138,1
DA:145,1
DA:153,2
DA:159,2
DA:163,2
DA:165,2
DA:172,1
DA:173,1
DA:174,1
DA:176,3
DA:181,19
DA:182,9
DA:183,9
DA:186,9
DA:188,9
DA:189,2
DA:193,7
DA:197,7
DA:198,3
DA:202,4
DA:207,4
DA:208,2
DA:211,2
DA:213,2
DA:215,2
DA:221,19
DA:222,4
DA:225,4
DA:227,4
DA:228,1
DA:239,4
DA:242,3
DA:247,3
DA:248,4
DA:249,4
DA:252,4
DA:255,3
DA:261,19
DA:262,12
DA:263,12
DA:266,12
DA:267,4
DA:271,8
DA:275,8
DA:276,2
DA:279,6
DA:283,19
DA:284,4
DA:285,4
DA:288,4
DA:293,4
DA:294,2
DA:296,2
DA:302,19
DA:304,8
DA:318,8
DA:321,8
DA:322,2
DA:325,6
DA:327,6
DA:329,6
DA:331,6
DA:332,2
DA:335,4
DA:341,4
DA:342,2
DA:345,2
DA:351,19
DA:352,7
DA:353,7
DA:355,7
DA:360,7
DA:361,3
DA:364,4
DA:366,4
DA:372,4
DA:373,2
DA:376,2
DA:382,19
DA:383,7
DA:384,7
DA:386,7
DA:391,7
DA:392,3
DA:395,4
DA:397,4
DA:403,4
DA:404,2
DA:407,2
DA:413,19
DA:414,17
DA:415,17
DA:418,17
DA:422,17
DA:423,3
DA:427,14
DA:428,3
DA:430,3
DA:431,3
DA:435,11
DA:436,10
DA:437,2
DA:441,8
DA:445,8
DA:446,4
DA:449,4
DA:451,4
DA:452,4
DA:454,4
DA:457,5
DA:458,5
DA:460,5
DA:466,5
DA:467,2
DA:470,3
DA:477,19
DA:478,7
DA:479,7
DA:481,7
DA:482,2
DA:485,5
DA:491,5
DA:492,3
DA:495,2
DA:501,19
DA:502,11
DA:503,11
DA:505,11
DA:510,11
DA:511,3
DA:514,8
DA:516,8
DA:517,2
DA:520,6
DA:525,6
DA:526,2
DA:529,4
DA:533,19
DA:534,3
DA:535,3
DA:538,3
DA:540,3
DA:541,2
DA:543,1
DA:547,19
DA:548,9
DA:549,9
DA:551,9
DA:556,9
DA:557,3
DA:560,6
DA:562,6
DA:563,2
DA:567,4
DA:573,4
DA:574,2
DA:576,2
DA:582,19
DA:583,9
DA:584,9
DA:587,9
DA:592,9
DA:593,3
DA:596,6
DA:598,6
DA:599,2
DA:603,4
DA:609,4
DA:610,2
DA:614,2
LF:217
LH:217
BRDA:28,0,0,2
BRDA:28,0,1,4
BRDA:46,1,0,2
BRDA:46,1,1,15
BRDA:53,2,0,2
BRDA:53,2,1,13
BRDA:62,3,0,2
BRDA:62,3,1,11
BRDA:67,4,0,7
BRDA:67,4,1,4
BRDA:70,5,0,4
BRDA:70,5,1,3
BRDA:104,6,0,1
BRDA:104,6,1,2
BRDA:120,7,0,1
BRDA:120,7,1,1
BRDA:188,8,0,2
BRDA:188,8,1,7
BRDA:197,9,0,3
BRDA:197,9,1,4
BRDA:207,10,0,2
BRDA:207,10,1,2
BRDA:227,11,0,1
BRDA:227,11,1,3
BRDA:227,12,0,4
BRDA:227,12,1,4
BRDA:266,13,0,4
BRDA:266,13,1,8
BRDA:275,14,0,2
BRDA:275,14,1,6
BRDA:293,15,0,2
BRDA:293,15,1,2
BRDA:321,16,0,2
BRDA:321,16,1,6
BRDA:331,17,0,2
BRDA:331,17,1,4
BRDA:341,18,0,2
BRDA:341,18,1,2
BRDA:360,19,0,3
BRDA:360,19,1,4
BRDA:360,20,0,7
BRDA:360,20,1,6
BRDA:372,21,0,2
BRDA:372,21,1,2
BRDA:391,22,0,3
BRDA:391,22,1,4
BRDA:391,23,0,7
BRDA:391,23,1,6
BRDA:403,24,0,2
BRDA:403,24,1,2
BRDA:422,25,0,3
BRDA:422,25,1,14
BRDA:427,26,0,3
BRDA:427,26,1,11
BRDA:430,27,0,3
BRDA:430,27,1,0
BRDA:435,28,0,10
BRDA:435,28,1,1
BRDA:436,29,0,2
BRDA:436,29,1,8
BRDA:445,30,0,4
BRDA:445,30,1,4
BRDA:466,31,0,2
BRDA:466,31,1,3
BRDA:481,32,0,2
BRDA:481,32,1,5
BRDA:491,33,0,3
BRDA:491,33,1,2
BRDA:510,34,0,3
BRDA:510,34,1,8
BRDA:516,35,0,2
BRDA:516,35,1,6
BRDA:525,36,0,2
BRDA:525,36,1,4
BRDA:540,37,0,2
BRDA:540,37,1,1
BRDA:556,38,0,3
BRDA:556,38,1,6
BRDA:562,39,0,2
BRDA:562,39,1,4
BRDA:573,40,0,2
BRDA:573,40,1,2
BRDA:592,41,0,3
BRDA:592,41,1,6
BRDA:598,42,0,2
BRDA:598,42,1,4
BRDA:609,43,0,2
BRDA:609,43,1,2
BRF:88
BRH:87
end_of_record
TN:
SF:controllers\protectedControllers.js
FN:8,(anonymous_0)
FN:45,(anonymous_1)
FNF:2
FNH:2
FNDA:6,(anonymous_0)
FNDA:3,(anonymous_1)
DA:8,6
DA:9,6
DA:10,6
DA:12,6
DA:18,6
DA:19,2
DA:22,4
DA:23,2
DA:26,4
DA:32,4
DA:33,0
DA:36,4
DA:45,6
DA:46,3
DA:48,3
DA:50,3
DA:54,3
DA:55,2
DA:58,1
DA:59,1
DA:62,1
DA:66,1
LF:22
LH:21
BRDA:18,0,0,2
BRDA:18,0,1,4
BRDA:22,1,0,2
BRDA:22,1,1,2
BRDA:22,2,0,4
BRDA:22,2,1,3
BRDA:32,3,0,0
BRDA:32,3,1,4
BRDA:54,4,0,2
BRDA:54,4,1,1
BRDA:58,5,0,1
BRDA:58,5,1,0
BRDA:58,6,0,1
BRDA:58,6,1,1
BRF:14
BRH:12
end_of_record
TN:
SF:controllers\publicControllers.js
FN:27,(anonymous_0)
FN:35,(anonymous_1)
FN:82,(anonymous_2)
FN:129,(anonymous_3)
FN:173,(anonymous_4)
FN:210,(anonymous_5)
FN:217,(anonymous_6)
FN:290,(anonymous_7)
FN:306,(anonymous_8)
FN:314,(anonymous_9)
FN:320,(anonymous_10)
FNF:11
FNH:6
FNDA:3,(anonymous_0)
FNDA:11,(anonymous_1)
FNDA:11,(anonymous_2)
FNDA:9,(anonymous_3)
FNDA:0,(anonymous_4)
FNDA:7,(anonymous_5)
FNDA:16,(anonymous_6)
FNDA:0,(anonymous_7)
FNDA:0,(anonymous_8)
FNDA:0,(anonymous_9)
FNDA:0,(anonymous_10)
DA:8,10
DA:27,10
DA:28,3
DA:29,2
DA:31,1
DA:35,10
DA:49,11
DA:50,11
DA:52,11
DA:53,3
DA:57,8
DA:59,8
DA:60,3
DA:64,5
DA:74,5
DA:76,5
DA:82,10
DA:83,11
DA:85,11
DA:87,11
DA:88,3
DA:91,8
DA:93,8
DA:94,3
DA:97,5
DA:99,5
DA:102,5
DA:104,5
DA:110,5
DA:117,5
DA:129,10
DA:130,9
DA:132,9
DA:133,3
DA:137,6
DA:139,6
DA:140,4
DA:142,2
DA:143,2
DA:148,2
DA:149,0
DA:152,2
DA:153,2
DA:155,2
DA:159,2
DA:167,0
DA:173,10
DA:174,0
DA:176,0
DA:177,0
DA:180,0
DA:184,0
DA:185,0
DA:191,0
DA:192,0
DA:197,0
DA:200,0
DA:205,0
DA:210,10
DA:211,7
DA:213,7
DA:217,10
DA:226,16
DA:228,16
DA:230,16
DA:232,16
DA:233,7
DA:236,16
DA:237,0
DA:241,16
DA:242,5
DA:249,16
DA:250,6
DA:254,16
DA:255,0
DA:262,16
DA:270,16
DA:272,16
DA:273,16
DA:279,16
DA:283,0
DA:290,10
DA:291,0
DA:294,0
DA:296,0
DA:297,0
DA:306,0
DA:309,0
DA:314,0
DA:315,0
DA:316,0
DA:320,0
DA:326,0
LF:93
LH:66
BRDA:28,0,0,2
BRDA:28,0,1,1
BRDA:52,1,0,3
BRDA:52,1,1,8
BRDA:59,2,0,3
BRDA:59,2,1,5
BRDA:87,3,0,3
BRDA:87,3,1,8
BRDA:93,4,0,3
BRDA:93,4,1,5
BRDA:132,5,0,3
BRDA:132,5,1,6
BRDA:139,6,0,4
BRDA:139,6,1,2
BRDA:148,7,0,0
BRDA:148,7,1,2
BRDA:176,8,0,0
BRDA:176,8,1,0
BRDA:184,9,0,0
BRDA:184,9,1,0
BRDA:191,10,0,0
BRDA:191,10,1,0
BRDA:232,11,0,7
BRDA:232,11,1,9
BRDA:236,12,0,0
BRDA:236,12,1,16
BRDA:241,13,0,5
BRDA:241,13,1,11
BRDA:241,14,0,16
BRDA:241,14,1,6
BRDA:241,14,2,6
BRDA:244,15,0,0
BRDA:244,15,1,5
BRDA:249,16,0,6
BRDA:249,16,1,10
BRDA:249,17,0,16
BRDA:249,17,1,7
BRDA:249,17,2,6
BRDA:254,18,0,0
BRDA:254,18,1,16
BRDA:270,19,0,16
BRDA:270,19,1,8
BRDA:296,20,0,0
BRDA:296,20,1,0
BRDA:296,21,0,0
BRDA:296,21,1,0
BRF:46
BRH:32
end_of_record
TN:
SF:errors\bad-request.js
FN:5,(anonymous_0)
FNF:1
FNH:1
FNDA:120,(anonymous_0)
DA:6,120
DA:7,120
LF:2
LH:2
BRF:0
BRH:0
end_of_record
TN:
SF:errors\convention-error.js
FN:5,(anonymous_0)
FNF:1
FNH:1
FNDA:6,(anonymous_0)
DA:6,6
DA:7,6
LF:2
LH:2
BRF:0
BRH:0
end_of_record
TN:
SF:errors\csrf-error.js
FN:5,(anonymous_0)
FNF:1
FNH:1
FNDA:2,(anonymous_0)
DA:6,2
DA:7,2
LF:2
LH:2
BRF:0
BRH:0
end_of_record
TN:
SF:errors\custom-error.js
FN:2,(anonymous_0)
FNF:1
FNH:1
FNDA:181,(anonymous_0)
DA:3,181
LF:1
LH:1
BRF:0
BRH:0
end_of_record
TN:
SF:errors\forbidden.js
FN:5,(anonymous_0)
FNF:1
FNH:1
FNDA:21,(anonymous_0)
DA:6,21
DA:7,21
LF:2
LH:2
BRF:0
BRH:0
end_of_record
TN:
SF:errors\index.js
FNF:0
FNH:0
LF:0
LH:0
BRF:0
BRH:0
end_of_record
TN:
SF:errors\no-content.js
FN:5,(anonymous_0)
FNF:1
FNH:1
FNDA:1,(anonymous_0)
DA:6,1
DA:7,1
LF:2
LH:2
BRF:0
BRH:0
end_of_record
TN:
SF:errors\not-found.js
FN:5,(anonymous_0)
FNF:1
FNH:1
FNDA:14,(anonymous_0)
DA:6,14
DA:7,14
LF:2
LH:2
BRF:0
BRH:0
end_of_record
TN:
SF:errors\unauthenticated.js
FN:5,(anonymous_0)
FNF:1
FNH:1
FNDA:17,(anonymous_0)
DA:6,17
DA:7,17
LF:2
LH:2
BRF:0
BRH:0
end_of_record
TN:
SF:middleware\credentials.js
FN:3,(anonymous_0)
FNF:1
FNH:1
FNDA:112,(anonymous_0)
DA:3,5
DA:4,112
DA:6,112
DA:7,1
DA:8,1
DA:14,112
LF:6
LH:6
BRDA:6,0,0,1
BRDA:6,0,1,111
BRF:2
BRH:2
end_of_record
TN:
SF:middleware\errorHandler.js
FN:4,(anonymous_0)
FN:19,(anonymous_1)
FNF:2
FNH:1
FNDA:52,(anonymous_0)
FNDA:0,(anonymous_1)
DA:4,5
DA:5,52
DA:6,51
DA:11,1
DA:17,1
DA:18,0
DA:19,0
DA:21,0
DA:23,1
DA:24,0
DA:27,0
DA:29,1
DA:30,0
DA:31,0
DA:34,1
LF:15
LH:8
BRDA:5,0,0,51
BRDA:5,0,1,1
BRDA:13,1,0,1
BRDA:13,1,1,1
BRDA:14,2,0,1
BRDA:14,2,1,0
BRDA:17,3,0,0
BRDA:17,3,1,1
BRDA:23,4,0,0
BRDA:23,4,1,1
BRDA:23,5,0,1
BRDA:23,5,1,0
BRDA:29,6,0,0
BRDA:29,6,1,1
BRF:14
BRH:9
end_of_record
TN:
SF:middleware\notFound.js
FN:4,(anonymous_0)
FNF:1
FNH:1
FNDA:1,(anonymous_0)
DA:4,5
DA:5,1
LF:2
LH:2
BRF:0
BRH:0
end_of_record
TN:
SF:middleware\privateAuth.js
FN:4,(anonymous_0)
FNF:1
FNH:1
FNDA:78,(anonymous_0)
DA:4,4
DA:5,78
DA:6,78
DA:7,2
DA:10,76
DA:12,76
DA:13,76
DA:15,73
DA:17,73
DA:19,3
LF:10
LH:10
BRDA:6,0,0,2
BRDA:6,0,1,76
BRDA:6,1,0,78
BRDA:6,1,1,2
BRF:4
BRH:4
end_of_record
TN:
SF:middleware\protectedAuth.js
FN:3,(anonymous_0)
FNF:1
FNH:1
FNDA:81,(anonymous_0)
DA:3,4
DA:4,81
DA:6,81
DA:7,2
DA:8,2
DA:11,79
DA:13,79
DA:14,79
DA:16,75
DA:18,4
DA:20,79
LF:11
LH:11
BRDA:6,0,0,2
BRDA:6,0,1,79
BRDA:6,1,0,81
BRDA:6,1,1,2
BRF:4
BRH:4
end_of_record
TN:
SF:middleware\validate.js
FN:6,(anonymous_0)
FN:10,(anonymous_1)
FNF:2
FNH:2
FNDA:89,(anonymous_0)
FNDA:4,(anonymous_1)
DA:6,5
DA:7,89
DA:9,89
DA:10,4
DA:11,4
DA:15,85
DA:17,85
LF:7
LH:7
BRDA:9,0,0,4
BRDA:9,0,1,85
BRF:2
BRH:2
end_of_record
TN:
SF:model\Cart.js
FNF:0
FNH:0
DA:3,19
DA:33,19
DA:34,19
DA:36,19
LF:4
LH:4
BRF:0
BRH:0
end_of_record
TN:
SF:model\Category.js
FNF:0
FNH:0
DA:3,31
LF:1
LH:1
BRF:0
BRH:0
end_of_record
TN:
SF:model\Product.js
FN:94,(anonymous_0)
FNF:1
FNH:1
FNDA:5,(anonymous_0)
DA:4,33
DA:94,33
DA:95,5
DA:96,2
DA:98,5
DA:101,33
LF:6
LH:6
BRDA:95,0,0,2
BRDA:95,0,1,3
BRDA:95,1,0,5
BRDA:95,1,1,3
BRF:4
BRH:4
end_of_record
TN:
SF:model\Rate.js
FNF:0
FNH:0
DA:3,25
DA:39,25
DA:41,25
LF:3
LH:3
BRF:0
BRH:0
end_of_record
TN:
SF:model\User.js
FN:98,(anonymous_0)
FN:105,(anonymous_1)
FNF:2
FNH:2
FNDA:4,(anonymous_0)
FNDA:5,(anonymous_1)
DA:4,33
DA:98,33
DA:99,4
DA:100,4
DA:101,4
DA:102,4
DA:105,33
DA:106,5
DA:108,5
DA:111,33
LF:10
LH:10
BRDA:99,0,0,0
BRDA:99,0,1,4
BRF:2
BRH:1
end_of_record
TN:
SF:routes\privateRoutes.js
FNF:0
FNH:0
DA:46,4
DA:48,4
DA:56,4
DA:65,4
DA:67,4
DA:69,4
DA:74,4
DA:78,4
DA:82,4
DA:86,4
DA:89,4
DA:93,4
DA:97,4
DA:101,4
DA:111,4
DA:116,4
DA:120,4
DA:128,4
DA:130,4
DA:132,4
DA:134,4
DA:141,4
DA:146,4
DA:156,4
DA:160,4
DA:166,4
DA:170,4
DA:174,4
LF:28
LH:28
BRF:0
BRH:0
end_of_record
TN:
SF:routes\protectedRoutes.js
FNF:0
FNH:0
DA:4,4
DA:12,4
DA:20,4
DA:29,4
DA:32,4
LF:5
LH:5
BRF:0
BRH:0
end_of_record
TN:
SF:routes\publicRoutes.js
FNF:0
FNH:0
DA:3,4
DA:26,4
DA:27,4
DA:28,4
DA:29,4
DA:30,4
DA:32,4
DA:40,4
DA:43,4
DA:44,4
LF:10
LH:10
BRF:0
BRH:0
end_of_record
TN:
SF:utils\calculateNewAverageRating.js
FN:1,(anonymous_0)
FNF:1
FNH:1
FNDA:1,(anonymous_0)
DA:1,19
DA:7,1
DA:8,1
LF:3
LH:3
BRF:0
BRH:0
end_of_record
TN:
SF:utils\deleteCloudinaryImage.js
FN:4,(anonymous_0)
FNF:1
FNH:1
FNDA:7,(anonymous_0)
DA:4,10
DA:5,7
DA:6,7
DA:7,0
DA:10,7
DA:12,7
DA:13,4
DA:15,3
DA:18,0
DA:19,0
LF:10
LH:7
BRDA:6,0,0,0
BRDA:6,0,1,7
BRDA:12,1,0,4
BRDA:12,1,1,3
BRF:4
BRH:3
end_of_record
TN:
SF:utils\deleteImageLocally.js
FN:6,(anonymous_0)
FNF:1
FNH:1
FNDA:6,(anonymous_0)
DA:4,19
DA:6,19
DA:7,6
DA:8,6
DA:14,6
DA:15,6
DA:16,6
DA:18,0
DA:21,0
LF:9
LH:7
BRDA:7,0,0,6
BRDA:7,0,1,0
BRF:2
BRH:1
end_of_record
TN:
SF:utils\tokenService.js
FN:5,(anonymous_0)
FNF:1
FNH:1
FNDA:4,(anonymous_0)
DA:3,9
DA:5,9
DA:7,4
DA:12,4
DA:16,4
LF:5
LH:5
BRF:0
BRH:0
end_of_record
TN:
SF:utils\updateAverageRating.js
FN:1,(anonymous_0)
FNF:1
FNH:1
FNDA:1,(anonymous_0)
DA:1,19
DA:7,1
DA:9,1
DA:10,1
DA:11,1
LF:5
LH:5
BRF:0
BRH:0
end_of_record
TN:
SF:utils\updateCloudinaryImage.js
FN:7,(anonymous_0)
FNF:1
FNH:1
FNDA:6,(anonymous_0)
DA:4,10
DA:5,10
DA:7,10
DA:13,6
DA:14,1
DA:17,5
DA:18,5
DA:19,5
DA:21,5
DA:22,1
DA:27,4
DA:28,1
DA:31,3
DA:33,3
DA:34,3
DA:38,3
DA:43,3
DA:48,0
DA:49,0
LF:19
LH:17
BRDA:13,0,0,1
BRDA:13,0,1,5
BRDA:13,1,0,6
BRDA:13,1,1,5
BRDA:21,2,0,1
BRDA:21,2,1,4
BRDA:27,3,0,1
BRDA:27,3,1,3
BRDA:33,4,0,3
BRDA:33,4,1,0
BRF:10
BRH:9
end_of_record
TN:
SF:utils\uploadCloudinaryImage.js
FN:7,(anonymous_0)
FNF:1
FNH:1
FNDA:5,(anonymous_0)
DA:4,10
DA:5,10
DA:7,10
DA:8,5
DA:9,1
DA:12,4
DA:13,4
DA:14,4
DA:16,4
DA:17,1
DA:22,3
DA:23,1
DA:26,2
DA:28,2
DA:33,2
DA:38,0
DA:39,0
LF:17
LH:15
BRDA:8,0,0,1
BRDA:8,0,1,4
BRDA:8,1,0,5
BRDA:8,1,1,4
BRDA:16,2,0,1
BRDA:16,2,1,3
BRDA:22,3,0,1
BRDA:22,3,1,2
BRF:8
BRH:8
end_of_record
TN:
SF:utils\uploadImageLocally.js
FN:8,(anonymous_0)
FNF:1
FNH:1
FNDA:9,(anonymous_0)
DA:4,19
DA:5,19
DA:6,19
DA:8,19
DA:9,9
DA:10,1
DA:13,8
DA:14,8
DA:15,8
DA:16,8
DA:18,8
DA:19,1
DA:24,7
DA:25,1
DA:28,6
DA:34,6
DA:35,6
DA:36,6
DA:38,0
LF:19
LH:18
BRDA:9,0,0,1
BRDA:9,0,1,8
BRDA:9,1,0,9
BRDA:9,1,1,8
BRDA:18,2,0,1
BRDA:18,2,1,7
BRDA:24,3,0,1
BRDA:24,3,1,6
BRF:8
BRH:8
end_of_record
TN:
SF:utils\validateURL.js
FN:3,(anonymous_0)
FNF:1
FNH:1
FNDA:5,(anonymous_0)
DA:3,5
DA:4,5
DA:5,5
DA:6,5
DA:7,4
DA:10,0
LF:6
LH:5
BRDA:6,0,0,4
BRDA:6,0,1,1
BRF:2
BRH:2
end_of_record
TN:
SF:validationInputs\cartValidation.js
FNF:0
FNH:0
DA:4,4
LF:1
LH:1
BRF:0
BRH:0
end_of_record
TN:
SF:validationInputs\categoryValidation.js
FN:12,(anonymous_0)
FNF:1
FNH:1
FNDA:3,(anonymous_0)
DA:4,4
DA:12,3
LF:2
LH:2
BRF:0
BRH:0
end_of_record
TN:
SF:validationInputs\idValidation.js
FNF:0
FNH:0
DA:3,4
LF:1
LH:1
BRF:0
BRH:0
end_of_record
TN:
SF:validationInputs\oldPublicIdValidation.js
FN:5,(anonymous_0)
FNF:1
FNH:1
FNDA:23,(anonymous_0)
DA:3,4
DA:6,23
DA:7,23
DA:9,0
LF:4
LH:3
BRDA:6,0,0,23
BRDA:6,0,1,0
BRDA:6,1,0,23
BRDA:6,1,1,23
BRF:4
BRH:3
end_of_record
TN:
SF:validationInputs\productValidation.js
FNF:0
FNH:0
DA:3,4
LF:1
LH:1
BRF:0
BRH:0
end_of_record
TN:
SF:validationInputs\rateValidation.js
FNF:0
FNH:0
DA:3,4
LF:1
LH:1
BRF:0
BRH:0
end_of_record
TN:
SF:validationInputs\signinValidation.js
FNF:0
FNH:0
DA:3,4
LF:1
LH:1
BRF:0
BRH:0
end_of_record
TN:
SF:validationInputs\signupUpdateValidation.js
FNF:0
FNH:0
DA:3,4
LF:1
LH:1
BRF:0
BRH:0
end_of_record
TN:
SF:validationInputs\signupValidation.js
FNF:0
FNH:0
DA:3,4
LF:1
LH:1
BRF:0
BRH:0
end_of_record
TN:
SF:validationInputs\updateCartValidation.js
FNF:0
FNH:0
DA:3,4
LF:1
LH:1
BRF:0
BRH:0
end_of_record
