{
  "C:\\Users\\Amoo\\Desktop\\Portfolio\\PrimeMarket\\client\\__test__\\SampleDatas\\cartItems.js": {
    "path": "C:\\Users\\Amoo\\Desktop\\Portfolio\\PrimeMarket\\client\\__test__\\SampleDatas\\cartItems.js",
    "all": false,
    "statementMap": {
      "0": {
        "start": { "line": 1, "column": 0 },
        "end": { "line": 1, "column": 26 }
      },
      "1": {
        "start": { "line": 2, "column": 0 },
        "end": { "line": 2, "column": 12 }
      },
      "2": {
        "start": { "line": 3, "column": 0 },
        "end": { "line": 3, "column": 14 }
      },
      "3": {
        "start": { "line": 4, "column": 0 },
        "end": { "line": 4, "column": 15 }
      },
      "4": {
        "start": { "line": 5, "column": 0 },
        "end": { "line": 5, "column": 11 }
      },
      "5": {
        "start": { "line": 6, "column": 0 },
        "end": { "line": 6, "column": 5 }
      },
      "6": {
        "start": { "line": 7, "column": 0 },
        "end": { "line": 7, "column": 38 }
      },
      "7": {
        "start": { "line": 8, "column": 0 },
        "end": { "line": 8, "column": 41 }
      },
      "8": {
        "start": { "line": 9, "column": 0 },
        "end": { "line": 9, "column": 44 }
      },
      "9": {
        "start": { "line": 10, "column": 0 },
        "end": { "line": 10, "column": 18 }
      },
      "10": {
        "start": { "line": 11, "column": 0 },
        "end": { "line": 11, "column": 23 }
      },
      "11": {
        "start": { "line": 12, "column": 0 },
        "end": { "line": 12, "column": 44 }
      },
      "12": {
        "start": { "line": 13, "column": 0 },
        "end": { "line": 13, "column": 44 }
      },
      "13": {
        "start": { "line": 14, "column": 0 },
        "end": { "line": 14, "column": 13 }
      },
      "14": {
        "start": { "line": 15, "column": 0 },
        "end": { "line": 15, "column": 16 }
      },
      "15": {
        "start": { "line": 16, "column": 0 },
        "end": { "line": 16, "column": 40 }
      },
      "16": {
        "start": { "line": 17, "column": 0 },
        "end": { "line": 17, "column": 34 }
      },
      "17": {
        "start": { "line": 18, "column": 0 },
        "end": { "line": 18, "column": 23 }
      },
      "18": {
        "start": { "line": 19, "column": 0 },
        "end": { "line": 19, "column": 19 }
      },
      "19": {
        "start": { "line": 20, "column": 0 },
        "end": { "line": 20, "column": 27 }
      },
      "20": {
        "start": { "line": 21, "column": 0 },
        "end": { "line": 21, "column": 23 }
      },
      "21": {
        "start": { "line": 22, "column": 0 },
        "end": { "line": 22, "column": 17 }
      },
      "22": {
        "start": { "line": 23, "column": 0 },
        "end": { "line": 23, "column": 108 }
      },
      "23": {
        "start": { "line": 24, "column": 0 },
        "end": { "line": 24, "column": 23 }
      },
      "24": {
        "start": { "line": 25, "column": 0 },
        "end": { "line": 25, "column": 8 }
      },
      "25": {
        "start": { "line": 26, "column": 0 },
        "end": { "line": 26, "column": 6 }
      },
      "26": {
        "start": { "line": 27, "column": 0 },
        "end": { "line": 27, "column": 5 }
      },
      "27": {
        "start": { "line": 28, "column": 0 },
        "end": { "line": 28, "column": 38 }
      },
      "28": {
        "start": { "line": 29, "column": 0 },
        "end": { "line": 29, "column": 41 }
      },
      "29": {
        "start": { "line": 30, "column": 0 },
        "end": { "line": 30, "column": 44 }
      },
      "30": {
        "start": { "line": 31, "column": 0 },
        "end": { "line": 31, "column": 18 }
      },
      "31": {
        "start": { "line": 32, "column": 0 },
        "end": { "line": 32, "column": 23 }
      },
      "32": {
        "start": { "line": 33, "column": 0 },
        "end": { "line": 33, "column": 44 }
      },
      "33": {
        "start": { "line": 34, "column": 0 },
        "end": { "line": 34, "column": 44 }
      },
      "34": {
        "start": { "line": 35, "column": 0 },
        "end": { "line": 35, "column": 13 }
      },
      "35": {
        "start": { "line": 36, "column": 0 },
        "end": { "line": 36, "column": 16 }
      },
      "36": {
        "start": { "line": 37, "column": 0 },
        "end": { "line": 37, "column": 40 }
      },
      "37": {
        "start": { "line": 38, "column": 0 },
        "end": { "line": 38, "column": 37 }
      },
      "38": {
        "start": { "line": 39, "column": 0 },
        "end": { "line": 39, "column": 23 }
      },
      "39": {
        "start": { "line": 40, "column": 0 },
        "end": { "line": 40, "column": 18 }
      },
      "40": {
        "start": { "line": 41, "column": 0 },
        "end": { "line": 41, "column": 25 }
      },
      "41": {
        "start": { "line": 42, "column": 0 },
        "end": { "line": 42, "column": 23 }
      },
      "42": {
        "start": { "line": 43, "column": 0 },
        "end": { "line": 43, "column": 17 }
      },
      "43": {
        "start": { "line": 44, "column": 0 },
        "end": { "line": 44, "column": 108 }
      },
      "44": {
        "start": { "line": 45, "column": 0 },
        "end": { "line": 45, "column": 23 }
      },
      "45": {
        "start": { "line": 46, "column": 0 },
        "end": { "line": 46, "column": 8 }
      },
      "46": {
        "start": { "line": 47, "column": 0 },
        "end": { "line": 47, "column": 6 }
      },
      "47": {
        "start": { "line": 48, "column": 0 },
        "end": { "line": 48, "column": 4 }
      },
      "48": {
        "start": { "line": 49, "column": 0 },
        "end": { "line": 49, "column": 2 }
      }
    },
    "s": {
      "0": 1,
      "1": 1,
      "2": 1,
      "3": 1,
      "4": 1,
      "5": 1,
      "6": 1,
      "7": 1,
      "8": 1,
      "9": 1,
      "10": 1,
      "11": 1,
      "12": 1,
      "13": 1,
      "14": 1,
      "15": 1,
      "16": 1,
      "17": 1,
      "18": 1,
      "19": 1,
      "20": 1,
      "21": 1,
      "22": 1,
      "23": 1,
      "24": 1,
      "25": 1,
      "26": 1,
      "27": 1,
      "28": 1,
      "29": 1,
      "30": 1,
      "31": 1,
      "32": 1,
      "33": 1,
      "34": 1,
      "35": 1,
      "36": 1,
      "37": 1,
      "38": 1,
      "39": 1,
      "40": 1,
      "41": 1,
      "42": 1,
      "43": 1,
      "44": 1,
      "45": 1,
      "46": 1,
      "47": 1,
      "48": 1
    },
    "branchMap": {},
    "b": {},
    "fnMap": {},
    "f": {}
  },
  "C:\\Users\\Amoo\\Desktop\\Portfolio\\PrimeMarket\\client\\__test__\\SampleDatas\\categories.js": {
    "path": "C:\\Users\\Amoo\\Desktop\\Portfolio\\PrimeMarket\\client\\__test__\\SampleDatas\\categories.js",
    "all": false,
    "statementMap": {
      "0": {
        "start": { "line": 1, "column": 0 },
        "end": { "line": 1, "column": 27 }
      },
      "1": {
        "start": { "line": 2, "column": 0 },
        "end": { "line": 2, "column": 15 }
      },
      "2": {
        "start": { "line": 3, "column": 0 },
        "end": { "line": 3, "column": 12 }
      },
      "3": {
        "start": { "line": 4, "column": 0 },
        "end": { "line": 4, "column": 5 }
      },
      "4": {
        "start": { "line": 5, "column": 0 },
        "end": { "line": 5, "column": 38 }
      },
      "5": {
        "start": { "line": 6, "column": 0 },
        "end": { "line": 6, "column": 35 }
      },
      "6": {
        "start": { "line": 7, "column": 0 },
        "end": { "line": 7, "column": 26 }
      },
      "7": {
        "start": { "line": 8, "column": 0 },
        "end": { "line": 8, "column": 49 }
      },
      "8": {
        "start": { "line": 9, "column": 0 },
        "end": { "line": 9, "column": 50 }
      },
      "9": {
        "start": { "line": 10, "column": 0 },
        "end": { "line": 10, "column": 22 }
      },
      "10": {
        "start": { "line": 11, "column": 0 },
        "end": { "line": 11, "column": 21 }
      },
      "11": {
        "start": { "line": 12, "column": 0 },
        "end": { "line": 12, "column": 34 }
      },
      "12": {
        "start": { "line": 13, "column": 0 },
        "end": { "line": 13, "column": 17 }
      },
      "13": {
        "start": { "line": 14, "column": 0 },
        "end": { "line": 14, "column": 33 }
      },
      "14": {
        "start": { "line": 15, "column": 0 },
        "end": { "line": 15, "column": 8 }
      },
      "15": {
        "start": { "line": 16, "column": 0 },
        "end": { "line": 16, "column": 22 }
      },
      "16": {
        "start": { "line": 17, "column": 0 },
        "end": { "line": 17, "column": 44 }
      },
      "17": {
        "start": { "line": 18, "column": 0 },
        "end": { "line": 18, "column": 44 }
      },
      "18": {
        "start": { "line": 19, "column": 0 },
        "end": { "line": 19, "column": 13 }
      },
      "19": {
        "start": { "line": 20, "column": 0 },
        "end": { "line": 20, "column": 6 }
      },
      "20": {
        "start": { "line": 21, "column": 0 },
        "end": { "line": 21, "column": 5 }
      },
      "21": {
        "start": { "line": 22, "column": 0 },
        "end": { "line": 22, "column": 38 }
      },
      "22": {
        "start": { "line": 23, "column": 0 },
        "end": { "line": 23, "column": 38 }
      },
      "23": {
        "start": { "line": 24, "column": 0 },
        "end": { "line": 24, "column": 29 }
      },
      "24": {
        "start": { "line": 25, "column": 0 },
        "end": { "line": 25, "column": 18 }
      },
      "25": {
        "start": { "line": 26, "column": 0 },
        "end": { "line": 26, "column": 71 }
      },
      "26": {
        "start": { "line": 27, "column": 0 },
        "end": { "line": 27, "column": 50 }
      },
      "27": {
        "start": { "line": 28, "column": 0 },
        "end": { "line": 28, "column": 22 }
      },
      "28": {
        "start": { "line": 29, "column": 0 },
        "end": { "line": 29, "column": 21 }
      },
      "29": {
        "start": { "line": 30, "column": 0 },
        "end": { "line": 30, "column": 40 }
      },
      "30": {
        "start": { "line": 31, "column": 0 },
        "end": { "line": 31, "column": 19 }
      },
      "31": {
        "start": { "line": 32, "column": 0 },
        "end": { "line": 32, "column": 22 }
      },
      "32": {
        "start": { "line": 33, "column": 0 },
        "end": { "line": 33, "column": 44 }
      },
      "33": {
        "start": { "line": 34, "column": 0 },
        "end": { "line": 34, "column": 44 }
      },
      "34": {
        "start": { "line": 35, "column": 0 },
        "end": { "line": 35, "column": 13 }
      },
      "35": {
        "start": { "line": 36, "column": 0 },
        "end": { "line": 36, "column": 6 }
      },
      "36": {
        "start": { "line": 37, "column": 0 },
        "end": { "line": 37, "column": 5 }
      },
      "37": {
        "start": { "line": 38, "column": 0 },
        "end": { "line": 38, "column": 38 }
      },
      "38": {
        "start": { "line": 39, "column": 0 },
        "end": { "line": 39, "column": 34 }
      },
      "39": {
        "start": { "line": 40, "column": 0 },
        "end": { "line": 40, "column": 25 }
      },
      "40": {
        "start": { "line": 41, "column": 0 },
        "end": { "line": 41, "column": 47 }
      },
      "41": {
        "start": { "line": 42, "column": 0 },
        "end": { "line": 42, "column": 50 }
      },
      "42": {
        "start": { "line": 43, "column": 0 },
        "end": { "line": 43, "column": 22 }
      },
      "43": {
        "start": { "line": 44, "column": 0 },
        "end": { "line": 44, "column": 21 }
      },
      "44": {
        "start": { "line": 45, "column": 0 },
        "end": { "line": 45, "column": 38 }
      },
      "45": {
        "start": { "line": 46, "column": 0 },
        "end": { "line": 46, "column": 17 }
      },
      "46": {
        "start": { "line": 47, "column": 0 },
        "end": { "line": 47, "column": 32 }
      },
      "47": {
        "start": { "line": 48, "column": 0 },
        "end": { "line": 48, "column": 8 }
      },
      "48": {
        "start": { "line": 49, "column": 0 },
        "end": { "line": 49, "column": 22 }
      },
      "49": {
        "start": { "line": 50, "column": 0 },
        "end": { "line": 50, "column": 44 }
      },
      "50": {
        "start": { "line": 51, "column": 0 },
        "end": { "line": 51, "column": 44 }
      },
      "51": {
        "start": { "line": 52, "column": 0 },
        "end": { "line": 52, "column": 13 }
      },
      "52": {
        "start": { "line": 53, "column": 0 },
        "end": { "line": 53, "column": 6 }
      },
      "53": {
        "start": { "line": 54, "column": 0 },
        "end": { "line": 54, "column": 5 }
      },
      "54": {
        "start": { "line": 55, "column": 0 },
        "end": { "line": 55, "column": 38 }
      },
      "55": {
        "start": { "line": 56, "column": 0 },
        "end": { "line": 56, "column": 34 }
      },
      "56": {
        "start": { "line": 57, "column": 0 },
        "end": { "line": 57, "column": 25 }
      },
      "57": {
        "start": { "line": 58, "column": 0 },
        "end": { "line": 58, "column": 59 }
      },
      "58": {
        "start": { "line": 59, "column": 0 },
        "end": { "line": 59, "column": 28 }
      },
      "59": {
        "start": { "line": 60, "column": 0 },
        "end": { "line": 60, "column": 22 }
      },
      "60": {
        "start": { "line": 61, "column": 0 },
        "end": { "line": 61, "column": 21 }
      },
      "61": {
        "start": { "line": 62, "column": 0 },
        "end": { "line": 62, "column": 25 }
      },
      "62": {
        "start": { "line": 63, "column": 0 },
        "end": { "line": 63, "column": 19 }
      },
      "63": {
        "start": { "line": 64, "column": 0 },
        "end": { "line": 64, "column": 22 }
      },
      "64": {
        "start": { "line": 65, "column": 0 },
        "end": { "line": 65, "column": 44 }
      },
      "65": {
        "start": { "line": 66, "column": 0 },
        "end": { "line": 66, "column": 44 }
      },
      "66": {
        "start": { "line": 67, "column": 0 },
        "end": { "line": 67, "column": 13 }
      },
      "67": {
        "start": { "line": 68, "column": 0 },
        "end": { "line": 68, "column": 6 }
      },
      "68": {
        "start": { "line": 69, "column": 0 },
        "end": { "line": 69, "column": 5 }
      },
      "69": {
        "start": { "line": 70, "column": 0 },
        "end": { "line": 70, "column": 38 }
      },
      "70": {
        "start": { "line": 71, "column": 0 },
        "end": { "line": 71, "column": 39 }
      },
      "71": {
        "start": { "line": 72, "column": 0 },
        "end": { "line": 72, "column": 28 }
      },
      "72": {
        "start": { "line": 73, "column": 0 },
        "end": { "line": 73, "column": 48 }
      },
      "73": {
        "start": { "line": 74, "column": 0 },
        "end": { "line": 74, "column": 28 }
      },
      "74": {
        "start": { "line": 75, "column": 0 },
        "end": { "line": 75, "column": 22 }
      },
      "75": {
        "start": { "line": 76, "column": 0 },
        "end": { "line": 76, "column": 21 }
      },
      "76": {
        "start": { "line": 77, "column": 0 },
        "end": { "line": 77, "column": 28 }
      },
      "77": {
        "start": { "line": 78, "column": 0 },
        "end": { "line": 78, "column": 17 }
      },
      "78": {
        "start": { "line": 79, "column": 0 },
        "end": { "line": 79, "column": 35 }
      },
      "79": {
        "start": { "line": 80, "column": 0 },
        "end": { "line": 80, "column": 8 }
      },
      "80": {
        "start": { "line": 81, "column": 0 },
        "end": { "line": 81, "column": 22 }
      },
      "81": {
        "start": { "line": 82, "column": 0 },
        "end": { "line": 82, "column": 44 }
      },
      "82": {
        "start": { "line": 83, "column": 0 },
        "end": { "line": 83, "column": 44 }
      },
      "83": {
        "start": { "line": 84, "column": 0 },
        "end": { "line": 84, "column": 13 }
      },
      "84": {
        "start": { "line": 85, "column": 0 },
        "end": { "line": 85, "column": 6 }
      },
      "85": {
        "start": { "line": 86, "column": 0 },
        "end": { "line": 86, "column": 5 }
      },
      "86": {
        "start": { "line": 87, "column": 0 },
        "end": { "line": 87, "column": 38 }
      },
      "87": {
        "start": { "line": 88, "column": 0 },
        "end": { "line": 88, "column": 31 }
      },
      "88": {
        "start": { "line": 89, "column": 0 },
        "end": { "line": 89, "column": 22 }
      },
      "89": {
        "start": { "line": 90, "column": 0 },
        "end": { "line": 90, "column": 53 }
      },
      "90": {
        "start": { "line": 91, "column": 0 },
        "end": { "line": 91, "column": 50 }
      },
      "91": {
        "start": { "line": 92, "column": 0 },
        "end": { "line": 92, "column": 22 }
      },
      "92": {
        "start": { "line": 93, "column": 0 },
        "end": { "line": 93, "column": 21 }
      },
      "93": {
        "start": { "line": 94, "column": 0 },
        "end": { "line": 94, "column": 35 }
      },
      "94": {
        "start": { "line": 95, "column": 0 },
        "end": { "line": 95, "column": 17 }
      },
      "95": {
        "start": { "line": 96, "column": 0 },
        "end": { "line": 96, "column": 29 }
      },
      "96": {
        "start": { "line": 97, "column": 0 },
        "end": { "line": 97, "column": 8 }
      },
      "97": {
        "start": { "line": 98, "column": 0 },
        "end": { "line": 98, "column": 22 }
      },
      "98": {
        "start": { "line": 99, "column": 0 },
        "end": { "line": 99, "column": 44 }
      },
      "99": {
        "start": { "line": 100, "column": 0 },
        "end": { "line": 100, "column": 44 }
      },
      "100": {
        "start": { "line": 101, "column": 0 },
        "end": { "line": 101, "column": 13 }
      },
      "101": {
        "start": { "line": 102, "column": 0 },
        "end": { "line": 102, "column": 6 }
      },
      "102": {
        "start": { "line": 103, "column": 0 },
        "end": { "line": 103, "column": 5 }
      },
      "103": {
        "start": { "line": 104, "column": 0 },
        "end": { "line": 104, "column": 38 }
      },
      "104": {
        "start": { "line": 105, "column": 0 },
        "end": { "line": 105, "column": 35 }
      },
      "105": {
        "start": { "line": 106, "column": 0 },
        "end": { "line": 106, "column": 26 }
      },
      "106": {
        "start": { "line": 107, "column": 0 },
        "end": { "line": 107, "column": 64 }
      },
      "107": {
        "start": { "line": 108, "column": 0 },
        "end": { "line": 108, "column": 50 }
      },
      "108": {
        "start": { "line": 109, "column": 0 },
        "end": { "line": 109, "column": 22 }
      },
      "109": {
        "start": { "line": 110, "column": 0 },
        "end": { "line": 110, "column": 21 }
      },
      "110": {
        "start": { "line": 111, "column": 0 },
        "end": { "line": 111, "column": 37 }
      },
      "111": {
        "start": { "line": 112, "column": 0 },
        "end": { "line": 112, "column": 19 }
      },
      "112": {
        "start": { "line": 113, "column": 0 },
        "end": { "line": 113, "column": 22 }
      },
      "113": {
        "start": { "line": 114, "column": 0 },
        "end": { "line": 114, "column": 44 }
      },
      "114": {
        "start": { "line": 115, "column": 0 },
        "end": { "line": 115, "column": 44 }
      },
      "115": {
        "start": { "line": 116, "column": 0 },
        "end": { "line": 116, "column": 13 }
      },
      "116": {
        "start": { "line": 117, "column": 0 },
        "end": { "line": 117, "column": 6 }
      },
      "117": {
        "start": { "line": 118, "column": 0 },
        "end": { "line": 118, "column": 5 }
      },
      "118": {
        "start": { "line": 119, "column": 0 },
        "end": { "line": 119, "column": 38 }
      },
      "119": {
        "start": { "line": 120, "column": 0 },
        "end": { "line": 120, "column": 31 }
      },
      "120": {
        "start": { "line": 121, "column": 0 },
        "end": { "line": 121, "column": 22 }
      },
      "121": {
        "start": { "line": 122, "column": 0 },
        "end": { "line": 122, "column": 53 }
      },
      "122": {
        "start": { "line": 123, "column": 0 },
        "end": { "line": 123, "column": 50 }
      },
      "123": {
        "start": { "line": 124, "column": 0 },
        "end": { "line": 124, "column": 22 }
      },
      "124": {
        "start": { "line": 125, "column": 0 },
        "end": { "line": 125, "column": 21 }
      },
      "125": {
        "start": { "line": 126, "column": 0 },
        "end": { "line": 126, "column": 34 }
      },
      "126": {
        "start": { "line": 127, "column": 0 },
        "end": { "line": 127, "column": 17 }
      },
      "127": {
        "start": { "line": 128, "column": 0 },
        "end": { "line": 128, "column": 29 }
      },
      "128": {
        "start": { "line": 129, "column": 0 },
        "end": { "line": 129, "column": 8 }
      },
      "129": {
        "start": { "line": 130, "column": 0 },
        "end": { "line": 130, "column": 22 }
      },
      "130": {
        "start": { "line": 131, "column": 0 },
        "end": { "line": 131, "column": 44 }
      },
      "131": {
        "start": { "line": 132, "column": 0 },
        "end": { "line": 132, "column": 44 }
      },
      "132": {
        "start": { "line": 133, "column": 0 },
        "end": { "line": 133, "column": 13 }
      },
      "133": {
        "start": { "line": 134, "column": 0 },
        "end": { "line": 134, "column": 6 }
      },
      "134": {
        "start": { "line": 135, "column": 0 },
        "end": { "line": 135, "column": 5 }
      },
      "135": {
        "start": { "line": 136, "column": 0 },
        "end": { "line": 136, "column": 38 }
      },
      "136": {
        "start": { "line": 137, "column": 0 },
        "end": { "line": 137, "column": 32 }
      },
      "137": {
        "start": { "line": 138, "column": 0 },
        "end": { "line": 138, "column": 23 }
      },
      "138": {
        "start": { "line": 139, "column": 0 },
        "end": { "line": 139, "column": 62 }
      },
      "139": {
        "start": { "line": 140, "column": 0 },
        "end": { "line": 140, "column": 50 }
      },
      "140": {
        "start": { "line": 141, "column": 0 },
        "end": { "line": 141, "column": 22 }
      },
      "141": {
        "start": { "line": 142, "column": 0 },
        "end": { "line": 142, "column": 21 }
      },
      "142": {
        "start": { "line": 143, "column": 0 },
        "end": { "line": 143, "column": 34 }
      },
      "143": {
        "start": { "line": 144, "column": 0 },
        "end": { "line": 144, "column": 19 }
      },
      "144": {
        "start": { "line": 145, "column": 0 },
        "end": { "line": 145, "column": 22 }
      },
      "145": {
        "start": { "line": 146, "column": 0 },
        "end": { "line": 146, "column": 44 }
      },
      "146": {
        "start": { "line": 147, "column": 0 },
        "end": { "line": 147, "column": 44 }
      },
      "147": {
        "start": { "line": 148, "column": 0 },
        "end": { "line": 148, "column": 13 }
      },
      "148": {
        "start": { "line": 149, "column": 0 },
        "end": { "line": 149, "column": 6 }
      },
      "149": {
        "start": { "line": 150, "column": 0 },
        "end": { "line": 150, "column": 5 }
      },
      "150": {
        "start": { "line": 151, "column": 0 },
        "end": { "line": 151, "column": 38 }
      },
      "151": {
        "start": { "line": 152, "column": 0 },
        "end": { "line": 152, "column": 39 }
      },
      "152": {
        "start": { "line": 153, "column": 0 },
        "end": { "line": 153, "column": 30 }
      },
      "153": {
        "start": { "line": 154, "column": 0 },
        "end": { "line": 154, "column": 66 }
      },
      "154": {
        "start": { "line": 155, "column": 0 },
        "end": { "line": 155, "column": 50 }
      },
      "155": {
        "start": { "line": 156, "column": 0 },
        "end": { "line": 156, "column": 22 }
      },
      "156": {
        "start": { "line": 157, "column": 0 },
        "end": { "line": 157, "column": 21 }
      },
      "157": {
        "start": { "line": 158, "column": 0 },
        "end": { "line": 158, "column": 41 }
      },
      "158": {
        "start": { "line": 159, "column": 0 },
        "end": { "line": 159, "column": 19 }
      },
      "159": {
        "start": { "line": 160, "column": 0 },
        "end": { "line": 160, "column": 22 }
      },
      "160": {
        "start": { "line": 161, "column": 0 },
        "end": { "line": 161, "column": 44 }
      },
      "161": {
        "start": { "line": 162, "column": 0 },
        "end": { "line": 162, "column": 44 }
      },
      "162": {
        "start": { "line": 163, "column": 0 },
        "end": { "line": 163, "column": 13 }
      },
      "163": {
        "start": { "line": 164, "column": 0 },
        "end": { "line": 164, "column": 6 }
      },
      "164": {
        "start": { "line": 165, "column": 0 },
        "end": { "line": 165, "column": 5 }
      },
      "165": {
        "start": { "line": 166, "column": 0 },
        "end": { "line": 166, "column": 38 }
      },
      "166": {
        "start": { "line": 167, "column": 0 },
        "end": { "line": 167, "column": 29 }
      },
      "167": {
        "start": { "line": 168, "column": 0 },
        "end": { "line": 168, "column": 20 }
      },
      "168": {
        "start": { "line": 169, "column": 0 },
        "end": { "line": 169, "column": 52 }
      },
      "169": {
        "start": { "line": 170, "column": 0 },
        "end": { "line": 170, "column": 50 }
      },
      "170": {
        "start": { "line": 171, "column": 0 },
        "end": { "line": 171, "column": 22 }
      },
      "171": {
        "start": { "line": 172, "column": 0 },
        "end": { "line": 172, "column": 21 }
      },
      "172": {
        "start": { "line": 173, "column": 0 },
        "end": { "line": 173, "column": 33 }
      },
      "173": {
        "start": { "line": 174, "column": 0 },
        "end": { "line": 174, "column": 17 }
      },
      "174": {
        "start": { "line": 175, "column": 0 },
        "end": { "line": 175, "column": 27 }
      },
      "175": {
        "start": { "line": 176, "column": 0 },
        "end": { "line": 176, "column": 8 }
      },
      "176": {
        "start": { "line": 177, "column": 0 },
        "end": { "line": 177, "column": 22 }
      },
      "177": {
        "start": { "line": 178, "column": 0 },
        "end": { "line": 178, "column": 44 }
      },
      "178": {
        "start": { "line": 179, "column": 0 },
        "end": { "line": 179, "column": 44 }
      },
      "179": {
        "start": { "line": 180, "column": 0 },
        "end": { "line": 180, "column": 13 }
      },
      "180": {
        "start": { "line": 181, "column": 0 },
        "end": { "line": 181, "column": 6 }
      },
      "181": {
        "start": { "line": 182, "column": 0 },
        "end": { "line": 182, "column": 5 }
      },
      "182": {
        "start": { "line": 183, "column": 0 },
        "end": { "line": 183, "column": 38 }
      },
      "183": {
        "start": { "line": 184, "column": 0 },
        "end": { "line": 184, "column": 40 }
      },
      "184": {
        "start": { "line": 185, "column": 0 },
        "end": { "line": 185, "column": 31 }
      },
      "185": {
        "start": { "line": 186, "column": 0 },
        "end": { "line": 186, "column": 65 }
      },
      "186": {
        "start": { "line": 187, "column": 0 },
        "end": { "line": 187, "column": 50 }
      },
      "187": {
        "start": { "line": 188, "column": 0 },
        "end": { "line": 188, "column": 22 }
      },
      "188": {
        "start": { "line": 189, "column": 0 },
        "end": { "line": 189, "column": 21 }
      },
      "189": {
        "start": { "line": 190, "column": 0 },
        "end": { "line": 190, "column": 42 }
      },
      "190": {
        "start": { "line": 191, "column": 0 },
        "end": { "line": 191, "column": 19 }
      },
      "191": {
        "start": { "line": 192, "column": 0 },
        "end": { "line": 192, "column": 22 }
      },
      "192": {
        "start": { "line": 193, "column": 0 },
        "end": { "line": 193, "column": 44 }
      },
      "193": {
        "start": { "line": 194, "column": 0 },
        "end": { "line": 194, "column": 44 }
      },
      "194": {
        "start": { "line": 195, "column": 0 },
        "end": { "line": 195, "column": 13 }
      },
      "195": {
        "start": { "line": 196, "column": 0 },
        "end": { "line": 196, "column": 6 }
      },
      "196": {
        "start": { "line": 197, "column": 0 },
        "end": { "line": 197, "column": 5 }
      },
      "197": {
        "start": { "line": 198, "column": 0 },
        "end": { "line": 198, "column": 38 }
      },
      "198": {
        "start": { "line": 199, "column": 0 },
        "end": { "line": 199, "column": 35 }
      },
      "199": {
        "start": { "line": 200, "column": 0 },
        "end": { "line": 200, "column": 26 }
      },
      "200": {
        "start": { "line": 201, "column": 0 },
        "end": { "line": 201, "column": 69 }
      },
      "201": {
        "start": { "line": 202, "column": 0 },
        "end": { "line": 202, "column": 28 }
      },
      "202": {
        "start": { "line": 203, "column": 0 },
        "end": { "line": 203, "column": 22 }
      },
      "203": {
        "start": { "line": 204, "column": 0 },
        "end": { "line": 204, "column": 21 }
      },
      "204": {
        "start": { "line": 205, "column": 0 },
        "end": { "line": 205, "column": 26 }
      },
      "205": {
        "start": { "line": 206, "column": 0 },
        "end": { "line": 206, "column": 17 }
      },
      "206": {
        "start": { "line": 207, "column": 0 },
        "end": { "line": 207, "column": 33 }
      },
      "207": {
        "start": { "line": 208, "column": 0 },
        "end": { "line": 208, "column": 8 }
      },
      "208": {
        "start": { "line": 209, "column": 0 },
        "end": { "line": 209, "column": 22 }
      },
      "209": {
        "start": { "line": 210, "column": 0 },
        "end": { "line": 210, "column": 44 }
      },
      "210": {
        "start": { "line": 211, "column": 0 },
        "end": { "line": 211, "column": 44 }
      },
      "211": {
        "start": { "line": 212, "column": 0 },
        "end": { "line": 212, "column": 13 }
      },
      "212": {
        "start": { "line": 213, "column": 0 },
        "end": { "line": 213, "column": 6 }
      },
      "213": {
        "start": { "line": 214, "column": 0 },
        "end": { "line": 214, "column": 5 }
      },
      "214": {
        "start": { "line": 215, "column": 0 },
        "end": { "line": 215, "column": 38 }
      },
      "215": {
        "start": { "line": 216, "column": 0 },
        "end": { "line": 216, "column": 44 }
      },
      "216": {
        "start": { "line": 217, "column": 0 },
        "end": { "line": 217, "column": 35 }
      },
      "217": {
        "start": { "line": 218, "column": 0 },
        "end": { "line": 218, "column": 63 }
      },
      "218": {
        "start": { "line": 219, "column": 0 },
        "end": { "line": 219, "column": 50 }
      },
      "219": {
        "start": { "line": 220, "column": 0 },
        "end": { "line": 220, "column": 22 }
      },
      "220": {
        "start": { "line": 221, "column": 0 },
        "end": { "line": 221, "column": 21 }
      },
      "221": {
        "start": { "line": 222, "column": 0 },
        "end": { "line": 222, "column": 46 }
      },
      "222": {
        "start": { "line": 223, "column": 0 },
        "end": { "line": 223, "column": 19 }
      },
      "223": {
        "start": { "line": 224, "column": 0 },
        "end": { "line": 224, "column": 22 }
      },
      "224": {
        "start": { "line": 225, "column": 0 },
        "end": { "line": 225, "column": 44 }
      },
      "225": {
        "start": { "line": 226, "column": 0 },
        "end": { "line": 226, "column": 44 }
      },
      "226": {
        "start": { "line": 227, "column": 0 },
        "end": { "line": 227, "column": 13 }
      },
      "227": {
        "start": { "line": 228, "column": 0 },
        "end": { "line": 228, "column": 6 }
      },
      "228": {
        "start": { "line": 229, "column": 0 },
        "end": { "line": 229, "column": 5 }
      },
      "229": {
        "start": { "line": 230, "column": 0 },
        "end": { "line": 230, "column": 38 }
      },
      "230": {
        "start": { "line": 231, "column": 0 },
        "end": { "line": 231, "column": 31 }
      },
      "231": {
        "start": { "line": 232, "column": 0 },
        "end": { "line": 232, "column": 22 }
      },
      "232": {
        "start": { "line": 233, "column": 0 },
        "end": { "line": 233, "column": 50 }
      },
      "233": {
        "start": { "line": 234, "column": 0 },
        "end": { "line": 234, "column": 28 }
      },
      "234": {
        "start": { "line": 235, "column": 0 },
        "end": { "line": 235, "column": 22 }
      },
      "235": {
        "start": { "line": 236, "column": 0 },
        "end": { "line": 236, "column": 21 }
      },
      "236": {
        "start": { "line": 237, "column": 0 },
        "end": { "line": 237, "column": 22 }
      },
      "237": {
        "start": { "line": 238, "column": 0 },
        "end": { "line": 238, "column": 17 }
      },
      "238": {
        "start": { "line": 239, "column": 0 },
        "end": { "line": 239, "column": 29 }
      },
      "239": {
        "start": { "line": 240, "column": 0 },
        "end": { "line": 240, "column": 8 }
      },
      "240": {
        "start": { "line": 241, "column": 0 },
        "end": { "line": 241, "column": 22 }
      },
      "241": {
        "start": { "line": 242, "column": 0 },
        "end": { "line": 242, "column": 44 }
      },
      "242": {
        "start": { "line": 243, "column": 0 },
        "end": { "line": 243, "column": 44 }
      },
      "243": {
        "start": { "line": 244, "column": 0 },
        "end": { "line": 244, "column": 13 }
      },
      "244": {
        "start": { "line": 245, "column": 0 },
        "end": { "line": 245, "column": 6 }
      },
      "245": {
        "start": { "line": 246, "column": 0 },
        "end": { "line": 246, "column": 5 }
      },
      "246": {
        "start": { "line": 247, "column": 0 },
        "end": { "line": 247, "column": 38 }
      },
      "247": {
        "start": { "line": 248, "column": 0 },
        "end": { "line": 248, "column": 34 }
      },
      "248": {
        "start": { "line": 249, "column": 0 },
        "end": { "line": 249, "column": 25 }
      },
      "249": {
        "start": { "line": 250, "column": 0 },
        "end": { "line": 250, "column": 62 }
      },
      "250": {
        "start": { "line": 251, "column": 0 },
        "end": { "line": 251, "column": 50 }
      },
      "251": {
        "start": { "line": 252, "column": 0 },
        "end": { "line": 252, "column": 22 }
      },
      "252": {
        "start": { "line": 253, "column": 0 },
        "end": { "line": 253, "column": 21 }
      },
      "253": {
        "start": { "line": 254, "column": 0 },
        "end": { "line": 254, "column": 39 }
      },
      "254": {
        "start": { "line": 255, "column": 0 },
        "end": { "line": 255, "column": 19 }
      },
      "255": {
        "start": { "line": 256, "column": 0 },
        "end": { "line": 256, "column": 22 }
      },
      "256": {
        "start": { "line": 257, "column": 0 },
        "end": { "line": 257, "column": 44 }
      },
      "257": {
        "start": { "line": 258, "column": 0 },
        "end": { "line": 258, "column": 44 }
      },
      "258": {
        "start": { "line": 259, "column": 0 },
        "end": { "line": 259, "column": 13 }
      },
      "259": {
        "start": { "line": 260, "column": 0 },
        "end": { "line": 260, "column": 6 }
      },
      "260": {
        "start": { "line": 261, "column": 0 },
        "end": { "line": 261, "column": 5 }
      },
      "261": {
        "start": { "line": 262, "column": 0 },
        "end": { "line": 262, "column": 38 }
      },
      "262": {
        "start": { "line": 263, "column": 0 },
        "end": { "line": 263, "column": 33 }
      },
      "263": {
        "start": { "line": 264, "column": 0 },
        "end": { "line": 264, "column": 24 }
      },
      "264": {
        "start": { "line": 265, "column": 0 },
        "end": { "line": 265, "column": 55 }
      },
      "265": {
        "start": { "line": 266, "column": 0 },
        "end": { "line": 266, "column": 50 }
      },
      "266": {
        "start": { "line": 267, "column": 0 },
        "end": { "line": 267, "column": 22 }
      },
      "267": {
        "start": { "line": 268, "column": 0 },
        "end": { "line": 268, "column": 21 }
      },
      "268": {
        "start": { "line": 269, "column": 0 },
        "end": { "line": 269, "column": 37 }
      },
      "269": {
        "start": { "line": 270, "column": 0 },
        "end": { "line": 270, "column": 17 }
      },
      "270": {
        "start": { "line": 271, "column": 0 },
        "end": { "line": 271, "column": 31 }
      },
      "271": {
        "start": { "line": 272, "column": 0 },
        "end": { "line": 272, "column": 8 }
      },
      "272": {
        "start": { "line": 273, "column": 0 },
        "end": { "line": 273, "column": 22 }
      },
      "273": {
        "start": { "line": 274, "column": 0 },
        "end": { "line": 274, "column": 44 }
      },
      "274": {
        "start": { "line": 275, "column": 0 },
        "end": { "line": 275, "column": 44 }
      },
      "275": {
        "start": { "line": 276, "column": 0 },
        "end": { "line": 276, "column": 13 }
      },
      "276": {
        "start": { "line": 277, "column": 0 },
        "end": { "line": 277, "column": 6 }
      },
      "277": {
        "start": { "line": 278, "column": 0 },
        "end": { "line": 278, "column": 5 }
      },
      "278": {
        "start": { "line": 279, "column": 0 },
        "end": { "line": 279, "column": 38 }
      },
      "279": {
        "start": { "line": 280, "column": 0 },
        "end": { "line": 280, "column": 33 }
      },
      "280": {
        "start": { "line": 281, "column": 0 },
        "end": { "line": 281, "column": 24 }
      },
      "281": {
        "start": { "line": 282, "column": 0 },
        "end": { "line": 282, "column": 64 }
      },
      "282": {
        "start": { "line": 283, "column": 0 },
        "end": { "line": 283, "column": 50 }
      },
      "283": {
        "start": { "line": 284, "column": 0 },
        "end": { "line": 284, "column": 22 }
      },
      "284": {
        "start": { "line": 285, "column": 0 },
        "end": { "line": 285, "column": 21 }
      },
      "285": {
        "start": { "line": 286, "column": 0 },
        "end": { "line": 286, "column": 38 }
      },
      "286": {
        "start": { "line": 287, "column": 0 },
        "end": { "line": 287, "column": 19 }
      },
      "287": {
        "start": { "line": 288, "column": 0 },
        "end": { "line": 288, "column": 22 }
      },
      "288": {
        "start": { "line": 289, "column": 0 },
        "end": { "line": 289, "column": 44 }
      },
      "289": {
        "start": { "line": 290, "column": 0 },
        "end": { "line": 290, "column": 44 }
      },
      "290": {
        "start": { "line": 291, "column": 0 },
        "end": { "line": 291, "column": 13 }
      },
      "291": {
        "start": { "line": 292, "column": 0 },
        "end": { "line": 292, "column": 6 }
      },
      "292": {
        "start": { "line": 293, "column": 0 },
        "end": { "line": 293, "column": 5 }
      },
      "293": {
        "start": { "line": 294, "column": 0 },
        "end": { "line": 294, "column": 38 }
      },
      "294": {
        "start": { "line": 295, "column": 0 },
        "end": { "line": 295, "column": 34 }
      },
      "295": {
        "start": { "line": 296, "column": 0 },
        "end": { "line": 296, "column": 25 }
      },
      "296": {
        "start": { "line": 297, "column": 0 },
        "end": { "line": 297, "column": 44 }
      },
      "297": {
        "start": { "line": 298, "column": 0 },
        "end": { "line": 298, "column": 50 }
      },
      "298": {
        "start": { "line": 299, "column": 0 },
        "end": { "line": 299, "column": 22 }
      },
      "299": {
        "start": { "line": 300, "column": 0 },
        "end": { "line": 300, "column": 21 }
      },
      "300": {
        "start": { "line": 301, "column": 0 },
        "end": { "line": 301, "column": 37 }
      },
      "301": {
        "start": { "line": 302, "column": 0 },
        "end": { "line": 302, "column": 17 }
      },
      "302": {
        "start": { "line": 303, "column": 0 },
        "end": { "line": 303, "column": 32 }
      },
      "303": {
        "start": { "line": 304, "column": 0 },
        "end": { "line": 304, "column": 8 }
      },
      "304": {
        "start": { "line": 305, "column": 0 },
        "end": { "line": 305, "column": 22 }
      },
      "305": {
        "start": { "line": 306, "column": 0 },
        "end": { "line": 306, "column": 44 }
      },
      "306": {
        "start": { "line": 307, "column": 0 },
        "end": { "line": 307, "column": 44 }
      },
      "307": {
        "start": { "line": 308, "column": 0 },
        "end": { "line": 308, "column": 13 }
      },
      "308": {
        "start": { "line": 309, "column": 0 },
        "end": { "line": 309, "column": 6 }
      },
      "309": {
        "start": { "line": 310, "column": 0 },
        "end": { "line": 310, "column": 5 }
      },
      "310": {
        "start": { "line": 311, "column": 0 },
        "end": { "line": 311, "column": 38 }
      },
      "311": {
        "start": { "line": 312, "column": 0 },
        "end": { "line": 312, "column": 38 }
      },
      "312": {
        "start": { "line": 313, "column": 0 },
        "end": { "line": 313, "column": 27 }
      },
      "313": {
        "start": { "line": 314, "column": 0 },
        "end": { "line": 314, "column": 58 }
      },
      "314": {
        "start": { "line": 315, "column": 0 },
        "end": { "line": 315, "column": 28 }
      },
      "315": {
        "start": { "line": 316, "column": 0 },
        "end": { "line": 316, "column": 22 }
      },
      "316": {
        "start": { "line": 317, "column": 0 },
        "end": { "line": 317, "column": 21 }
      },
      "317": {
        "start": { "line": 318, "column": 0 },
        "end": { "line": 318, "column": 27 }
      },
      "318": {
        "start": { "line": 319, "column": 0 },
        "end": { "line": 319, "column": 17 }
      },
      "319": {
        "start": { "line": 320, "column": 0 },
        "end": { "line": 320, "column": 34 }
      },
      "320": {
        "start": { "line": 321, "column": 0 },
        "end": { "line": 321, "column": 8 }
      },
      "321": {
        "start": { "line": 322, "column": 0 },
        "end": { "line": 322, "column": 22 }
      },
      "322": {
        "start": { "line": 323, "column": 0 },
        "end": { "line": 323, "column": 44 }
      },
      "323": {
        "start": { "line": 324, "column": 0 },
        "end": { "line": 324, "column": 44 }
      },
      "324": {
        "start": { "line": 325, "column": 0 },
        "end": { "line": 325, "column": 13 }
      },
      "325": {
        "start": { "line": 326, "column": 0 },
        "end": { "line": 326, "column": 6 }
      },
      "326": {
        "start": { "line": 327, "column": 0 },
        "end": { "line": 327, "column": 5 }
      },
      "327": {
        "start": { "line": 328, "column": 0 },
        "end": { "line": 328, "column": 38 }
      },
      "328": {
        "start": { "line": 329, "column": 0 },
        "end": { "line": 329, "column": 44 }
      },
      "329": {
        "start": { "line": 330, "column": 0 },
        "end": { "line": 330, "column": 35 }
      },
      "330": {
        "start": { "line": 331, "column": 0 },
        "end": { "line": 331, "column": 63 }
      },
      "331": {
        "start": { "line": 332, "column": 0 },
        "end": { "line": 332, "column": 50 }
      },
      "332": {
        "start": { "line": 333, "column": 0 },
        "end": { "line": 333, "column": 22 }
      },
      "333": {
        "start": { "line": 334, "column": 0 },
        "end": { "line": 334, "column": 21 }
      },
      "334": {
        "start": { "line": 335, "column": 0 },
        "end": { "line": 335, "column": 46 }
      },
      "335": {
        "start": { "line": 336, "column": 0 },
        "end": { "line": 336, "column": 19 }
      },
      "336": {
        "start": { "line": 337, "column": 0 },
        "end": { "line": 337, "column": 22 }
      },
      "337": {
        "start": { "line": 338, "column": 0 },
        "end": { "line": 338, "column": 44 }
      },
      "338": {
        "start": { "line": 339, "column": 0 },
        "end": { "line": 339, "column": 44 }
      },
      "339": {
        "start": { "line": 340, "column": 0 },
        "end": { "line": 340, "column": 13 }
      },
      "340": {
        "start": { "line": 341, "column": 0 },
        "end": { "line": 341, "column": 6 }
      },
      "341": {
        "start": { "line": 342, "column": 0 },
        "end": { "line": 342, "column": 5 }
      },
      "342": {
        "start": { "line": 343, "column": 0 },
        "end": { "line": 343, "column": 38 }
      },
      "343": {
        "start": { "line": 344, "column": 0 },
        "end": { "line": 344, "column": 31 }
      },
      "344": {
        "start": { "line": 345, "column": 0 },
        "end": { "line": 345, "column": 22 }
      },
      "345": {
        "start": { "line": 346, "column": 0 },
        "end": { "line": 346, "column": 49 }
      },
      "346": {
        "start": { "line": 347, "column": 0 },
        "end": { "line": 347, "column": 50 }
      },
      "347": {
        "start": { "line": 348, "column": 0 },
        "end": { "line": 348, "column": 22 }
      },
      "348": {
        "start": { "line": 349, "column": 0 },
        "end": { "line": 349, "column": 21 }
      },
      "349": {
        "start": { "line": 350, "column": 0 },
        "end": { "line": 350, "column": 30 }
      },
      "350": {
        "start": { "line": 351, "column": 0 },
        "end": { "line": 351, "column": 17 }
      },
      "351": {
        "start": { "line": 352, "column": 0 },
        "end": { "line": 352, "column": 29 }
      },
      "352": {
        "start": { "line": 353, "column": 0 },
        "end": { "line": 353, "column": 8 }
      },
      "353": {
        "start": { "line": 354, "column": 0 },
        "end": { "line": 354, "column": 22 }
      },
      "354": {
        "start": { "line": 355, "column": 0 },
        "end": { "line": 355, "column": 44 }
      },
      "355": {
        "start": { "line": 356, "column": 0 },
        "end": { "line": 356, "column": 44 }
      },
      "356": {
        "start": { "line": 357, "column": 0 },
        "end": { "line": 357, "column": 13 }
      },
      "357": {
        "start": { "line": 358, "column": 0 },
        "end": { "line": 358, "column": 6 }
      },
      "358": {
        "start": { "line": 359, "column": 0 },
        "end": { "line": 359, "column": 5 }
      },
      "359": {
        "start": { "line": 360, "column": 0 },
        "end": { "line": 360, "column": 38 }
      },
      "360": {
        "start": { "line": 361, "column": 0 },
        "end": { "line": 361, "column": 37 }
      },
      "361": {
        "start": { "line": 362, "column": 0 },
        "end": { "line": 362, "column": 28 }
      },
      "362": {
        "start": { "line": 363, "column": 0 },
        "end": { "line": 363, "column": 53 }
      },
      "363": {
        "start": { "line": 364, "column": 0 },
        "end": { "line": 364, "column": 50 }
      },
      "364": {
        "start": { "line": 365, "column": 0 },
        "end": { "line": 365, "column": 22 }
      },
      "365": {
        "start": { "line": 366, "column": 0 },
        "end": { "line": 366, "column": 21 }
      },
      "366": {
        "start": { "line": 367, "column": 0 },
        "end": { "line": 367, "column": 41 }
      },
      "367": {
        "start": { "line": 368, "column": 0 },
        "end": { "line": 368, "column": 17 }
      },
      "368": {
        "start": { "line": 369, "column": 0 },
        "end": { "line": 369, "column": 35 }
      },
      "369": {
        "start": { "line": 370, "column": 0 },
        "end": { "line": 370, "column": 8 }
      },
      "370": {
        "start": { "line": 371, "column": 0 },
        "end": { "line": 371, "column": 22 }
      },
      "371": {
        "start": { "line": 372, "column": 0 },
        "end": { "line": 372, "column": 44 }
      },
      "372": {
        "start": { "line": 373, "column": 0 },
        "end": { "line": 373, "column": 44 }
      },
      "373": {
        "start": { "line": 374, "column": 0 },
        "end": { "line": 374, "column": 13 }
      },
      "374": {
        "start": { "line": 375, "column": 0 },
        "end": { "line": 375, "column": 6 }
      },
      "375": {
        "start": { "line": 376, "column": 0 },
        "end": { "line": 376, "column": 5 }
      },
      "376": {
        "start": { "line": 377, "column": 0 },
        "end": { "line": 377, "column": 38 }
      },
      "377": {
        "start": { "line": 378, "column": 0 },
        "end": { "line": 378, "column": 31 }
      },
      "378": {
        "start": { "line": 379, "column": 0 },
        "end": { "line": 379, "column": 22 }
      },
      "379": {
        "start": { "line": 380, "column": 0 },
        "end": { "line": 380, "column": 39 }
      },
      "380": {
        "start": { "line": 381, "column": 0 },
        "end": { "line": 381, "column": 50 }
      },
      "381": {
        "start": { "line": 382, "column": 0 },
        "end": { "line": 382, "column": 22 }
      },
      "382": {
        "start": { "line": 383, "column": 0 },
        "end": { "line": 383, "column": 21 }
      },
      "383": {
        "start": { "line": 384, "column": 0 },
        "end": { "line": 384, "column": 34 }
      },
      "384": {
        "start": { "line": 385, "column": 0 },
        "end": { "line": 385, "column": 17 }
      },
      "385": {
        "start": { "line": 386, "column": 0 },
        "end": { "line": 386, "column": 29 }
      },
      "386": {
        "start": { "line": 387, "column": 0 },
        "end": { "line": 387, "column": 8 }
      },
      "387": {
        "start": { "line": 388, "column": 0 },
        "end": { "line": 388, "column": 22 }
      },
      "388": {
        "start": { "line": 389, "column": 0 },
        "end": { "line": 389, "column": 44 }
      },
      "389": {
        "start": { "line": 390, "column": 0 },
        "end": { "line": 390, "column": 44 }
      },
      "390": {
        "start": { "line": 391, "column": 0 },
        "end": { "line": 391, "column": 13 }
      },
      "391": {
        "start": { "line": 392, "column": 0 },
        "end": { "line": 392, "column": 6 }
      },
      "392": {
        "start": { "line": 393, "column": 0 },
        "end": { "line": 393, "column": 5 }
      },
      "393": {
        "start": { "line": 394, "column": 0 },
        "end": { "line": 394, "column": 38 }
      },
      "394": {
        "start": { "line": 395, "column": 0 },
        "end": { "line": 395, "column": 30 }
      },
      "395": {
        "start": { "line": 396, "column": 0 },
        "end": { "line": 396, "column": 21 }
      },
      "396": {
        "start": { "line": 397, "column": 0 },
        "end": { "line": 397, "column": 62 }
      },
      "397": {
        "start": { "line": 398, "column": 0 },
        "end": { "line": 398, "column": 50 }
      },
      "398": {
        "start": { "line": 399, "column": 0 },
        "end": { "line": 399, "column": 22 }
      },
      "399": {
        "start": { "line": 400, "column": 0 },
        "end": { "line": 400, "column": 21 }
      },
      "400": {
        "start": { "line": 401, "column": 0 },
        "end": { "line": 401, "column": 35 }
      },
      "401": {
        "start": { "line": 402, "column": 0 },
        "end": { "line": 402, "column": 19 }
      },
      "402": {
        "start": { "line": 403, "column": 0 },
        "end": { "line": 403, "column": 22 }
      },
      "403": {
        "start": { "line": 404, "column": 0 },
        "end": { "line": 404, "column": 44 }
      },
      "404": {
        "start": { "line": 405, "column": 0 },
        "end": { "line": 405, "column": 44 }
      },
      "405": {
        "start": { "line": 406, "column": 0 },
        "end": { "line": 406, "column": 13 }
      },
      "406": {
        "start": { "line": 407, "column": 0 },
        "end": { "line": 407, "column": 6 }
      },
      "407": {
        "start": { "line": 408, "column": 0 },
        "end": { "line": 408, "column": 5 }
      },
      "408": {
        "start": { "line": 409, "column": 0 },
        "end": { "line": 409, "column": 38 }
      },
      "409": {
        "start": { "line": 410, "column": 0 },
        "end": { "line": 410, "column": 38 }
      },
      "410": {
        "start": { "line": 411, "column": 0 },
        "end": { "line": 411, "column": 28 }
      },
      "411": {
        "start": { "line": 412, "column": 0 },
        "end": { "line": 412, "column": 53 }
      },
      "412": {
        "start": { "line": 413, "column": 0 },
        "end": { "line": 413, "column": 50 }
      },
      "413": {
        "start": { "line": 414, "column": 0 },
        "end": { "line": 414, "column": 22 }
      },
      "414": {
        "start": { "line": 415, "column": 0 },
        "end": { "line": 415, "column": 21 }
      },
      "415": {
        "start": { "line": 416, "column": 0 },
        "end": { "line": 416, "column": 36 }
      },
      "416": {
        "start": { "line": 417, "column": 0 },
        "end": { "line": 417, "column": 17 }
      },
      "417": {
        "start": { "line": 418, "column": 0 },
        "end": { "line": 418, "column": 35 }
      },
      "418": {
        "start": { "line": 419, "column": 0 },
        "end": { "line": 419, "column": 8 }
      },
      "419": {
        "start": { "line": 420, "column": 0 },
        "end": { "line": 420, "column": 22 }
      },
      "420": {
        "start": { "line": 421, "column": 0 },
        "end": { "line": 421, "column": 44 }
      },
      "421": {
        "start": { "line": 422, "column": 0 },
        "end": { "line": 422, "column": 44 }
      },
      "422": {
        "start": { "line": 423, "column": 0 },
        "end": { "line": 423, "column": 13 }
      },
      "423": {
        "start": { "line": 424, "column": 0 },
        "end": { "line": 424, "column": 6 }
      },
      "424": {
        "start": { "line": 425, "column": 0 },
        "end": { "line": 425, "column": 5 }
      },
      "425": {
        "start": { "line": 426, "column": 0 },
        "end": { "line": 426, "column": 38 }
      },
      "426": {
        "start": { "line": 427, "column": 0 },
        "end": { "line": 427, "column": 36 }
      },
      "427": {
        "start": { "line": 428, "column": 0 },
        "end": { "line": 428, "column": 27 }
      },
      "428": {
        "start": { "line": 429, "column": 0 },
        "end": { "line": 429, "column": 67 }
      },
      "429": {
        "start": { "line": 430, "column": 0 },
        "end": { "line": 430, "column": 50 }
      },
      "430": {
        "start": { "line": 431, "column": 0 },
        "end": { "line": 431, "column": 22 }
      },
      "431": {
        "start": { "line": 432, "column": 0 },
        "end": { "line": 432, "column": 21 }
      },
      "432": {
        "start": { "line": 433, "column": 0 },
        "end": { "line": 433, "column": 38 }
      },
      "433": {
        "start": { "line": 434, "column": 0 },
        "end": { "line": 434, "column": 19 }
      },
      "434": {
        "start": { "line": 435, "column": 0 },
        "end": { "line": 435, "column": 22 }
      },
      "435": {
        "start": { "line": 436, "column": 0 },
        "end": { "line": 436, "column": 44 }
      },
      "436": {
        "start": { "line": 437, "column": 0 },
        "end": { "line": 437, "column": 44 }
      },
      "437": {
        "start": { "line": 438, "column": 0 },
        "end": { "line": 438, "column": 13 }
      },
      "438": {
        "start": { "line": 439, "column": 0 },
        "end": { "line": 439, "column": 6 }
      },
      "439": {
        "start": { "line": 440, "column": 0 },
        "end": { "line": 440, "column": 5 }
      },
      "440": {
        "start": { "line": 441, "column": 0 },
        "end": { "line": 441, "column": 38 }
      },
      "441": {
        "start": { "line": 442, "column": 0 },
        "end": { "line": 442, "column": 37 }
      },
      "442": {
        "start": { "line": 443, "column": 0 },
        "end": { "line": 443, "column": 28 }
      },
      "443": {
        "start": { "line": 444, "column": 0 },
        "end": { "line": 444, "column": 67 }
      },
      "444": {
        "start": { "line": 445, "column": 0 },
        "end": { "line": 445, "column": 50 }
      },
      "445": {
        "start": { "line": 446, "column": 0 },
        "end": { "line": 446, "column": 22 }
      },
      "446": {
        "start": { "line": 447, "column": 0 },
        "end": { "line": 447, "column": 21 }
      },
      "447": {
        "start": { "line": 448, "column": 0 },
        "end": { "line": 448, "column": 42 }
      },
      "448": {
        "start": { "line": 449, "column": 0 },
        "end": { "line": 449, "column": 19 }
      },
      "449": {
        "start": { "line": 450, "column": 0 },
        "end": { "line": 450, "column": 22 }
      },
      "450": {
        "start": { "line": 451, "column": 0 },
        "end": { "line": 451, "column": 44 }
      },
      "451": {
        "start": { "line": 452, "column": 0 },
        "end": { "line": 452, "column": 44 }
      },
      "452": {
        "start": { "line": 453, "column": 0 },
        "end": { "line": 453, "column": 13 }
      },
      "453": {
        "start": { "line": 454, "column": 0 },
        "end": { "line": 454, "column": 6 }
      },
      "454": {
        "start": { "line": 455, "column": 0 },
        "end": { "line": 455, "column": 5 }
      },
      "455": {
        "start": { "line": 456, "column": 0 },
        "end": { "line": 456, "column": 38 }
      },
      "456": {
        "start": { "line": 457, "column": 0 },
        "end": { "line": 457, "column": 31 }
      },
      "457": {
        "start": { "line": 458, "column": 0 },
        "end": { "line": 458, "column": 22 }
      },
      "458": {
        "start": { "line": 459, "column": 0 },
        "end": { "line": 459, "column": 72 }
      },
      "459": {
        "start": { "line": 460, "column": 0 },
        "end": { "line": 460, "column": 50 }
      },
      "460": {
        "start": { "line": 461, "column": 0 },
        "end": { "line": 461, "column": 22 }
      },
      "461": {
        "start": { "line": 462, "column": 0 },
        "end": { "line": 462, "column": 21 }
      },
      "462": {
        "start": { "line": 463, "column": 0 },
        "end": { "line": 463, "column": 33 }
      },
      "463": {
        "start": { "line": 464, "column": 0 },
        "end": { "line": 464, "column": 19 }
      },
      "464": {
        "start": { "line": 465, "column": 0 },
        "end": { "line": 465, "column": 22 }
      },
      "465": {
        "start": { "line": 466, "column": 0 },
        "end": { "line": 466, "column": 44 }
      },
      "466": {
        "start": { "line": 467, "column": 0 },
        "end": { "line": 467, "column": 44 }
      },
      "467": {
        "start": { "line": 468, "column": 0 },
        "end": { "line": 468, "column": 13 }
      },
      "468": {
        "start": { "line": 469, "column": 0 },
        "end": { "line": 469, "column": 6 }
      },
      "469": {
        "start": { "line": 470, "column": 0 },
        "end": { "line": 470, "column": 5 }
      },
      "470": {
        "start": { "line": 471, "column": 0 },
        "end": { "line": 471, "column": 38 }
      },
      "471": {
        "start": { "line": 472, "column": 0 },
        "end": { "line": 472, "column": 29 }
      },
      "472": {
        "start": { "line": 473, "column": 0 },
        "end": { "line": 473, "column": 20 }
      },
      "473": {
        "start": { "line": 474, "column": 0 },
        "end": { "line": 474, "column": 50 }
      },
      "474": {
        "start": { "line": 475, "column": 0 },
        "end": { "line": 475, "column": 50 }
      },
      "475": {
        "start": { "line": 476, "column": 0 },
        "end": { "line": 476, "column": 22 }
      },
      "476": {
        "start": { "line": 477, "column": 0 },
        "end": { "line": 477, "column": 21 }
      },
      "477": {
        "start": { "line": 478, "column": 0 },
        "end": { "line": 478, "column": 28 }
      },
      "478": {
        "start": { "line": 479, "column": 0 },
        "end": { "line": 479, "column": 17 }
      },
      "479": {
        "start": { "line": 480, "column": 0 },
        "end": { "line": 480, "column": 27 }
      },
      "480": {
        "start": { "line": 481, "column": 0 },
        "end": { "line": 481, "column": 8 }
      },
      "481": {
        "start": { "line": 482, "column": 0 },
        "end": { "line": 482, "column": 22 }
      },
      "482": {
        "start": { "line": 483, "column": 0 },
        "end": { "line": 483, "column": 44 }
      },
      "483": {
        "start": { "line": 484, "column": 0 },
        "end": { "line": 484, "column": 44 }
      },
      "484": {
        "start": { "line": 485, "column": 0 },
        "end": { "line": 485, "column": 13 }
      },
      "485": {
        "start": { "line": 486, "column": 0 },
        "end": { "line": 486, "column": 6 }
      },
      "486": {
        "start": { "line": 487, "column": 0 },
        "end": { "line": 487, "column": 5 }
      },
      "487": {
        "start": { "line": 488, "column": 0 },
        "end": { "line": 488, "column": 38 }
      },
      "488": {
        "start": { "line": 489, "column": 0 },
        "end": { "line": 489, "column": 32 }
      },
      "489": {
        "start": { "line": 490, "column": 0 },
        "end": { "line": 490, "column": 23 }
      },
      "490": {
        "start": { "line": 491, "column": 0 },
        "end": { "line": 491, "column": 43 }
      },
      "491": {
        "start": { "line": 492, "column": 0 },
        "end": { "line": 492, "column": 50 }
      },
      "492": {
        "start": { "line": 493, "column": 0 },
        "end": { "line": 493, "column": 22 }
      },
      "493": {
        "start": { "line": 494, "column": 0 },
        "end": { "line": 494, "column": 21 }
      },
      "494": {
        "start": { "line": 495, "column": 0 },
        "end": { "line": 495, "column": 37 }
      },
      "495": {
        "start": { "line": 496, "column": 0 },
        "end": { "line": 496, "column": 17 }
      },
      "496": {
        "start": { "line": 497, "column": 0 },
        "end": { "line": 497, "column": 30 }
      },
      "497": {
        "start": { "line": 498, "column": 0 },
        "end": { "line": 498, "column": 8 }
      },
      "498": {
        "start": { "line": 499, "column": 0 },
        "end": { "line": 499, "column": 22 }
      },
      "499": {
        "start": { "line": 500, "column": 0 },
        "end": { "line": 500, "column": 44 }
      },
      "500": {
        "start": { "line": 501, "column": 0 },
        "end": { "line": 501, "column": 44 }
      },
      "501": {
        "start": { "line": 502, "column": 0 },
        "end": { "line": 502, "column": 13 }
      },
      "502": {
        "start": { "line": 503, "column": 0 },
        "end": { "line": 503, "column": 6 }
      },
      "503": {
        "start": { "line": 504, "column": 0 },
        "end": { "line": 504, "column": 5 }
      },
      "504": {
        "start": { "line": 505, "column": 0 },
        "end": { "line": 505, "column": 38 }
      },
      "505": {
        "start": { "line": 506, "column": 0 },
        "end": { "line": 506, "column": 35 }
      },
      "506": {
        "start": { "line": 507, "column": 0 },
        "end": { "line": 507, "column": 26 }
      },
      "507": {
        "start": { "line": 508, "column": 0 },
        "end": { "line": 508, "column": 52 }
      },
      "508": {
        "start": { "line": 509, "column": 0 },
        "end": { "line": 509, "column": 50 }
      },
      "509": {
        "start": { "line": 510, "column": 0 },
        "end": { "line": 510, "column": 22 }
      },
      "510": {
        "start": { "line": 511, "column": 0 },
        "end": { "line": 511, "column": 21 }
      },
      "511": {
        "start": { "line": 512, "column": 0 },
        "end": { "line": 512, "column": 38 }
      },
      "512": {
        "start": { "line": 513, "column": 0 },
        "end": { "line": 513, "column": 17 }
      },
      "513": {
        "start": { "line": 514, "column": 0 },
        "end": { "line": 514, "column": 33 }
      },
      "514": {
        "start": { "line": 515, "column": 0 },
        "end": { "line": 515, "column": 8 }
      },
      "515": {
        "start": { "line": 516, "column": 0 },
        "end": { "line": 516, "column": 22 }
      },
      "516": {
        "start": { "line": 517, "column": 0 },
        "end": { "line": 517, "column": 44 }
      },
      "517": {
        "start": { "line": 518, "column": 0 },
        "end": { "line": 518, "column": 44 }
      },
      "518": {
        "start": { "line": 519, "column": 0 },
        "end": { "line": 519, "column": 13 }
      },
      "519": {
        "start": { "line": 520, "column": 0 },
        "end": { "line": 520, "column": 6 }
      },
      "520": {
        "start": { "line": 521, "column": 0 },
        "end": { "line": 521, "column": 5 }
      },
      "521": {
        "start": { "line": 522, "column": 0 },
        "end": { "line": 522, "column": 38 }
      },
      "522": {
        "start": { "line": 523, "column": 0 },
        "end": { "line": 523, "column": 35 }
      },
      "523": {
        "start": { "line": 524, "column": 0 },
        "end": { "line": 524, "column": 26 }
      },
      "524": {
        "start": { "line": 525, "column": 0 },
        "end": { "line": 525, "column": 50 }
      },
      "525": {
        "start": { "line": 526, "column": 0 },
        "end": { "line": 526, "column": 50 }
      },
      "526": {
        "start": { "line": 527, "column": 0 },
        "end": { "line": 527, "column": 22 }
      },
      "527": {
        "start": { "line": 528, "column": 0 },
        "end": { "line": 528, "column": 21 }
      },
      "528": {
        "start": { "line": 529, "column": 0 },
        "end": { "line": 529, "column": 38 }
      },
      "529": {
        "start": { "line": 530, "column": 0 },
        "end": { "line": 530, "column": 17 }
      },
      "530": {
        "start": { "line": 531, "column": 0 },
        "end": { "line": 531, "column": 33 }
      },
      "531": {
        "start": { "line": 532, "column": 0 },
        "end": { "line": 532, "column": 8 }
      },
      "532": {
        "start": { "line": 533, "column": 0 },
        "end": { "line": 533, "column": 22 }
      },
      "533": {
        "start": { "line": 534, "column": 0 },
        "end": { "line": 534, "column": 44 }
      },
      "534": {
        "start": { "line": 535, "column": 0 },
        "end": { "line": 535, "column": 44 }
      },
      "535": {
        "start": { "line": 536, "column": 0 },
        "end": { "line": 536, "column": 13 }
      },
      "536": {
        "start": { "line": 537, "column": 0 },
        "end": { "line": 537, "column": 6 }
      },
      "537": {
        "start": { "line": 538, "column": 0 },
        "end": { "line": 538, "column": 5 }
      },
      "538": {
        "start": { "line": 539, "column": 0 },
        "end": { "line": 539, "column": 38 }
      },
      "539": {
        "start": { "line": 540, "column": 0 },
        "end": { "line": 540, "column": 41 }
      },
      "540": {
        "start": { "line": 541, "column": 0 },
        "end": { "line": 541, "column": 30 }
      },
      "541": {
        "start": { "line": 542, "column": 0 },
        "end": { "line": 542, "column": 73 }
      },
      "542": {
        "start": { "line": 543, "column": 0 },
        "end": { "line": 543, "column": 50 }
      },
      "543": {
        "start": { "line": 544, "column": 0 },
        "end": { "line": 544, "column": 22 }
      },
      "544": {
        "start": { "line": 545, "column": 0 },
        "end": { "line": 545, "column": 21 }
      },
      "545": {
        "start": { "line": 546, "column": 0 },
        "end": { "line": 546, "column": 34 }
      },
      "546": {
        "start": { "line": 547, "column": 0 },
        "end": { "line": 547, "column": 19 }
      },
      "547": {
        "start": { "line": 548, "column": 0 },
        "end": { "line": 548, "column": 22 }
      },
      "548": {
        "start": { "line": 549, "column": 0 },
        "end": { "line": 549, "column": 44 }
      },
      "549": {
        "start": { "line": 550, "column": 0 },
        "end": { "line": 550, "column": 44 }
      },
      "550": {
        "start": { "line": 551, "column": 0 },
        "end": { "line": 551, "column": 13 }
      },
      "551": {
        "start": { "line": 552, "column": 0 },
        "end": { "line": 552, "column": 6 }
      },
      "552": {
        "start": { "line": 553, "column": 0 },
        "end": { "line": 553, "column": 5 }
      },
      "553": {
        "start": { "line": 554, "column": 0 },
        "end": { "line": 554, "column": 38 }
      },
      "554": {
        "start": { "line": 555, "column": 0 },
        "end": { "line": 555, "column": 36 }
      },
      "555": {
        "start": { "line": 556, "column": 0 },
        "end": { "line": 556, "column": 25 }
      },
      "556": {
        "start": { "line": 557, "column": 0 },
        "end": { "line": 557, "column": 71 }
      },
      "557": {
        "start": { "line": 558, "column": 0 },
        "end": { "line": 558, "column": 28 }
      },
      "558": {
        "start": { "line": 559, "column": 0 },
        "end": { "line": 559, "column": 22 }
      },
      "559": {
        "start": { "line": 560, "column": 0 },
        "end": { "line": 560, "column": 21 }
      },
      "560": {
        "start": { "line": 561, "column": 0 },
        "end": { "line": 561, "column": 25 }
      },
      "561": {
        "start": { "line": 562, "column": 0 },
        "end": { "line": 562, "column": 19 }
      },
      "562": {
        "start": { "line": 563, "column": 0 },
        "end": { "line": 563, "column": 22 }
      },
      "563": {
        "start": { "line": 564, "column": 0 },
        "end": { "line": 564, "column": 44 }
      },
      "564": {
        "start": { "line": 565, "column": 0 },
        "end": { "line": 565, "column": 44 }
      },
      "565": {
        "start": { "line": 566, "column": 0 },
        "end": { "line": 566, "column": 13 }
      },
      "566": {
        "start": { "line": 567, "column": 0 },
        "end": { "line": 567, "column": 6 }
      },
      "567": {
        "start": { "line": 568, "column": 0 },
        "end": { "line": 568, "column": 5 }
      },
      "568": {
        "start": { "line": 569, "column": 0 },
        "end": { "line": 569, "column": 38 }
      },
      "569": {
        "start": { "line": 570, "column": 0 },
        "end": { "line": 570, "column": 40 }
      },
      "570": {
        "start": { "line": 571, "column": 0 },
        "end": { "line": 571, "column": 30 }
      },
      "571": {
        "start": { "line": 572, "column": 0 },
        "end": { "line": 572, "column": 55 }
      },
      "572": {
        "start": { "line": 573, "column": 0 },
        "end": { "line": 573, "column": 50 }
      },
      "573": {
        "start": { "line": 574, "column": 0 },
        "end": { "line": 574, "column": 22 }
      },
      "574": {
        "start": { "line": 575, "column": 0 },
        "end": { "line": 575, "column": 21 }
      },
      "575": {
        "start": { "line": 576, "column": 0 },
        "end": { "line": 576, "column": 38 }
      },
      "576": {
        "start": { "line": 577, "column": 0 },
        "end": { "line": 577, "column": 17 }
      },
      "577": {
        "start": { "line": 578, "column": 0 },
        "end": { "line": 578, "column": 37 }
      },
      "578": {
        "start": { "line": 579, "column": 0 },
        "end": { "line": 579, "column": 8 }
      },
      "579": {
        "start": { "line": 580, "column": 0 },
        "end": { "line": 580, "column": 22 }
      },
      "580": {
        "start": { "line": 581, "column": 0 },
        "end": { "line": 581, "column": 44 }
      },
      "581": {
        "start": { "line": 582, "column": 0 },
        "end": { "line": 582, "column": 44 }
      },
      "582": {
        "start": { "line": 583, "column": 0 },
        "end": { "line": 583, "column": 13 }
      },
      "583": {
        "start": { "line": 584, "column": 0 },
        "end": { "line": 584, "column": 6 }
      },
      "584": {
        "start": { "line": 585, "column": 0 },
        "end": { "line": 585, "column": 4 }
      },
      "585": {
        "start": { "line": 586, "column": 0 },
        "end": { "line": 586, "column": 2 }
      }
    },
    "s": {
      "0": 1,
      "1": 1,
      "2": 1,
      "3": 1,
      "4": 1,
      "5": 1,
      "6": 1,
      "7": 1,
      "8": 1,
      "9": 1,
      "10": 1,
      "11": 1,
      "12": 1,
      "13": 1,
      "14": 1,
      "15": 1,
      "16": 1,
      "17": 1,
      "18": 1,
      "19": 1,
      "20": 1,
      "21": 1,
      "22": 1,
      "23": 1,
      "24": 1,
      "25": 1,
      "26": 1,
      "27": 1,
      "28": 1,
      "29": 1,
      "30": 1,
      "31": 1,
      "32": 1,
      "33": 1,
      "34": 1,
      "35": 1,
      "36": 1,
      "37": 1,
      "38": 1,
      "39": 1,
      "40": 1,
      "41": 1,
      "42": 1,
      "43": 1,
      "44": 1,
      "45": 1,
      "46": 1,
      "47": 1,
      "48": 1,
      "49": 1,
      "50": 1,
      "51": 1,
      "52": 1,
      "53": 1,
      "54": 1,
      "55": 1,
      "56": 1,
      "57": 1,
      "58": 1,
      "59": 1,
      "60": 1,
      "61": 1,
      "62": 1,
      "63": 1,
      "64": 1,
      "65": 1,
      "66": 1,
      "67": 1,
      "68": 1,
      "69": 1,
      "70": 1,
      "71": 1,
      "72": 1,
      "73": 1,
      "74": 1,
      "75": 1,
      "76": 1,
      "77": 1,
      "78": 1,
      "79": 1,
      "80": 1,
      "81": 1,
      "82": 1,
      "83": 1,
      "84": 1,
      "85": 1,
      "86": 1,
      "87": 1,
      "88": 1,
      "89": 1,
      "90": 1,
      "91": 1,
      "92": 1,
      "93": 1,
      "94": 1,
      "95": 1,
      "96": 1,
      "97": 1,
      "98": 1,
      "99": 1,
      "100": 1,
      "101": 1,
      "102": 1,
      "103": 1,
      "104": 1,
      "105": 1,
      "106": 1,
      "107": 1,
      "108": 1,
      "109": 1,
      "110": 1,
      "111": 1,
      "112": 1,
      "113": 1,
      "114": 1,
      "115": 1,
      "116": 1,
      "117": 1,
      "118": 1,
      "119": 1,
      "120": 1,
      "121": 1,
      "122": 1,
      "123": 1,
      "124": 1,
      "125": 1,
      "126": 1,
      "127": 1,
      "128": 1,
      "129": 1,
      "130": 1,
      "131": 1,
      "132": 1,
      "133": 1,
      "134": 1,
      "135": 1,
      "136": 1,
      "137": 1,
      "138": 1,
      "139": 1,
      "140": 1,
      "141": 1,
      "142": 1,
      "143": 1,
      "144": 1,
      "145": 1,
      "146": 1,
      "147": 1,
      "148": 1,
      "149": 1,
      "150": 1,
      "151": 1,
      "152": 1,
      "153": 1,
      "154": 1,
      "155": 1,
      "156": 1,
      "157": 1,
      "158": 1,
      "159": 1,
      "160": 1,
      "161": 1,
      "162": 1,
      "163": 1,
      "164": 1,
      "165": 1,
      "166": 1,
      "167": 1,
      "168": 1,
      "169": 1,
      "170": 1,
      "171": 1,
      "172": 1,
      "173": 1,
      "174": 1,
      "175": 1,
      "176": 1,
      "177": 1,
      "178": 1,
      "179": 1,
      "180": 1,
      "181": 1,
      "182": 1,
      "183": 1,
      "184": 1,
      "185": 1,
      "186": 1,
      "187": 1,
      "188": 1,
      "189": 1,
      "190": 1,
      "191": 1,
      "192": 1,
      "193": 1,
      "194": 1,
      "195": 1,
      "196": 1,
      "197": 1,
      "198": 1,
      "199": 1,
      "200": 1,
      "201": 1,
      "202": 1,
      "203": 1,
      "204": 1,
      "205": 1,
      "206": 1,
      "207": 1,
      "208": 1,
      "209": 1,
      "210": 1,
      "211": 1,
      "212": 1,
      "213": 1,
      "214": 1,
      "215": 1,
      "216": 1,
      "217": 1,
      "218": 1,
      "219": 1,
      "220": 1,
      "221": 1,
      "222": 1,
      "223": 1,
      "224": 1,
      "225": 1,
      "226": 1,
      "227": 1,
      "228": 1,
      "229": 1,
      "230": 1,
      "231": 1,
      "232": 1,
      "233": 1,
      "234": 1,
      "235": 1,
      "236": 1,
      "237": 1,
      "238": 1,
      "239": 1,
      "240": 1,
      "241": 1,
      "242": 1,
      "243": 1,
      "244": 1,
      "245": 1,
      "246": 1,
      "247": 1,
      "248": 1,
      "249": 1,
      "250": 1,
      "251": 1,
      "252": 1,
      "253": 1,
      "254": 1,
      "255": 1,
      "256": 1,
      "257": 1,
      "258": 1,
      "259": 1,
      "260": 1,
      "261": 1,
      "262": 1,
      "263": 1,
      "264": 1,
      "265": 1,
      "266": 1,
      "267": 1,
      "268": 1,
      "269": 1,
      "270": 1,
      "271": 1,
      "272": 1,
      "273": 1,
      "274": 1,
      "275": 1,
      "276": 1,
      "277": 1,
      "278": 1,
      "279": 1,
      "280": 1,
      "281": 1,
      "282": 1,
      "283": 1,
      "284": 1,
      "285": 1,
      "286": 1,
      "287": 1,
      "288": 1,
      "289": 1,
      "290": 1,
      "291": 1,
      "292": 1,
      "293": 1,
      "294": 1,
      "295": 1,
      "296": 1,
      "297": 1,
      "298": 1,
      "299": 1,
      "300": 1,
      "301": 1,
      "302": 1,
      "303": 1,
      "304": 1,
      "305": 1,
      "306": 1,
      "307": 1,
      "308": 1,
      "309": 1,
      "310": 1,
      "311": 1,
      "312": 1,
      "313": 1,
      "314": 1,
      "315": 1,
      "316": 1,
      "317": 1,
      "318": 1,
      "319": 1,
      "320": 1,
      "321": 1,
      "322": 1,
      "323": 1,
      "324": 1,
      "325": 1,
      "326": 1,
      "327": 1,
      "328": 1,
      "329": 1,
      "330": 1,
      "331": 1,
      "332": 1,
      "333": 1,
      "334": 1,
      "335": 1,
      "336": 1,
      "337": 1,
      "338": 1,
      "339": 1,
      "340": 1,
      "341": 1,
      "342": 1,
      "343": 1,
      "344": 1,
      "345": 1,
      "346": 1,
      "347": 1,
      "348": 1,
      "349": 1,
      "350": 1,
      "351": 1,
      "352": 1,
      "353": 1,
      "354": 1,
      "355": 1,
      "356": 1,
[...]
      },
      "93": {
        "start": { "line": 94, "column": 0 },
        "end": { "line": 94, "column": 13 }
      },
      "94": {
        "start": { "line": 95, "column": 0 },
        "end": { "line": 95, "column": 51 }
      },
      "95": {
        "start": { "line": 96, "column": 0 },
        "end": { "line": 96, "column": 67 }
      },
      "96": {
        "start": { "line": 97, "column": 0 },
        "end": { "line": 97, "column": 0 }
      },
      "97": {
        "start": { "line": 98, "column": 0 },
        "end": { "line": 98, "column": 10 }
      },
      "98": {
        "start": { "line": 99, "column": 0 },
        "end": { "line": 99, "column": 13 }
      },
      "99": {
        "start": { "line": 100, "column": 0 },
        "end": { "line": 100, "column": 47 }
      },
      "100": {
        "start": { "line": 101, "column": 0 },
        "end": { "line": 101, "column": 64 }
      },
      "101": {
        "start": { "line": 102, "column": 0 },
        "end": { "line": 102, "column": 62 }
      },
      "102": {
        "start": { "line": 103, "column": 0 },
        "end": { "line": 103, "column": 54 }
      },
      "103": {
        "start": { "line": 104, "column": 0 },
        "end": { "line": 104, "column": 0 }
      },
      "104": {
        "start": { "line": 105, "column": 0 },
        "end": { "line": 105, "column": 10 }
      },
      "105": {
        "start": { "line": 106, "column": 0 },
        "end": { "line": 106, "column": 13 }
      },
      "106": {
        "start": { "line": 107, "column": 0 },
        "end": { "line": 107, "column": 54 }
      },
      "107": {
        "start": { "line": 108, "column": 0 },
        "end": { "line": 108, "column": 69 }
      },
      "108": {
        "start": { "line": 109, "column": 0 },
        "end": { "line": 109, "column": 75 }
      },
      "109": {
        "start": { "line": 110, "column": 0 },
        "end": { "line": 110, "column": 0 }
      },
      "110": {
        "start": { "line": 111, "column": 0 },
        "end": { "line": 111, "column": 11 }
      },
      "111": {
        "start": { "line": 112, "column": 0 },
        "end": { "line": 112, "column": 13 }
      },
      "112": {
        "start": { "line": 113, "column": 0 },
        "end": { "line": 113, "column": 48 }
      },
      "113": {
        "start": { "line": 114, "column": 0 },
        "end": { "line": 114, "column": 66 }
      },
      "114": {
        "start": { "line": 115, "column": 0 },
        "end": { "line": 115, "column": 0 }
      },
      "115": {
        "start": { "line": 116, "column": 0 },
        "end": { "line": 116, "column": 9 }
      },
      "116": {
        "start": { "line": 117, "column": 0 },
        "end": { "line": 117, "column": 13 }
      },
      "117": {
        "start": { "line": 118, "column": 0 },
        "end": { "line": 118, "column": 46 }
      },
      "118": {
        "start": { "line": 119, "column": 0 },
        "end": { "line": 119, "column": 64 }
      },
      "119": {
        "start": { "line": 120, "column": 0 },
        "end": { "line": 120, "column": 0 }
      },
      "120": {
        "start": { "line": 121, "column": 0 },
        "end": { "line": 121, "column": 10 }
      },
      "121": {
        "start": { "line": 122, "column": 0 },
        "end": { "line": 122, "column": 13 }
      },
      "122": {
        "start": { "line": 123, "column": 0 },
        "end": { "line": 123, "column": 47 }
      },
      "123": {
        "start": { "line": 124, "column": 0 },
        "end": { "line": 124, "column": 63 }
      },
      "124": {
        "start": { "line": 125, "column": 0 },
        "end": { "line": 125, "column": 0 }
      },
      "125": {
        "start": { "line": 126, "column": 0 },
        "end": { "line": 126, "column": 15 }
      },
      "126": {
        "start": { "line": 127, "column": 0 },
        "end": { "line": 127, "column": 13 }
      },
      "127": {
        "start": { "line": 128, "column": 0 },
        "end": { "line": 128, "column": 15 }
      },
      "128": {
        "start": { "line": 129, "column": 0 },
        "end": { "line": 129, "column": 48 }
      },
      "129": {
        "start": { "line": 130, "column": 0 },
        "end": { "line": 130, "column": 57 }
      },
      "130": {
        "start": { "line": 131, "column": 0 },
        "end": { "line": 131, "column": 6 }
      },
      "131": {
        "start": { "line": 132, "column": 0 },
        "end": { "line": 132, "column": 67 }
      },
      "132": {
        "start": { "line": 133, "column": 0 },
        "end": { "line": 133, "column": 43 }
      },
      "133": {
        "start": { "line": 134, "column": 0 },
        "end": { "line": 134, "column": 7 }
      },
      "134": {
        "start": { "line": 135, "column": 0 },
        "end": { "line": 135, "column": 0 }
      },
      "135": {
        "start": { "line": 136, "column": 0 },
        "end": { "line": 136, "column": 12 }
      },
      "136": {
        "start": { "line": 137, "column": 0 },
        "end": { "line": 137, "column": 13 }
      },
      "137": {
        "start": { "line": 138, "column": 0 },
        "end": { "line": 138, "column": 49 }
      },
      "138": {
        "start": { "line": 139, "column": 0 },
        "end": { "line": 139, "column": 65 }
      },
      "139": {
        "start": { "line": 140, "column": 0 },
        "end": { "line": 140, "column": 3 }
      }
    },
    "s": {
      "0": 1,
      "1": 1,
      "2": 1,
      "3": 1,
      "4": 1,
      "5": 1,
      "6": 1,
      "7": 1,
      "8": 1,
      "9": 1,
      "10": 1,
      "11": 1,
      "12": 1,
      "13": 1,
      "14": 1,
      "15": 1,
      "16": 1,
      "17": 1,
      "18": 1,
      "19": 1,
      "20": 1,
      "21": 1,
      "22": 1,
      "23": 1,
      "24": 1,
      "25": 1,
      "26": 1,
      "27": 1,
      "28": 1,
      "29": 1,
      "30": 1,
      "31": 1,
      "32": 1,
      "33": 1,
      "34": 1,
      "35": 1,
      "36": 1,
      "37": 1,
      "38": 1,
      "39": 1,
      "40": 1,
      "41": 1,
      "42": 1,
      "43": 1,
      "44": 1,
      "45": 1,
      "46": 1,
      "47": 1,
      "48": 1,
      "49": 1,
      "50": 1,
      "51": 1,
      "52": 1,
      "53": 1,
      "54": 1,
      "55": 1,
      "56": 1,
      "57": 1,
      "58": 1,
      "59": 1,
      "60": 1,
      "61": 1,
      "62": 1,
      "63": 1,
      "64": 1,
      "65": 1,
      "66": 1,
      "67": 1,
      "68": 1,
      "69": 1,
      "70": 1,
      "71": 1,
      "72": 1,
      "73": 1,
      "74": 1,
      "75": 1,
      "76": 1,
      "77": 1,
      "78": 1,
      "79": 1,
      "80": 1,
      "81": 1,
      "82": 1,
      "83": 1,
      "84": 1,
      "85": 1,
      "86": 1,
      "87": 1,
      "88": 1,
      "89": 1,
      "90": 1,
      "91": 1,
      "92": 1,
      "93": 1,
      "94": 1,
      "95": 1,
      "96": 1,
      "97": 1,
      "98": 1,
      "99": 1,
      "100": 1,
      "101": 1,
      "102": 1,
      "103": 1,
      "104": 1,
      "105": 1,
      "106": 1,
      "107": 1,
      "108": 1,
      "109": 1,
      "110": 1,
      "111": 1,
      "112": 1,
      "113": 1,
      "114": 1,
      "115": 1,
      "116": 1,
      "117": 1,
      "118": 1,
      "119": 1,
      "120": 1,
      "121": 1,
      "122": 1,
      "123": 1,
      "124": 1,
      "125": 1,
      "126": 1,
      "127": 1,
      "128": 1,
      "129": 1,
      "130": 1,
      "131": 1,
      "132": 1,
      "133": 1,
      "134": 1,
      "135": 1,
      "136": 1,
      "137": 1,
      "138": 1,
      "139": 1
    },
    "branchMap": {
      "0": {
        "type": "branch",
        "line": 9,
        "loc": {
          "start": { "line": 9, "column": 15 },
          "end": { "line": 9, "column": 52 }
        },
        "locations": [
          {
            "start": { "line": 9, "column": 15 },
            "end": { "line": 9, "column": 52 }
          }
        ]
      },
      "1": {
        "type": "branch",
        "line": 31,
        "loc": {
          "start": { "line": 31, "column": 17 },
          "end": { "line": 31, "column": 54 }
        },
        "locations": [
          {
            "start": { "line": 31, "column": 17 },
            "end": { "line": 31, "column": 54 }
          }
        ]
      },
      "2": {
        "type": "branch",
        "line": 78,
        "loc": {
          "start": { "line": 78, "column": 36 },
          "end": { "line": 78, "column": 61 }
        },
        "locations": [
          {
            "start": { "line": 78, "column": 36 },
            "end": { "line": 78, "column": 61 }
          }
        ]
      },
      "3": {
        "type": "branch",
        "line": 82,
        "loc": {
          "start": { "line": 82, "column": 10 },
          "end": { "line": 82, "column": 58 }
        },
        "locations": [
          {
            "start": { "line": 82, "column": 10 },
            "end": { "line": 82, "column": 58 }
          }
        ]
      }
    },
    "b": { "0": [4], "1": [7], "2": [7], "3": [7] },
    "fnMap": {
      "0": {
        "name": "__vite_ssr_import_0__.z.object.acceptTerms.__vite_ssr_import_0__.z.boolean.refine.message",
        "decl": {
          "start": { "line": 78, "column": 36 },
          "end": { "line": 78, "column": 61 }
        },
        "loc": {
          "start": { "line": 78, "column": 36 },
          "end": { "line": 78, "column": 61 }
        },
        "line": 78
      },
      "1": {
        "name": "__vite_ssr_import_0__.z.object.refine.message",
        "decl": {
          "start": { "line": 82, "column": 10 },
          "end": { "line": 82, "column": 58 }
        },
        "loc": {
          "start": { "line": 82, "column": 10 },
          "end": { "line": 82, "column": 58 }
        },
        "line": 82
      },
      "2": {
        "name": "__vite_ssr_import_0__.z.object.postalCode.__vite_ssr_import_0__.z.string.optional.refine.message",
        "decl": {
          "start": { "line": 129, "column": 12 },
          "end": { "line": 129, "column": 45 }
        },
        "loc": {
          "start": { "line": 129, "column": 12 },
          "end": { "line": 129, "column": 45 }
        },
        "line": 129
      },
      "3": {
        "name": "__vite_ssr_import_0__.z.object.postalCode.__vite_ssr_import_0__.z.string.optional.refine.refine.message",
        "decl": {
          "start": { "line": 132, "column": 12 },
          "end": { "line": 132, "column": 64 }
        },
        "loc": {
          "start": { "line": 132, "column": 12 },
          "end": { "line": 132, "column": 64 }
        },
        "line": 132
      }
    },
    "f": { "0": 7, "1": 7, "2": 0, "3": 0 }
  },
  "C:\\Users\\Amoo\\Desktop\\Portfolio\\PrimeMarket\\client\\src\\utils\\productSchema.js": {
    "path": "C:\\Users\\Amoo\\Desktop\\Portfolio\\PrimeMarket\\client\\src\\utils\\productSchema.js",
    "all": false,
    "statementMap": {
      "0": {
        "start": { "line": 1, "column": 0 },
        "end": { "line": 1, "column": 52 }
      },
      "1": {
        "start": { "line": 2, "column": 0 },
        "end": { "line": 2, "column": 0 }
      },
      "2": {
        "start": { "line": 3, "column": 0 },
        "end": { "line": 3, "column": 39 }
      },
      "3": {
        "start": { "line": 4, "column": 0 },
        "end": { "line": 4, "column": 9 }
      },
      "4": {
        "start": { "line": 5, "column": 0 },
        "end": { "line": 5, "column": 13 }
      },
      "5": {
        "start": { "line": 6, "column": 0 },
        "end": { "line": 6, "column": 38 }
      },
      "6": {
        "start": { "line": 7, "column": 0 },
        "end": { "line": 7, "column": 71 }
      },
      "7": {
        "start": { "line": 8, "column": 0 },
        "end": { "line": 8, "column": 0 }
      },
      "8": {
        "start": { "line": 9, "column": 0 },
        "end": { "line": 9, "column": 16 }
      },
      "9": {
        "start": { "line": 10, "column": 0 },
        "end": { "line": 10, "column": 13 }
      },
      "10": {
        "start": { "line": 11, "column": 0 },
        "end": { "line": 11, "column": 45 }
      },
      "11": {
        "start": { "line": 12, "column": 0 },
        "end": { "line": 12, "column": 80 }
      },
      "12": {
        "start": { "line": 13, "column": 0 },
        "end": { "line": 13, "column": 0 }
      },
      "13": {
        "start": { "line": 14, "column": 0 },
        "end": { "line": 14, "column": 22 }
      },
      "14": {
        "start": { "line": 15, "column": 0 },
        "end": { "line": 15, "column": 29 }
      },
      "15": {
        "start": { "line": 16, "column": 0 },
        "end": { "line": 16, "column": 5 }
      },
      "16": {
        "start": { "line": 17, "column": 0 },
        "end": { "line": 17, "column": 15 }
      },
      "17": {
        "start": { "line": 18, "column": 0 },
        "end": { "line": 18, "column": 74 }
      },
      "18": {
        "start": { "line": 19, "column": 0 },
        "end": { "line": 19, "column": 46 }
      },
      "19": {
        "start": { "line": 20, "column": 0 },
        "end": { "line": 20, "column": 4 }
      },
      "20": {
        "start": { "line": 21, "column": 0 },
        "end": { "line": 21, "column": 0 }
      },
      "21": {
        "start": { "line": 22, "column": 0 },
        "end": { "line": 22, "column": 22 }
      },
      "22": {
        "start": { "line": 23, "column": 0 },
        "end": { "line": 23, "column": 31 }
      },
      "23": {
        "start": { "line": 24, "column": 0 },
        "end": { "line": 24, "column": 5 }
      },
      "24": {
        "start": { "line": 25, "column": 0 },
        "end": { "line": 25, "column": 15 }
      },
      "25": {
        "start": { "line": 26, "column": 0 },
        "end": { "line": 26, "column": 74 }
      },
      "26": {
        "start": { "line": 27, "column": 0 },
        "end": { "line": 27, "column": 45 }
      },
      "27": {
        "start": { "line": 28, "column": 0 },
        "end": { "line": 28, "column": 46 }
      },
      "28": {
        "start": { "line": 29, "column": 0 },
        "end": { "line": 29, "column": 4 }
      },
      "29": {
        "start": { "line": 30, "column": 0 },
        "end": { "line": 30, "column": 0 }
      },
      "30": {
        "start": { "line": 31, "column": 0 },
        "end": { "line": 31, "column": 13 }
      },
      "31": {
        "start": { "line": 32, "column": 0 },
        "end": { "line": 32, "column": 13 }
      },
      "32": {
        "start": { "line": 33, "column": 0 },
        "end": { "line": 33, "column": 37 }
      },
      "33": {
        "start": { "line": 34, "column": 0 },
        "end": { "line": 34, "column": 55 }
      },
      "34": {
        "start": { "line": 35, "column": 0 },
        "end": { "line": 35, "column": 0 }
      },
      "35": {
        "start": { "line": 36, "column": 0 },
        "end": { "line": 36, "column": 10 }
      },
      "36": {
        "start": { "line": 37, "column": 0 },
        "end": { "line": 37, "column": 13 }
      },
      "37": {
        "start": { "line": 38, "column": 0 },
        "end": { "line": 38, "column": 63 }
      },
      "38": {
        "start": { "line": 39, "column": 0 },
        "end": { "line": 39, "column": 16 }
      },
      "39": {
        "start": { "line": 40, "column": 0 },
        "end": { "line": 40, "column": 0 }
      },
      "40": {
        "start": { "line": 41, "column": 0 },
        "end": { "line": 41, "column": 8 }
      },
      "41": {
        "start": { "line": 42, "column": 0 },
        "end": { "line": 42, "column": 13 }
      },
      "42": {
        "start": { "line": 43, "column": 0 },
        "end": { "line": 43, "column": 59 }
      },
      "43": {
        "start": { "line": 44, "column": 0 },
        "end": { "line": 44, "column": 16 }
      },
      "44": {
        "start": { "line": 45, "column": 0 },
        "end": { "line": 45, "column": 0 }
      },
      "45": {
        "start": { "line": 46, "column": 0 },
        "end": { "line": 46, "column": 11 }
      },
      "46": {
        "start": { "line": 47, "column": 0 },
        "end": { "line": 47, "column": 16 }
      },
      "47": {
        "start": { "line": 48, "column": 0 },
        "end": { "line": 48, "column": 31 }
      },
      "48": {
        "start": { "line": 49, "column": 0 },
        "end": { "line": 49, "column": 7 }
      },
      "49": {
        "start": { "line": 50, "column": 0 },
        "end": { "line": 50, "column": 17 }
      },
      "50": {
        "start": { "line": 51, "column": 0 },
        "end": { "line": 51, "column": 56 }
      },
      "51": {
        "start": { "line": 52, "column": 0 },
        "end": { "line": 52, "column": 49 }
      },
      "52": {
        "start": { "line": 53, "column": 0 },
        "end": { "line": 53, "column": 5 }
      },
      "53": {
        "start": { "line": 54, "column": 0 },
        "end": { "line": 54, "column": 16 }
      },
      "54": {
        "start": { "line": 55, "column": 0 },
        "end": { "line": 55, "column": 0 }
      },
      "55": {
        "start": { "line": 56, "column": 0 },
        "end": { "line": 56, "column": 15 }
      },
      "56": {
        "start": { "line": 57, "column": 0 },
        "end": { "line": 57, "column": 13 }
      },
      "57": {
        "start": { "line": 58, "column": 0 },
        "end": { "line": 58, "column": 68 }
      },
      "58": {
        "start": { "line": 59, "column": 0 },
        "end": { "line": 59, "column": 16 }
      },
      "59": {
        "start": { "line": 60, "column": 0 },
        "end": { "line": 60, "column": 3 }
      },
      "60": {
        "start": { "line": 61, "column": 0 },
        "end": { "line": 61, "column": 0 }
      },
      "61": {
        "start": { "line": 62, "column": 0 },
        "end": { "line": 62, "column": 29 }
      }
    },
    "s": {
      "0": 1,
      "1": 1,
      "2": 1,
      "3": 1,
      "4": 1,
      "5": 1,
      "6": 1,
      "7": 1,
      "8": 1,
      "9": 1,
      "10": 1,
      "11": 1,
      "12": 1,
      "13": 1,
      "14": 1,
      "15": 1,
      "16": 1,
      "17": 1,
      "18": 1,
      "19": 1,
      "20": 1,
      "21": 1,
      "22": 1,
      "23": 1,
      "24": 1,
      "25": 1,
      "26": 1,
      "27": 1,
      "28": 1,
      "29": 1,
      "30": 1,
      "31": 1,
      "32": 1,
      "33": 1,
      "34": 1,
      "35": 1,
      "36": 1,
      "37": 1,
      "38": 1,
      "39": 1,
      "40": 1,
      "41": 1,
      "42": 1,
      "43": 1,
      "44": 1,
      "45": 1,
      "46": 1,
      "47": 1,
      "48": 1,
      "49": 1,
      "50": 1,
      "51": 1,
      "52": 1,
      "53": 1,
      "54": 1,
      "55": 1,
      "56": 1,
      "57": 1,
      "58": 1,
      "59": 1,
      "60": 1,
      "61": 1
    },
    "branchMap": {
      "0": {
        "type": "branch",
        "line": 15,
        "loc": {
          "start": { "line": 15, "column": 4 },
          "end": { "line": 15, "column": 28 }
        },
        "locations": [
          {
            "start": { "line": 15, "column": 4 },
            "end": { "line": 15, "column": 28 }
          }
        ]
      },
      "1": {
        "type": "branch",
        "line": 23,
        "loc": {
          "start": { "line": 23, "column": 4 },
          "end": { "line": 23, "column": 30 }
        },
        "locations": [
          {
            "start": { "line": 23, "column": 4 },
            "end": { "line": 23, "column": 30 }
          }
        ]
      },
      "2": {
        "type": "branch",
        "line": 48,
        "loc": {
          "start": { "line": 48, "column": 6 },
          "end": { "line": 48, "column": 30 }
        },
        "locations": [
          {
            "start": { "line": 48, "column": 6 },
            "end": { "line": 48, "column": 30 }
          }
        ]
      }
    },
    "b": { "0": [4], "1": [4], "2": [4] },
    "fnMap": {},
    "f": {}
  }
}
